{"C:\\Users\\biagi\\OneDrive\\Documents\\Desktop\\PROJECT-AUTOMOTIVE\\BackEnd\\src\\index.ts": {"path":"C:\\Users\\biagi\\OneDrive\\Documents\\Desktop\\PROJECT-AUTOMOTIVE\\BackEnd\\src\\index.ts","statementMap":{"0":{"start":{"line":1,"column":0},"end":{"line":1,"column":33}},"1":{"start":{"line":2,"column":0},"end":{"line":2,"column":29}},"2":{"start":{"line":3,"column":0},"end":{"line":3,"column":29}},"3":{"start":{"line":4,"column":0},"end":{"line":4,"column":43}},"4":{"start":{"line":5,"column":0},"end":{"line":5,"column":64}},"5":{"start":{"line":6,"column":0},"end":{"line":6,"column":24}},"6":{"start":{"line":7,"column":0},"end":{"line":7,"column":32}},"7":{"start":{"line":8,"column":0},"end":{"line":8,"column":38}},"8":{"start":{"line":9,"column":0},"end":{"line":9,"column":42}},"9":{"start":{"line":10,"column":0},"end":{"line":10,"column":35}},"10":{"start":{"line":11,"column":0},"end":{"line":11,"column":50}},"11":{"start":{"line":12,"column":0},"end":{"line":12,"column":26}},"12":{"start":{"line":13,"column":0},"end":{"line":13,"column":78}},"13":{"start":{"line":14,"column":0},"end":{"line":14,"column":89}},"14":{"start":{"line":15,"column":0},"end":{"line":15,"column":34}},"15":{"start":{"line":19,"column":0},"end":{"line":19,"column":63}},"16":{"start":{"line":21,"column":13},"end":{"line":21,"column":38}},"17":{"start":{"line":24,"column":13},"end":{"line":24,"column":43}},"18":{"start":{"line":27,"column":13},"end":{"line":27,"column":68}},"19":{"start":{"line":30,"column":13},"end":{"line":30,"column":113}},"20":{"start":{"line":31,"column":27},"end":{"line":31,"column":57}},"21":{"start":{"line":33,"column":27},"end":{"line":33,"column":53}},"22":{"start":{"line":36,"column":0},"end":{"line":36,"column":38}},"23":{"start":{"line":38,"column":0},"end":{"line":49,"column":null}},"24":{"start":{"line":42,"column":8},"end":{"line":42,"column":39}},"25":{"start":{"line":45,"column":8},"end":{"line":45,"column":65}},"26":{"start":{"line":46,"column":8},"end":{"line":46,"column":25}},"27":{"start":{"line":51,"column":13},"end":{"line":51,"column":62}},"28":{"start":{"line":52,"column":0},"end":{"line":54,"column":3}},"29":{"start":{"line":53,"column":4},"end":{"line":53,"column":70}},"30":{"start":{"line":57,"column":0},"end":{"line":57,"column":16}},"31":{"start":{"line":60,"column":0},"end":{"line":60,"column":48}},"32":{"start":{"line":61,"column":0},"end":{"line":61,"column":24}},"33":{"start":{"line":64,"column":0},"end":{"line":72,"column":3}},"34":{"start":{"line":65,"column":4},"end":{"line":65,"column":51}},"35":{"start":{"line":66,"column":4},"end":{"line":69,"column":6}},"36":{"start":{"line":70,"column":4},"end":{"line":70,"column":52}},"37":{"start":{"line":71,"column":4},"end":{"line":71,"column":11}},"38":{"start":{"line":75,"column":0},"end":{"line":75,"column":68}},"39":{"start":{"line":78,"column":32},"end":{"line":78,"column":62}},"40":{"start":{"line":79,"column":0},"end":{"line":97,"column":null}},"41":{"start":{"line":80,"column":4},"end":{"line":80,"column":49}},"42":{"start":{"line":81,"column":4},"end":{"line":81,"column":50}},"43":{"start":{"line":83,"column":4},"end":{"line":96,"column":6}},"44":{"start":{"line":100,"column":0},"end":{"line":100,"column":20}},"45":{"start":{"line":103,"column":13},"end":{"line":108,"column":3}},"46":{"start":{"line":110,"column":0},"end":{"line":124,"column":3}},"47":{"start":{"line":111,"column":4},"end":{"line":111,"column":74}},"48":{"start":{"line":115,"column":10},"end":{"line":115,"column":90}},"49":{"start":{"line":116,"column":4},"end":{"line":116,"column":26}},"50":{"start":{"line":118,"column":10},"end":{"line":118,"column":null}},"51":{"start":{"line":119,"column":4},"end":{"line":119,"column":null}},"52":{"start":{"line":121,"column":4},"end":{"line":123,"column":7}},"53":{"start":{"line":122,"column":8},"end":{"line":122,"column":79}},"54":{"start":{"line":127,"column":18},"end":{"line":127,"column":50}},"55":{"start":{"line":130,"column":13},"end":{"line":134,"column":3}}},"fnMap":{"0":{"name":"(anonymous_20)","decl":{"start":{"line":41,"column":10},"end":{"line":41,"column":null}},"loc":{"start":{"line":41,"column":10},"end":{"line":43,"column":5}}},"1":{"name":"(anonymous_21)","decl":{"start":{"line":44,"column":11},"end":{"line":44,"column":12}},"loc":{"start":{"line":44,"column":15},"end":{"line":47,"column":5}}},"2":{"name":"(anonymous_22)","decl":{"start":{"line":52,"column":42},"end":{"line":52,"column":null}},"loc":{"start":{"line":52,"column":42},"end":{"line":54,"column":1}}},"3":{"name":"(anonymous_23)","decl":{"start":{"line":64,"column":8},"end":{"line":64,"column":18}},"loc":{"start":{"line":64,"column":32},"end":{"line":72,"column":1}}},"4":{"name":"(anonymous_24)","decl":{"start":{"line":110,"column":26},"end":{"line":110,"column":42}},"loc":{"start":{"line":110,"column":59},"end":{"line":124,"column":2}}},"5":{"name":"(anonymous_27)","decl":{"start":{"line":121,"column":28},"end":{"line":121,"column":null}},"loc":{"start":{"line":121,"column":28},"end":{"line":123,"column":5}}}},"branchMap":{"0":{"loc":{"start":{"line":30,"column":29},"end":{"line":30,"column":112}},"type":"cond-expr","locations":[{"start":{"line":30,"column":47},"end":{"line":30,"column":80}},{"start":{"line":30,"column":84},"end":{"line":30,"column":112}}]},"1":{"loc":{"start":{"line":79,"column":0},"end":{"line":97,"column":null}},"type":"if","locations":[{"start":{"line":79,"column":0},"end":{"line":97,"column":null}}]}},"s":{"0":1,"1":1,"2":1,"3":1,"4":1,"5":1,"6":1,"7":1,"8":1,"9":1,"10":1,"11":1,"12":1,"13":1,"14":1,"15":1,"16":1,"17":1,"18":1,"19":1,"20":1,"21":1,"22":1,"23":1,"24":1,"25":0,"26":0,"27":1,"28":1,"29":1,"30":1,"31":1,"32":1,"33":1,"34":3,"35":3,"36":3,"37":3,"38":1,"39":1,"40":1,"41":1,"42":1,"43":1,"44":1,"45":1,"46":1,"47":0,"48":0,"49":0,"50":0,"51":0,"52":0,"53":0,"54":1,"55":1},"f":{"0":1,"1":0,"2":1,"3":3,"4":0,"5":0},"b":{"0":[1,0],"1":[1]}}
,"C:\\Users\\biagi\\OneDrive\\Documents\\Desktop\\PROJECT-AUTOMOTIVE\\BackEnd\\src\\events\\client-listeners\\owner-response-listener.ts": {"path":"C:\\Users\\biagi\\OneDrive\\Documents\\Desktop\\PROJECT-AUTOMOTIVE\\BackEnd\\src\\events\\client-listeners\\owner-response-listener.ts","statementMap":{"0":{"start":{"line":4,"column":0},"end":{"line":4,"column":56}},"1":{"start":{"line":6,"column":0},"end":{"line":6,"column":29}},"2":{"start":{"line":14,"column":1},"end":{"line":14,"column":72}},"3":{"start":{"line":14,"column":44},"end":{"line":14,"column":58}},"4":{"start":{"line":16,"column":8},"end":{"line":16,"column":null}},"5":{"start":{"line":19,"column":11},"end":{"line":33,"column":null}},"6":{"start":{"line":19,"column":4},"end":{"line":19,"column":11}},"7":{"start":{"line":20,"column":8},"end":{"line":32,"column":null}},"8":{"start":{"line":20,"column":46},"end":{"line":32,"column":10}},"9":{"start":{"line":23,"column":24},"end":{"line":23,"column":null}},"10":{"start":{"line":23,"column":16},"end":{"line":23,"column":null}},"11":{"start":{"line":26,"column":12},"end":{"line":26,"column":null}},"12":{"start":{"line":29,"column":12},"end":{"line":29,"column":null}},"13":{"start":{"line":31,"column":12},"end":{"line":31,"column":null}},"14":{"start":{"line":34,"column":0},"end":{"line":34,"column":null}},"15":{"start":{"line":14,"column":14},"end":{"line":14,"column":35}}},"fnMap":{"0":{"name":"(anonymous_19)","decl":{"start":{"line":14,"column":1},"end":{"line":14,"column":14}},"loc":{"start":{"line":14,"column":1},"end":{"line":34,"column":null}}},"1":{"name":"OwnerResponseListener","decl":{"start":{"line":15,"column":4},"end":{"line":15,"column":16}},"loc":{"start":{"line":15,"column":30},"end":{"line":17,"column":5}}},"2":{"name":"(anonymous_21)","decl":{"start":{"line":19,"column":4},"end":{"line":19,"column":11}},"loc":{"start":{"line":19,"column":4},"end":{"line":33,"column":5}}},"3":{"name":"(anonymous_22)","decl":{"start":{"line":20,"column":21},"end":{"line":20,"column":28}},"loc":{"start":{"line":20,"column":46},"end":{"line":32,"column":10}}},"4":{"name":"(anonymous_23)","decl":{"start":{"line":20,"column":46},"end":{"line":20,"column":null}},"loc":{"start":{"line":20,"column":46},"end":{"line":32,"column":10}}}},"branchMap":{"0":{"loc":{"start":{"line":16,"column":8},"end":{"line":16,"column":null}},"type":"binary-expr","locations":[{"start":{"line":16,"column":8},"end":{"line":16,"column":39}},{"start":{"line":16,"column":39},"end":{"line":16,"column":null}}]},"1":{"loc":{"start":{"line":23,"column":24},"end":{"line":23,"column":null}},"type":"switch","locations":[{"start":{"line":23,"column":24},"end":{"line":23,"column":null}}]},"2":{"loc":{"start":{"line":31,"column":19},"end":{"line":31,"column":67}},"type":"cond-expr","locations":[{"start":{"line":31,"column":31},"end":{"line":31,"column":48}},{"start":{"line":31,"column":51},"end":{"line":31,"column":67}}]}},"s":{"0":1,"1":1,"2":1,"3":1,"4":0,"5":1,"6":0,"7":0,"8":0,"9":0,"10":0,"11":0,"12":0,"13":0,"14":1,"15":1},"f":{"0":1,"1":0,"2":0,"3":0,"4":0},"b":{"0":[0,0],"1":[0],"2":[0,0]}}
,"C:\\Users\\biagi\\OneDrive\\Documents\\Desktop\\PROJECT-AUTOMOTIVE\\BackEnd\\src\\events\\client-listeners\\server-joined.ts": {"path":"C:\\Users\\biagi\\OneDrive\\Documents\\Desktop\\PROJECT-AUTOMOTIVE\\BackEnd\\src\\events\\client-listeners\\server-joined.ts","statementMap":{"0":{"start":{"line":2,"column":0},"end":{"line":2,"column":26}},"1":{"start":{"line":9,"column":0},"end":{"line":9,"column":73}},"2":{"start":{"line":21,"column":0},"end":{"line":21,"column":74}},"3":{"start":{"line":21,"column":42},"end":{"line":21,"column":64}},"4":{"start":{"line":23,"column":8},"end":{"line":23,"column":null}},"5":{"start":{"line":26,"column":11},"end":{"line":44,"column":null}},"6":{"start":{"line":26,"column":4},"end":{"line":26,"column":11}},"7":{"start":{"line":27,"column":8},"end":{"line":43,"column":11}},"8":{"start":{"line":27,"column":46},"end":{"line":43,"column":10}},"9":{"start":{"line":28,"column":12},"end":{"line":28,"column":46}},"10":{"start":{"line":30,"column":12},"end":{"line":30,"column":88}},"11":{"start":{"line":34,"column":12},"end":{"line":40,"column":15}},"12":{"start":{"line":34,"column":41},"end":{"line":40,"column":14}},"13":{"start":{"line":35,"column":16},"end":{"line":37,"column":18}},"14":{"start":{"line":39,"column":16},"end":{"line":39,"column":57}},"15":{"start":{"line":42,"column":12},"end":{"line":42,"column":37}},"16":{"start":{"line":55,"column":18},"end":{"line":64,"column":null}},"17":{"start":{"line":56,"column":8},"end":{"line":63,"column":null}},"18":{"start":{"line":60,"column":12},"end":{"line":62,"column":14}},"19":{"start":{"line":65,"column":0},"end":{"line":65,"column":null}},"20":{"start":{"line":21,"column":13},"end":{"line":21,"column":33}}},"fnMap":{"0":{"name":"(anonymous_20)","decl":{"start":{"line":21,"column":0},"end":{"line":21,"column":13}},"loc":{"start":{"line":21,"column":0},"end":{"line":65,"column":null}}},"1":{"name":"ServerJoinedListener","decl":{"start":{"line":22,"column":4},"end":{"line":22,"column":16}},"loc":{"start":{"line":22,"column":48},"end":{"line":24,"column":5}}},"2":{"name":"(anonymous_22)","decl":{"start":{"line":26,"column":4},"end":{"line":26,"column":11}},"loc":{"start":{"line":26,"column":4},"end":{"line":44,"column":5}}},"3":{"name":"(anonymous_23)","decl":{"start":{"line":27,"column":21},"end":{"line":27,"column":28}},"loc":{"start":{"line":27,"column":46},"end":{"line":43,"column":10}}},"4":{"name":"(anonymous_24)","decl":{"start":{"line":27,"column":46},"end":{"line":27,"column":null}},"loc":{"start":{"line":27,"column":46},"end":{"line":43,"column":10}}},"5":{"name":"(anonymous_26)","decl":{"start":{"line":34,"column":41},"end":{"line":34,"column":null}},"loc":{"start":{"line":34,"column":41},"end":{"line":40,"column":14}}},"6":{"name":"(anonymous_29)","decl":{"start":{"line":55,"column":4},"end":{"line":55,"column":18}},"loc":{"start":{"line":55,"column":45},"end":{"line":64,"column":null}}}},"branchMap":{"0":{"loc":{"start":{"line":23,"column":8},"end":{"line":23,"column":null}},"type":"binary-expr","locations":[{"start":{"line":23,"column":8},"end":{"line":23,"column":48}},{"start":{"line":23,"column":48},"end":{"line":23,"column":null}}]}},"s":{"0":1,"1":1,"2":1,"3":1,"4":0,"5":1,"6":0,"7":0,"8":0,"9":0,"10":0,"11":0,"12":0,"13":0,"14":0,"15":0,"16":1,"17":0,"18":0,"19":1,"20":1},"f":{"0":1,"1":0,"2":0,"3":0,"4":0,"5":0,"6":0},"b":{"0":[0,0]}}
,"C:\\Users\\biagi\\OneDrive\\Documents\\Desktop\\PROJECT-AUTOMOTIVE\\BackEnd\\src\\events\\client-listeners\\base\\client-listener-notifier.ts": {"path":"C:\\Users\\biagi\\OneDrive\\Documents\\Desktop\\PROJECT-AUTOMOTIVE\\BackEnd\\src\\events\\client-listeners\\base\\client-listener-notifier.ts","statementMap":{"0":{"start":{"line":2,"column":0},"end":{"line":2,"column":51}},"1":{"start":{"line":9,"column":0},"end":{"line":9,"column":73}},"2":{"start":{"line":9,"column":56},"end":{"line":9,"column":70}},"3":{"start":{"line":16,"column":8},"end":{"line":16,"column":null}},"4":{"start":{"line":18,"column":8},"end":{"line":18,"column":33}},"5":{"start":{"line":20,"column":0},"end":{"line":20,"column":null}},"6":{"start":{"line":9,"column":22},"end":{"line":9,"column":44}}},"fnMap":{"0":{"name":"(anonymous_6)","decl":{"start":{"line":9,"column":0},"end":{"line":9,"column":22}},"loc":{"start":{"line":9,"column":0},"end":{"line":20,"column":null}}},"1":{"name":"ClientListenerNotifier","decl":{"start":{"line":15,"column":4},"end":{"line":15,"column":26}},"loc":{"start":{"line":15,"column":79},"end":{"line":19,"column":5}}}},"branchMap":{"0":{"loc":{"start":{"line":16,"column":8},"end":{"line":16,"column":null}},"type":"binary-expr","locations":[{"start":{"line":16,"column":8},"end":{"line":16,"column":34}},{"start":{"line":16,"column":34},"end":{"line":16,"column":null}}]}},"s":{"0":1,"1":1,"2":1,"3":0,"4":0,"5":1,"6":1},"f":{"0":1,"1":0},"b":{"0":[0,0]}}
,"C:\\Users\\biagi\\OneDrive\\Documents\\Desktop\\PROJECT-AUTOMOTIVE\\BackEnd\\src\\events\\client-listeners\\base\\client-listener.ts": {"path":"C:\\Users\\biagi\\OneDrive\\Documents\\Desktop\\PROJECT-AUTOMOTIVE\\BackEnd\\src\\events\\client-listeners\\base\\client-listener.ts","statementMap":{"0":{"start":{"line":7,"column":0},"end":{"line":7,"column":22}},"1":{"start":{"line":12,"column":8},"end":{"line":12,"column":31}},"2":{"start":{"line":13,"column":8},"end":{"line":13,"column":35}},"3":{"start":{"line":16,"column":11},"end":{"line":18,"column":null}},"4":{"start":{"line":17,"column":8},"end":{"line":17,"column":48}},"5":{"start":{"line":20,"column":11},"end":{"line":22,"column":null}},"6":{"start":{"line":21,"column":8},"end":{"line":21,"column":55}},"7":{"start":{"line":23,"column":0},"end":{"line":23,"column":null}},"8":{"start":{"line":7,"column":22},"end":{"line":7,"column":36}}},"fnMap":{"0":{"name":"(anonymous_0)","decl":{"start":{"line":7,"column":0},"end":{"line":7,"column":22}},"loc":{"start":{"line":7,"column":0},"end":{"line":23,"column":null}}},"1":{"name":"ClientListener","decl":{"start":{"line":11,"column":4},"end":{"line":11,"column":26}},"loc":{"start":{"line":11,"column":61},"end":{"line":14,"column":5}}},"2":{"name":"(anonymous_2)","decl":{"start":{"line":16,"column":4},"end":{"line":16,"column":11}},"loc":{"start":{"line":16,"column":58},"end":{"line":18,"column":5}}},"3":{"name":"(anonymous_3)","decl":{"start":{"line":20,"column":4},"end":{"line":20,"column":11}},"loc":{"start":{"line":20,"column":4},"end":{"line":22,"column":5}}}},"branchMap":{},"s":{"0":1,"1":0,"2":0,"3":1,"4":0,"5":1,"6":0,"7":1,"8":1},"f":{"0":1,"1":0,"2":0,"3":0},"b":{}}
,"C:\\Users\\biagi\\OneDrive\\Documents\\Desktop\\PROJECT-AUTOMOTIVE\\BackEnd\\src\\events\\emitters\\enjoyer-request-emitter.ts": {"path":"C:\\Users\\biagi\\OneDrive\\Documents\\Desktop\\PROJECT-AUTOMOTIVE\\BackEnd\\src\\events\\emitters\\enjoyer-request-emitter.ts","statementMap":{"0":{"start":{"line":3,"column":0},"end":{"line":3,"column":50}},"1":{"start":{"line":13,"column":0},"end":{"line":13,"column":70}},"2":{"start":{"line":13,"column":43},"end":{"line":13,"column":54}},"3":{"start":{"line":19,"column":34},"end":{"line":19,"column":51}},"4":{"start":{"line":21,"column":8},"end":{"line":21,"column":null}},"5":{"start":{"line":23,"column":0},"end":{"line":23,"column":null}},"6":{"start":{"line":13,"column":13},"end":{"line":13,"column":34}}},"fnMap":{"0":{"name":"(anonymous_6)","decl":{"start":{"line":13,"column":0},"end":{"line":13,"column":13}},"loc":{"start":{"line":13,"column":0},"end":{"line":23,"column":null}}},"1":{"name":"EnjoyerRequestEmitter","decl":{"start":{"line":18,"column":4},"end":{"line":18,"column":23}},"loc":{"start":{"line":18,"column":64},"end":{"line":22,"column":5}}}},"branchMap":{"0":{"loc":{"start":{"line":21,"column":8},"end":{"line":21,"column":null}},"type":"binary-expr","locations":[{"start":{"line":21,"column":8},"end":{"line":21,"column":54}},{"start":{"line":21,"column":54},"end":{"line":21,"column":null}}]}},"s":{"0":1,"1":1,"2":1,"3":0,"4":0,"5":1,"6":1},"f":{"0":1,"1":0},"b":{"0":[0,0]}}
,"C:\\Users\\biagi\\OneDrive\\Documents\\Desktop\\PROJECT-AUTOMOTIVE\\BackEnd\\src\\events\\emitters\\base\\emitter.ts": {"path":"C:\\Users\\biagi\\OneDrive\\Documents\\Desktop\\PROJECT-AUTOMOTIVE\\BackEnd\\src\\events\\emitters\\base\\emitter.ts","statementMap":{"0":{"start":{"line":8,"column":0},"end":{"line":8,"column":22}},"1":{"start":{"line":13,"column":8},"end":{"line":13,"column":33}},"2":{"start":{"line":14,"column":8},"end":{"line":14,"column":35}},"3":{"start":{"line":17,"column":11},"end":{"line":19,"column":null}},"4":{"start":{"line":18,"column":8},"end":{"line":18,"column":49}},"5":{"start":{"line":20,"column":0},"end":{"line":20,"column":null}},"6":{"start":{"line":8,"column":22},"end":{"line":8,"column":29}}},"fnMap":{"0":{"name":"(anonymous_0)","decl":{"start":{"line":8,"column":0},"end":{"line":8,"column":22}},"loc":{"start":{"line":8,"column":0},"end":{"line":20,"column":null}}},"1":{"name":"Emitter","decl":{"start":{"line":12,"column":4},"end":{"line":12,"column":26}},"loc":{"start":{"line":12,"column":61},"end":{"line":15,"column":5}}},"2":{"name":"(anonymous_2)","decl":{"start":{"line":17,"column":4},"end":{"line":17,"column":11}},"loc":{"start":{"line":17,"column":24},"end":{"line":19,"column":5}}}},"branchMap":{},"s":{"0":1,"1":0,"2":0,"3":1,"4":0,"5":1,"6":1},"f":{"0":1,"1":0,"2":0},"b":{}}
,"C:\\Users\\biagi\\OneDrive\\Documents\\Desktop\\PROJECT-AUTOMOTIVE\\BackEnd\\src\\events\\emitters\\base\\room-emitter.ts": {"path":"C:\\Users\\biagi\\OneDrive\\Documents\\Desktop\\PROJECT-AUTOMOTIVE\\BackEnd\\src\\events\\emitters\\base\\room-emitter.ts","statementMap":{"0":{"start":{"line":3,"column":0},"end":{"line":3,"column":36}},"1":{"start":{"line":9,"column":0},"end":{"line":9,"column":46}},"2":{"start":{"line":9,"column":36},"end":{"line":9,"column":43}},"3":{"start":{"line":16,"column":8},"end":{"line":16,"column":null}},"4":{"start":{"line":18,"column":8},"end":{"line":18,"column":33}},"5":{"start":{"line":25,"column":11},"end":{"line":27,"column":null}},"6":{"start":{"line":26,"column":8},"end":{"line":26,"column":67}},"7":{"start":{"line":28,"column":0},"end":{"line":28,"column":null}},"8":{"start":{"line":9,"column":13},"end":{"line":9,"column":24}}},"fnMap":{"0":{"name":"(anonymous_6)","decl":{"start":{"line":9,"column":0},"end":{"line":9,"column":13}},"loc":{"start":{"line":9,"column":0},"end":{"line":28,"column":null}}},"1":{"name":"RoomEmitter","decl":{"start":{"line":15,"column":4},"end":{"line":15,"column":16}},"loc":{"start":{"line":15,"column":69},"end":{"line":19,"column":5}}},"2":{"name":"(anonymous_8)","decl":{"start":{"line":25,"column":4},"end":{"line":25,"column":11}},"loc":{"start":{"line":25,"column":23},"end":{"line":27,"column":5}}}},"branchMap":{"0":{"loc":{"start":{"line":16,"column":8},"end":{"line":16,"column":null}},"type":"binary-expr","locations":[{"start":{"line":16,"column":8},"end":{"line":16,"column":34}},{"start":{"line":16,"column":34},"end":{"line":16,"column":null}}]}},"s":{"0":1,"1":1,"2":1,"3":0,"4":0,"5":1,"6":0,"7":1,"8":1},"f":{"0":1,"1":0,"2":0},"b":{"0":[0,0]}}
,"C:\\Users\\biagi\\OneDrive\\Documents\\Desktop\\PROJECT-AUTOMOTIVE\\BackEnd\\src\\model\\ban-list\\ban-list-pool.ts": {"path":"C:\\Users\\biagi\\OneDrive\\Documents\\Desktop\\PROJECT-AUTOMOTIVE\\BackEnd\\src\\model\\ban-list\\ban-list-pool.ts","statementMap":{"0":{"start":{"line":2,"column":0},"end":{"line":2,"column":28}},"1":{"start":{"line":3,"column":0},"end":{"line":3,"column":61}},"2":{"start":{"line":16,"column":0},"end":{"line":16,"column":13}},"3":{"start":{"line":18,"column":17},"end":{"line":37,"column":null}},"4":{"start":{"line":21,"column":20},"end":{"line":21,"column":null}},"5":{"start":{"line":21,"column":12},"end":{"line":21,"column":null}},"6":{"start":{"line":24,"column":8},"end":{"line":27,"column":null}},"7":{"start":{"line":30,"column":8},"end":{"line":30,"column":null}},"8":{"start":{"line":33,"column":8},"end":{"line":33,"column":null}},"9":{"start":{"line":36,"column":8},"end":{"line":36,"column":null}},"10":{"start":{"line":39,"column":25},"end":{"line":51,"column":null}},"11":{"start":{"line":41,"column":16},"end":{"line":43,"column":14}},"12":{"start":{"line":45,"column":16},"end":{"line":45,"column":null}},"13":{"start":{"line":47,"column":16},"end":{"line":47,"column":25}},"14":{"start":{"line":47,"column":32},"end":{"line":47,"column":null}},"15":{"start":{"line":50,"column":8},"end":{"line":50,"column":null}},"16":{"start":{"line":53,"column":17},"end":{"line":61,"column":null}},"17":{"start":{"line":54,"column":20},"end":{"line":54,"column":null}},"18":{"start":{"line":54,"column":12},"end":{"line":54,"column":null}},"19":{"start":{"line":56,"column":20},"end":{"line":56,"column":null}},"20":{"start":{"line":56,"column":12},"end":{"line":56,"column":null}},"21":{"start":{"line":58,"column":8},"end":{"line":58,"column":null}},"22":{"start":{"line":60,"column":8},"end":{"line":60,"column":null}},"23":{"start":{"line":62,"column":0},"end":{"line":62,"column":null}},"24":{"start":{"line":16,"column":13},"end":{"line":16,"column":24}}},"fnMap":{"0":{"name":"(anonymous_13)","decl":{"start":{"line":16,"column":0},"end":{"line":16,"column":13}},"loc":{"start":{"line":16,"column":0},"end":{"line":62,"column":null}}},"1":{"name":"(anonymous_15)","decl":{"start":{"line":18,"column":4},"end":{"line":18,"column":17}},"loc":{"start":{"line":18,"column":47},"end":{"line":37,"column":null}}},"2":{"name":"(anonymous_18)","decl":{"start":{"line":39,"column":4},"end":{"line":39,"column":25}},"loc":{"start":{"line":39,"column":55},"end":{"line":51,"column":null}}},"3":{"name":"(anonymous_21)","decl":{"start":{"line":53,"column":4},"end":{"line":53,"column":17}},"loc":{"start":{"line":53,"column":42},"end":{"line":61,"column":null}}}},"branchMap":{"0":{"loc":{"start":{"line":21,"column":20},"end":{"line":21,"column":null}},"type":"switch","locations":[{"start":{"line":21,"column":20},"end":{"line":21,"column":null}}]},"1":{"loc":{"start":{"line":50,"column":8},"end":{"line":50,"column":null}},"type":"switch","locations":[{"start":{"line":50,"column":8},"end":{"line":50,"column":null}}]},"2":{"loc":{"start":{"line":47,"column":16},"end":{"line":47,"column":25}},"type":"if","locations":[{"start":{"line":47,"column":16},"end":{"line":47,"column":25}}]},"3":{"loc":{"start":{"line":54,"column":20},"end":{"line":54,"column":null}},"type":"switch","locations":[{"start":{"line":54,"column":20},"end":{"line":54,"column":null}}]}},"s":{"0":0,"1":0,"2":0,"3":0,"4":0,"5":0,"6":0,"7":0,"8":0,"9":0,"10":0,"11":0,"12":0,"13":0,"14":0,"15":0,"16":0,"17":0,"18":0,"19":0,"20":0,"21":0,"22":0,"23":0,"24":0},"f":{"0":0,"1":0,"2":0,"3":0},"b":{"0":[0],"1":[0],"2":[0],"3":[0]}}
,"C:\\Users\\biagi\\OneDrive\\Documents\\Desktop\\PROJECT-AUTOMOTIVE\\BackEnd\\src\\model\\database\\document.ts": {"path":"C:\\Users\\biagi\\OneDrive\\Documents\\Desktop\\PROJECT-AUTOMOTIVE\\BackEnd\\src\\model\\database\\document.ts","statementMap":{"0":{"start":{"line":1,"column":0},"end":{"line":1,"column":54}},"1":{"start":{"line":3,"column":0},"end":{"line":3,"column":null}},"2":{"start":{"line":4,"column":4},"end":{"line":4,"column":null}},"3":{"start":{"line":5,"column":4},"end":{"line":5,"column":null}},"4":{"start":{"line":22,"column":13},"end":{"line":41,"column":null}}},"fnMap":{"0":{"name":"(anonymous_0)","decl":{"start":{"line":3,"column":0},"end":{"line":3,"column":12}},"loc":{"start":{"line":3,"column":20},"end":{"line":7,"column":1}}}},"branchMap":{"0":{"loc":{"start":{"line":3,"column":12},"end":{"line":3,"column":null}},"type":"binary-expr","locations":[{"start":{"line":3,"column":12},"end":{"line":3,"column":20}},{"start":{"line":3,"column":12},"end":{"line":3,"column":null}}]}},"s":{"0":1,"1":1,"2":1,"3":1,"4":1},"f":{"0":1},"b":{"0":[1,1]}}
,"C:\\Users\\biagi\\OneDrive\\Documents\\Desktop\\PROJECT-AUTOMOTIVE\\BackEnd\\src\\model\\database\\legalInfos.ts": {"path":"C:\\Users\\biagi\\OneDrive\\Documents\\Desktop\\PROJECT-AUTOMOTIVE\\BackEnd\\src\\model\\database\\legalInfos.ts","statementMap":{"0":{"start":{"line":1,"column":0},"end":{"line":1,"column":64}},"1":{"start":{"line":22,"column":13},"end":{"line":30,"column":null}}},"fnMap":{},"branchMap":{},"s":{"0":1,"1":1},"f":{},"b":{}}
,"C:\\Users\\biagi\\OneDrive\\Documents\\Desktop\\PROJECT-AUTOMOTIVE\\BackEnd\\src\\model\\database\\my-vehicle.ts": {"path":"C:\\Users\\biagi\\OneDrive\\Documents\\Desktop\\PROJECT-AUTOMOTIVE\\BackEnd\\src\\model\\database\\my-vehicle.ts","statementMap":{"0":{"start":{"line":1,"column":0},"end":{"line":1,"column":37}},"1":{"start":{"line":2,"column":0},"end":{"line":2,"column":93}},"2":{"start":{"line":4,"column":0},"end":{"line":4,"column":29}},"3":{"start":{"line":5,"column":0},"end":{"line":5,"column":86}},"4":{"start":{"line":6,"column":0},"end":{"line":6,"column":82}},"5":{"start":{"line":7,"column":0},"end":{"line":7,"column":52}},"6":{"start":{"line":8,"column":0},"end":{"line":8,"column":null}},"7":{"start":{"line":16,"column":0},"end":{"line":16,"column":28}},"8":{"start":{"line":24,"column":0},"end":{"line":24,"column":null}},"9":{"start":{"line":25,"column":4},"end":{"line":25,"column":null}},"10":{"start":{"line":29,"column":0},"end":{"line":29,"column":null}},"11":{"start":{"line":30,"column":4},"end":{"line":30,"column":null}},"12":{"start":{"line":31,"column":4},"end":{"line":31,"column":null}},"13":{"start":{"line":101,"column":13},"end":{"line":136,"column":null}},"14":{"start":{"line":127,"column":27},"end":{"line":127,"column":null}},"15":{"start":{"line":142,"column":0},"end":{"line":158,"column":2}},"16":{"start":{"line":143,"column":25},"end":{"line":147,"column":null}},"17":{"start":{"line":146,"column":12},"end":{"line":146,"column":null}},"18":{"start":{"line":143,"column":10},"end":{"line":147,"column":null}},"19":{"start":{"line":149,"column":20},"end":{"line":153,"column":null}},"20":{"start":{"line":152,"column":12},"end":{"line":152,"column":null}},"21":{"start":{"line":149,"column":10},"end":{"line":153,"column":null}},"22":{"start":{"line":155,"column":4},"end":{"line":155,"column":21}},"23":{"start":{"line":156,"column":4},"end":{"line":156,"column":28}},"24":{"start":{"line":157,"column":4},"end":{"line":157,"column":23}},"25":{"start":{"line":160,"column":0},"end":{"line":168,"column":2}},"26":{"start":{"line":161,"column":21},"end":{"line":165,"column":null}},"27":{"start":{"line":164,"column":12},"end":{"line":164,"column":null}},"28":{"start":{"line":161,"column":10},"end":{"line":165,"column":null}},"29":{"start":{"line":167,"column":4},"end":{"line":167,"column":38}},"30":{"start":{"line":170,"column":13},"end":{"line":170,"column":118}},"31":{"start":{"line":173,"column":19},"end":{"line":175,"column":null}},"32":{"start":{"line":174,"column":8},"end":{"line":174,"column":null}},"33":{"start":{"line":173,"column":10},"end":{"line":175,"column":null}},"34":{"start":{"line":177,"column":4},"end":{"line":179,"column":34}},"35":{"start":{"line":172,"column":0},"end":{"line":172,"column":22}},"36":{"start":{"line":183,"column":10},"end":{"line":183,"column":67}},"37":{"start":{"line":184,"column":4},"end":{"line":184,"column":null}},"38":{"start":{"line":184,"column":38},"end":{"line":184,"column":95}},"39":{"start":{"line":185,"column":4},"end":{"line":185,"column":null}},"40":{"start":{"line":182,"column":0},"end":{"line":182,"column":22}},"41":{"start":{"line":191,"column":18},"end":{"line":191,"column":null}},"42":{"start":{"line":191,"column":8},"end":{"line":191,"column":null}},"43":{"start":{"line":193,"column":12},"end":{"line":193,"column":null}},"44":{"start":{"line":196,"column":8},"end":{"line":196,"column":null}},"45":{"start":{"line":199,"column":43},"end":{"line":201,"column":null}},"46":{"start":{"line":200,"column":8},"end":{"line":200,"column":null}},"47":{"start":{"line":199,"column":10},"end":{"line":201,"column":null}},"48":{"start":{"line":203,"column":4},"end":{"line":205,"column":28}},"49":{"start":{"line":188,"column":0},"end":{"line":188,"column":22}},"50":{"start":{"line":209,"column":8},"end":{"line":209,"column":null}},"51":{"start":{"line":211,"column":19},"end":{"line":211,"column":null}},"52":{"start":{"line":211,"column":8},"end":{"line":211,"column":null}},"53":{"start":{"line":213,"column":8},"end":{"line":213,"column":null}},"54":{"start":{"line":213,"column":43},"end":{"line":213,"column":87}},"55":{"start":{"line":216,"column":8},"end":{"line":216,"column":null}},"56":{"start":{"line":219,"column":4},"end":{"line":221,"column":null}},"57":{"start":{"line":208,"column":0},"end":{"line":208,"column":22}},"58":{"start":{"line":229,"column":18},"end":{"line":229,"column":44}},"59":{"start":{"line":229,"column":8},"end":{"line":229,"column":44}},"60":{"start":{"line":230,"column":8},"end":{"line":230,"column":44}},"61":{"start":{"line":232,"column":8},"end":{"line":232,"column":35}},"62":{"start":{"line":234,"column":4},"end":{"line":234,"column":29}},"63":{"start":{"line":226,"column":0},"end":{"line":226,"column":22}},"64":{"start":{"line":238,"column":32},"end":{"line":245,"column":2}},"65":{"start":{"line":240,"column":28},"end":{"line":245,"column":2}},"66":{"start":{"line":242,"column":42},"end":{"line":242,"column":null}},"67":{"start":{"line":242,"column":8},"end":{"line":242,"column":null}},"68":{"start":{"line":243,"column":4},"end":{"line":243,"column":31}},"69":{"start":{"line":244,"column":4},"end":{"line":244,"column":27}},"70":{"start":{"line":238,"column":13},"end":{"line":238,"column":32}},"71":{"start":{"line":265,"column":8},"end":{"line":265,"column":null}},"72":{"start":{"line":268,"column":14},"end":{"line":268,"column":null}},"73":{"start":{"line":268,"column":4},"end":{"line":268,"column":null}},"74":{"start":{"line":270,"column":10},"end":{"line":270,"column":null}},"75":{"start":{"line":273,"column":4},"end":{"line":276,"column":null}},"76":{"start":{"line":274,"column":8},"end":{"line":275,"column":null}},"77":{"start":{"line":275,"column":12},"end":{"line":275,"column":null}},"78":{"start":{"line":278,"column":4},"end":{"line":284,"column":null}},"79":{"start":{"line":288,"column":16},"end":{"line":288,"column":null}},"80":{"start":{"line":288,"column":8},"end":{"line":288,"column":null}},"81":{"start":{"line":291,"column":8},"end":{"line":301,"column":null}},"82":{"start":{"line":291,"column":31},"end":{"line":301,"column":7}},"83":{"start":{"line":292,"column":23},"end":{"line":292,"column":65}},"84":{"start":{"line":292,"column":8},"end":{"line":292,"column":null}},"85":{"start":{"line":293,"column":12},"end":{"line":293,"column":15}},"86":{"start":{"line":294,"column":12},"end":{"line":296,"column":null}},"87":{"start":{"line":296,"column":28},"end":{"line":296,"column":85}},"88":{"start":{"line":297,"column":12},"end":{"line":297,"column":null}},"89":{"start":{"line":298,"column":12},"end":{"line":298,"column":null}},"90":{"start":{"line":300,"column":13},"end":{"line":300,"column":null}},"91":{"start":{"line":300,"column":34},"end":{"line":300,"column":null}},"92":{"start":{"line":303,"column":4},"end":{"line":312,"column":null}},"93":{"start":{"line":303,"column":15},"end":{"line":312,"column":7}},"94":{"start":{"line":304,"column":8},"end":{"line":304,"column":null}},"95":{"start":{"line":305,"column":8},"end":{"line":305,"column":null}},"96":{"start":{"line":305,"column":24},"end":{"line":305,"column":null}},"97":{"start":{"line":308,"column":8},"end":{"line":308,"column":null}},"98":{"start":{"line":311,"column":8},"end":{"line":311,"column":null}},"99":{"start":{"line":256,"column":0},"end":{"line":256,"column":22}},"100":{"start":{"line":316,"column":25},"end":{"line":320,"column":null}},"101":{"start":{"line":319,"column":12},"end":{"line":319,"column":null}},"102":{"start":{"line":316,"column":10},"end":{"line":320,"column":null}},"103":{"start":{"line":322,"column":20},"end":{"line":326,"column":null}},"104":{"start":{"line":325,"column":12},"end":{"line":325,"column":null}},"105":{"start":{"line":322,"column":10},"end":{"line":326,"column":null}},"106":{"start":{"line":328,"column":17},"end":{"line":331,"column":null}},"107":{"start":{"line":331,"column":20},"end":{"line":331,"column":77}},"108":{"start":{"line":328,"column":8},"end":{"line":331,"column":null}},"109":{"start":{"line":333,"column":4},"end":{"line":333,"column":null}},"110":{"start":{"line":333,"column":17},"end":{"line":333,"column":null}},"111":{"start":{"line":335,"column":4},"end":{"line":335,"column":null}},"112":{"start":{"line":315,"column":0},"end":{"line":315,"column":22}},"113":{"start":{"line":340,"column":17},"end":{"line":342,"column":null}},"114":{"start":{"line":342,"column":20},"end":{"line":342,"column":77}},"115":{"start":{"line":340,"column":8},"end":{"line":342,"column":null}},"116":{"start":{"line":344,"column":4},"end":{"line":344,"column":null}},"117":{"start":{"line":344,"column":17},"end":{"line":344,"column":null}},"118":{"start":{"line":346,"column":4},"end":{"line":346,"column":null}},"119":{"start":{"line":346,"column":34},"end":{"line":346,"column":null}},"120":{"start":{"line":348,"column":4},"end":{"line":348,"column":null}},"121":{"start":{"line":339,"column":0},"end":{"line":339,"column":22}},"122":{"start":{"line":353,"column":42},"end":{"line":353,"column":null}},"123":{"start":{"line":353,"column":8},"end":{"line":353,"column":null}},"124":{"start":{"line":355,"column":17},"end":{"line":357,"column":null}},"125":{"start":{"line":357,"column":20},"end":{"line":357,"column":77}},"126":{"start":{"line":355,"column":8},"end":{"line":357,"column":null}},"127":{"start":{"line":359,"column":4},"end":{"line":359,"column":null}},"128":{"start":{"line":359,"column":17},"end":{"line":359,"column":null}},"129":{"start":{"line":360,"column":4},"end":{"line":360,"column":null}},"130":{"start":{"line":361,"column":4},"end":{"line":361,"column":null}},"131":{"start":{"line":352,"column":0},"end":{"line":352,"column":22}}},"fnMap":{"0":{"name":"(anonymous_20)","decl":{"start":{"line":24,"column":0},"end":{"line":24,"column":12}},"loc":{"start":{"line":24,"column":22},"end":{"line":27,"column":1}}},"1":{"name":"(anonymous_21)","decl":{"start":{"line":29,"column":0},"end":{"line":29,"column":12}},"loc":{"start":{"line":29,"column":25},"end":{"line":32,"column":1}}},"2":{"name":"(anonymous_22)","decl":{"start":{"line":127,"column":21},"end":{"line":127,"column":27}},"loc":{"start":{"line":127,"column":21},"end":{"line":127,"column":28}}},"3":{"name":"(anonymous_23)","decl":{"start":{"line":142,"column":38},"end":{"line":142,"column":54}},"loc":{"start":{"line":142,"column":65},"end":{"line":158,"column":2}}},"4":{"name":"(anonymous_26)","decl":{"start":{"line":145,"column":15},"end":{"line":145,"column":16}},"loc":{"start":{"line":145,"column":21},"end":{"line":146,"column":19}}},"5":{"name":"(anonymous_27)","decl":{"start":{"line":151,"column":15},"end":{"line":151,"column":16}},"loc":{"start":{"line":151,"column":21},"end":{"line":152,"column":19}}},"6":{"name":"(anonymous_28)","decl":{"start":{"line":160,"column":43},"end":{"line":160,"column":59}},"loc":{"start":{"line":160,"column":70},"end":{"line":168,"column":2}}},"7":{"name":"(anonymous_31)","decl":{"start":{"line":163,"column":15},"end":{"line":163,"column":16}},"loc":{"start":{"line":163,"column":21},"end":{"line":164,"column":19}}},"8":{"name":"getVehicleById","decl":{"start":{"line":172,"column":22},"end":{"line":172,"column":36}},"loc":{"start":{"line":172,"column":62},"end":{"line":180,"column":null}}},"9":{"name":"(anonymous_35)","decl":{"start":{"line":173,"column":72},"end":{"line":173,"column":73}},"loc":{"start":{"line":173,"column":76},"end":{"line":174,"column":15}}},"10":{"name":"createVehicle","decl":{"start":{"line":182,"column":22},"end":{"line":182,"column":35}},"loc":{"start":{"line":182,"column":73},"end":{"line":186,"column":null}}},"11":{"name":"(anonymous_39)","decl":{"start":{"line":184,"column":31},"end":{"line":184,"column":34}},"loc":{"start":{"line":184,"column":34},"end":{"line":184,"column":45}}},"12":{"name":"deleteVehicle","decl":{"start":{"line":188,"column":22},"end":{"line":188,"column":35}},"loc":{"start":{"line":188,"column":79},"end":{"line":206,"column":null}}},"13":{"name":"(anonymous_43)","decl":{"start":{"line":199,"column":86},"end":{"line":199,"column":87}},"loc":{"start":{"line":199,"column":90},"end":{"line":200,"column":15}}},"14":{"name":"getVehiclesByUserId","decl":{"start":{"line":208,"column":22},"end":{"line":208,"column":41}},"loc":{"start":{"line":208,"column":64},"end":{"line":222,"column":null}}},"15":{"name":"(anonymous_47)","decl":{"start":{"line":213,"column":35},"end":{"line":213,"column":39}},"loc":{"start":{"line":213,"column":39},"end":{"line":213,"column":47}}},"16":{"name":"updatePassword","decl":{"start":{"line":226,"column":22},"end":{"line":226,"column":36}},"loc":{"start":{"line":226,"column":74},"end":{"line":235,"column":null}}},"17":{"name":"(anonymous_51)","decl":{"start":{"line":238,"column":32},"end":{"line":238,"column":null}},"loc":{"start":{"line":240,"column":28},"end":{"line":245,"column":2}}},"18":{"name":"(anonymous_52)","decl":{"start":{"line":240,"column":28},"end":{"line":240,"column":null}},"loc":{"start":{"line":240,"column":28},"end":{"line":245,"column":2}}},"19":{"name":"addEnjoyer","decl":{"start":{"line":256,"column":22},"end":{"line":256,"column":32}},"loc":{"start":{"line":262,"column":37},"end":{"line":313,"column":null}}},"20":{"name":"(anonymous_57)","decl":{"start":{"line":291,"column":31},"end":{"line":291,"column":null}},"loc":{"start":{"line":291,"column":31},"end":{"line":301,"column":7}}},"21":{"name":"(anonymous_60)","decl":{"start":{"line":296,"column":21},"end":{"line":296,"column":24}},"loc":{"start":{"line":296,"column":24},"end":{"line":296,"column":35}}},"22":{"name":"(anonymous_61)","decl":{"start":{"line":303,"column":15},"end":{"line":303,"column":null}},"loc":{"start":{"line":303,"column":15},"end":{"line":312,"column":7}}},"23":{"name":"updateVehiclePsw","decl":{"start":{"line":315,"column":22},"end":{"line":315,"column":38}},"loc":{"start":{"line":315,"column":77},"end":{"line":336,"column":null}}},"24":{"name":"(anonymous_67)","decl":{"start":{"line":318,"column":15},"end":{"line":318,"column":16}},"loc":{"start":{"line":318,"column":21},"end":{"line":319,"column":19}}},"25":{"name":"(anonymous_68)","decl":{"start":{"line":324,"column":15},"end":{"line":324,"column":16}},"loc":{"start":{"line":324,"column":21},"end":{"line":325,"column":19}}},"26":{"name":"(anonymous_69)","decl":{"start":{"line":331,"column":13},"end":{"line":331,"column":16}},"loc":{"start":{"line":331,"column":16},"end":{"line":331,"column":27}}},"27":{"name":"changeOwner","decl":{"start":{"line":339,"column":22},"end":{"line":339,"column":33}},"loc":{"start":{"line":339,"column":84},"end":{"line":349,"column":null}}},"28":{"name":"(anonymous_73)","decl":{"start":{"line":342,"column":13},"end":{"line":342,"column":16}},"loc":{"start":{"line":342,"column":16},"end":{"line":342,"column":27}}},"29":{"name":"removeEnjoyer","decl":{"start":{"line":352,"column":22},"end":{"line":352,"column":35}},"loc":{"start":{"line":352,"column":88},"end":{"line":362,"column":null}}},"30":{"name":"(anonymous_77)","decl":{"start":{"line":357,"column":13},"end":{"line":357,"column":16}},"loc":{"start":{"line":357,"column":16},"end":{"line":357,"column":27}}}},"branchMap":{"0":{"loc":{"start":{"line":24,"column":12},"end":{"line":24,"column":null}},"type":"binary-expr","locations":[{"start":{"line":24,"column":12},"end":{"line":24,"column":22}},{"start":{"line":24,"column":12},"end":{"line":24,"column":null}}]},"1":{"loc":{"start":{"line":29,"column":12},"end":{"line":29,"column":null}},"type":"binary-expr","locations":[{"start":{"line":29,"column":12},"end":{"line":29,"column":25}},{"start":{"line":29,"column":12},"end":{"line":29,"column":null}}]},"2":{"loc":{"start":{"line":143,"column":25},"end":{"line":147,"column":null}},"type":"switch","locations":[{"start":{"line":143,"column":25},"end":{"line":147,"column":null}}]},"3":{"loc":{"start":{"line":161,"column":21},"end":{"line":165,"column":null}},"type":"switch","locations":[{"start":{"line":161,"column":21},"end":{"line":165,"column":null}}]},"4":{"loc":{"start":{"line":173,"column":19},"end":{"line":175,"column":null}},"type":"switch","locations":[{"start":{"line":173,"column":19},"end":{"line":175,"column":null}}]},"5":{"loc":{"start":{"line":177,"column":11},"end":{"line":179,"column":33}},"type":"cond-expr","locations":[{"start":{"line":178,"column":10},"end":{"line":178,"column":76}},{"start":{"line":179,"column":10},"end":{"line":179,"column":33}}]},"6":{"loc":{"start":{"line":199,"column":43},"end":{"line":201,"column":null}},"type":"switch","locations":[{"start":{"line":199,"column":43},"end":{"line":201,"column":null}}]},"7":{"loc":{"start":{"line":203,"column":11},"end":{"line":205,"column":27}},"type":"cond-expr","locations":[{"start":{"line":204,"column":10},"end":{"line":204,"column":76}},{"start":{"line":205,"column":10},"end":{"line":205,"column":27}}]},"8":{"loc":{"start":{"line":219,"column":4},"end":{"line":221,"column":null}},"type":"switch","locations":[{"start":{"line":219,"column":4},"end":{"line":221,"column":null}}]},"9":{"loc":{"start":{"line":219,"column":11},"end":{"line":221,"column":76}},"type":"cond-expr","locations":[{"start":{"line":220,"column":10},"end":{"line":220,"column":35}},{"start":{"line":221,"column":10},"end":{"line":221,"column":76}}]},"10":{"loc":{"start":{"line":234,"column":4},"end":{"line":234,"column":29}},"type":"switch","locations":[{"start":{"line":234,"column":4},"end":{"line":234,"column":29}}]},"11":{"loc":{"start":{"line":242,"column":42},"end":{"line":242,"column":null}},"type":"switch","locations":[{"start":{"line":242,"column":42},"end":{"line":242,"column":null}}]},"12":{"loc":{"start":{"line":274,"column":8},"end":{"line":275,"column":null}},"type":"if","locations":[{"start":{"line":274,"column":8},"end":{"line":275,"column":null}}]},"13":{"loc":{"start":{"line":292,"column":23},"end":{"line":292,"column":65}},"type":"switch","locations":[{"start":{"line":292,"column":23},"end":{"line":292,"column":65}}]},"14":{"loc":{"start":{"line":292,"column":14},"end":{"line":292,"column":87}},"type":"cond-expr","locations":[{"start":{"line":292,"column":68},"end":{"line":292,"column":70}},{"start":{"line":292,"column":73},"end":{"line":292,"column":87}}]},"15":{"loc":{"start":{"line":293,"column":12},"end":{"line":293,"column":15}},"type":"if","locations":[{"start":{"line":293,"column":12},"end":{"line":293,"column":15}}]},"16":{"loc":{"start":{"line":300,"column":13},"end":{"line":300,"column":null}},"type":"if","locations":[{"start":{"line":300,"column":13},"end":{"line":300,"column":null}}]},"17":{"loc":{"start":{"line":305,"column":8},"end":{"line":305,"column":null}},"type":"if","locations":[{"start":{"line":305,"column":8},"end":{"line":305,"column":null}}]},"18":{"loc":{"start":{"line":316,"column":25},"end":{"line":320,"column":null}},"type":"switch","locations":[{"start":{"line":316,"column":25},"end":{"line":320,"column":null}}]},"19":{"loc":{"start":{"line":333,"column":4},"end":{"line":333,"column":null}},"type":"if","locations":[{"start":{"line":333,"column":4},"end":{"line":333,"column":null}}]},"20":{"loc":{"start":{"line":340,"column":17},"end":{"line":342,"column":null}},"type":"switch","locations":[{"start":{"line":340,"column":17},"end":{"line":342,"column":null}}]},"21":{"loc":{"start":{"line":344,"column":4},"end":{"line":344,"column":null}},"type":"if","locations":[{"start":{"line":344,"column":4},"end":{"line":344,"column":null}}]},"22":{"loc":{"start":{"line":346,"column":4},"end":{"line":346,"column":null}},"type":"if","locations":[{"start":{"line":346,"column":4},"end":{"line":346,"column":null}}]},"23":{"loc":{"start":{"line":353,"column":42},"end":{"line":353,"column":null}},"type":"switch","locations":[{"start":{"line":353,"column":42},"end":{"line":353,"column":null}}]},"24":{"loc":{"start":{"line":359,"column":4},"end":{"line":359,"column":null}},"type":"if","locations":[{"start":{"line":359,"column":4},"end":{"line":359,"column":null}}]}},"s":{"0":1,"1":1,"2":1,"3":1,"4":1,"5":1,"6":1,"7":1,"8":1,"9":1,"10":1,"11":1,"12":1,"13":1,"14":0,"15":1,"16":0,"17":0,"18":0,"19":0,"20":0,"21":0,"22":0,"23":0,"24":0,"25":1,"26":0,"27":0,"28":0,"29":0,"30":1,"31":0,"32":0,"33":0,"34":0,"35":1,"36":0,"37":0,"38":0,"39":0,"40":1,"41":0,"42":0,"43":0,"44":0,"45":0,"46":0,"47":0,"48":0,"49":1,"50":0,"51":0,"52":0,"53":0,"54":0,"55":0,"56":0,"57":1,"58":0,"59":0,"60":0,"61":0,"62":0,"63":1,"64":1,"65":0,"66":0,"67":0,"68":0,"69":0,"70":1,"71":0,"72":0,"73":0,"74":0,"75":0,"76":0,"77":0,"78":0,"79":0,"80":0,"81":0,"82":0,"83":0,"84":0,"85":0,"86":0,"87":0,"88":0,"89":0,"90":0,"91":0,"92":0,"93":0,"94":0,"95":0,"96":0,"97":0,"98":0,"99":1,"100":0,"101":0,"102":0,"103":0,"104":0,"105":0,"106":0,"107":0,"108":0,"109":0,"110":0,"111":0,"112":1,"113":0,"114":0,"115":0,"116":0,"117":0,"118":0,"119":0,"120":0,"121":1,"122":0,"123":0,"124":0,"125":0,"126":0,"127":0,"128":0,"129":0,"130":0,"131":1},"f":{"0":1,"1":1,"2":0,"3":0,"4":0,"5":0,"6":0,"7":0,"8":0,"9":0,"10":0,"11":0,"12":0,"13":0,"14":0,"15":0,"16":0,"17":0,"18":0,"19":0,"20":0,"21":0,"22":0,"23":0,"24":0,"25":0,"26":0,"27":0,"28":0,"29":0,"30":0},"b":{"0":[1,1],"1":[1,1],"2":[0],"3":[0],"4":[0],"5":[0,0],"6":[0],"7":[0,0],"8":[0],"9":[0,0],"10":[0],"11":[0],"12":[0],"13":[0],"14":[0,0],"15":[0],"16":[0],"17":[0],"18":[0],"19":[0],"20":[0],"21":[0],"22":[0],"23":[0],"24":[0]}}
,"C:\\Users\\biagi\\OneDrive\\Documents\\Desktop\\PROJECT-AUTOMOTIVE\\BackEnd\\src\\model\\database\\notification.ts": {"path":"C:\\Users\\biagi\\OneDrive\\Documents\\Desktop\\PROJECT-AUTOMOTIVE\\BackEnd\\src\\model\\database\\notification.ts","statementMap":{"0":{"start":{"line":1,"column":0},"end":{"line":1,"column":54}},"1":{"start":{"line":8,"column":0},"end":{"line":8,"column":null}},"2":{"start":{"line":9,"column":4},"end":{"line":9,"column":null}},"3":{"start":{"line":10,"column":4},"end":{"line":10,"column":null}},"4":{"start":{"line":11,"column":4},"end":{"line":11,"column":null}},"5":{"start":{"line":49,"column":14},"end":{"line":58,"column":2}}},"fnMap":{"0":{"name":"(anonymous_0)","decl":{"start":{"line":8,"column":0},"end":{"line":8,"column":12}},"loc":{"start":{"line":8,"column":20},"end":{"line":13,"column":1}}}},"branchMap":{"0":{"loc":{"start":{"line":8,"column":12},"end":{"line":8,"column":null}},"type":"binary-expr","locations":[{"start":{"line":8,"column":12},"end":{"line":8,"column":20}},{"start":{"line":8,"column":12},"end":{"line":8,"column":null}}]}},"s":{"0":1,"1":1,"2":1,"3":1,"4":1,"5":1},"f":{"0":1},"b":{"0":[1,1]}}
,"C:\\Users\\biagi\\OneDrive\\Documents\\Desktop\\PROJECT-AUTOMOTIVE\\BackEnd\\src\\model\\database\\routine.ts": {"path":"C:\\Users\\biagi\\OneDrive\\Documents\\Desktop\\PROJECT-AUTOMOTIVE\\BackEnd\\src\\model\\database\\routine.ts","statementMap":{"0":{"start":{"line":1,"column":0},"end":{"line":1,"column":69}},"1":{"start":{"line":26,"column":13},"end":{"line":48,"column":null}},"2":{"start":{"line":50,"column":13},"end":{"line":50,"column":null}}},"fnMap":{},"branchMap":{},"s":{"0":1,"1":1,"2":1},"f":{},"b":{}}
,"C:\\Users\\biagi\\OneDrive\\Documents\\Desktop\\PROJECT-AUTOMOTIVE\\BackEnd\\src\\model\\database\\setting.ts": {"path":"C:\\Users\\biagi\\OneDrive\\Documents\\Desktop\\PROJECT-AUTOMOTIVE\\BackEnd\\src\\model\\database\\setting.ts","statementMap":{"0":{"start":{"line":1,"column":0},"end":{"line":1,"column":54}},"1":{"start":{"line":17,"column":13},"end":{"line":40,"column":null}}},"fnMap":{},"branchMap":{},"s":{"0":1,"1":1},"f":{},"b":{}}
,"C:\\Users\\biagi\\OneDrive\\Documents\\Desktop\\PROJECT-AUTOMOTIVE\\BackEnd\\src\\model\\database\\user-stats.ts": {"path":"C:\\Users\\biagi\\OneDrive\\Documents\\Desktop\\PROJECT-AUTOMOTIVE\\BackEnd\\src\\model\\database\\user-stats.ts","statementMap":{"0":{"start":{"line":1,"column":0},"end":{"line":1,"column":53}},"1":{"start":{"line":20,"column":13},"end":{"line":33,"column":2}}},"fnMap":{},"branchMap":{},"s":{"0":1,"1":1},"f":{},"b":{}}
,"C:\\Users\\biagi\\OneDrive\\Documents\\Desktop\\PROJECT-AUTOMOTIVE\\BackEnd\\src\\model\\database\\user.ts": {"path":"C:\\Users\\biagi\\OneDrive\\Documents\\Desktop\\PROJECT-AUTOMOTIVE\\BackEnd\\src\\model\\database\\user.ts","statementMap":{"0":{"start":{"line":1,"column":0},"end":{"line":1,"column":37}},"1":{"start":{"line":2,"column":0},"end":{"line":2,"column":93}},"2":{"start":{"line":3,"column":0},"end":{"line":3,"column":28}},"3":{"start":{"line":4,"column":0},"end":{"line":4,"column":52}},"4":{"start":{"line":5,"column":0},"end":{"line":5,"column":null}},"5":{"start":{"line":10,"column":0},"end":{"line":10,"column":null}},"6":{"start":{"line":16,"column":0},"end":{"line":16,"column":null}},"7":{"start":{"line":21,"column":0},"end":{"line":21,"column":null}},"8":{"start":{"line":27,"column":0},"end":{"line":27,"column":null}},"9":{"start":{"line":34,"column":0},"end":{"line":34,"column":null}},"10":{"start":{"line":35,"column":4},"end":{"line":35,"column":null}},"11":{"start":{"line":36,"column":4},"end":{"line":36,"column":null}},"12":{"start":{"line":37,"column":4},"end":{"line":37,"column":null}},"13":{"start":{"line":40,"column":0},"end":{"line":40,"column":null}},"14":{"start":{"line":41,"column":4},"end":{"line":41,"column":null}},"15":{"start":{"line":42,"column":4},"end":{"line":42,"column":null}},"16":{"start":{"line":43,"column":4},"end":{"line":43,"column":null}},"17":{"start":{"line":172,"column":13},"end":{"line":242,"column":null}},"18":{"start":{"line":246,"column":0},"end":{"line":252,"column":2}},"19":{"start":{"line":249,"column":10},"end":{"line":249,"column":53}},"20":{"start":{"line":250,"column":4},"end":{"line":250,"column":38}},"21":{"start":{"line":251,"column":4},"end":{"line":251,"column":23}},"22":{"start":{"line":256,"column":0},"end":{"line":267,"column":2}},"23":{"start":{"line":259,"column":4},"end":{"line":264,"column":null}},"24":{"start":{"line":260,"column":8},"end":{"line":263,"column":null}},"25":{"start":{"line":261,"column":12},"end":{"line":261,"column":null}},"26":{"start":{"line":262,"column":12},"end":{"line":262,"column":null}},"27":{"start":{"line":266,"column":4},"end":{"line":266,"column":69}},"28":{"start":{"line":269,"column":0},"end":{"line":273,"column":null}},"29":{"start":{"line":270,"column":4},"end":{"line":270,"column":null}},"30":{"start":{"line":271,"column":4},"end":{"line":271,"column":null}},"31":{"start":{"line":271,"column":37},"end":{"line":271,"column":94}},"32":{"start":{"line":272,"column":4},"end":{"line":272,"column":null}},"33":{"start":{"line":275,"column":0},"end":{"line":283,"column":null}},"34":{"start":{"line":276,"column":4},"end":{"line":281,"column":null}},"35":{"start":{"line":277,"column":8},"end":{"line":280,"column":null}},"36":{"start":{"line":278,"column":12},"end":{"line":278,"column":null}},"37":{"start":{"line":279,"column":12},"end":{"line":279,"column":null}},"38":{"start":{"line":282,"column":4},"end":{"line":282,"column":null}},"39":{"start":{"line":285,"column":0},"end":{"line":289,"column":null}},"40":{"start":{"line":286,"column":4},"end":{"line":286,"column":null}},"41":{"start":{"line":287,"column":4},"end":{"line":287,"column":null}},"42":{"start":{"line":288,"column":4},"end":{"line":288,"column":null}},"43":{"start":{"line":291,"column":0},"end":{"line":295,"column":null}},"44":{"start":{"line":292,"column":4},"end":{"line":292,"column":null}},"45":{"start":{"line":293,"column":4},"end":{"line":293,"column":null}},"46":{"start":{"line":293,"column":71},"end":{"line":293,"column":90}},"47":{"start":{"line":294,"column":4},"end":{"line":294,"column":null}},"48":{"start":{"line":300,"column":0},"end":{"line":316,"column":2}},"49":{"start":{"line":301,"column":25},"end":{"line":305,"column":null}},"50":{"start":{"line":304,"column":12},"end":{"line":304,"column":null}},"51":{"start":{"line":301,"column":10},"end":{"line":305,"column":null}},"52":{"start":{"line":307,"column":20},"end":{"line":311,"column":null}},"53":{"start":{"line":310,"column":12},"end":{"line":310,"column":null}},"54":{"start":{"line":307,"column":10},"end":{"line":311,"column":null}},"55":{"start":{"line":313,"column":4},"end":{"line":313,"column":21}},"56":{"start":{"line":314,"column":4},"end":{"line":314,"column":28}},"57":{"start":{"line":315,"column":4},"end":{"line":315,"column":23}},"58":{"start":{"line":319,"column":25},"end":{"line":323,"column":null}},"59":{"start":{"line":322,"column":12},"end":{"line":322,"column":null}},"60":{"start":{"line":319,"column":10},"end":{"line":323,"column":null}},"61":{"start":{"line":325,"column":20},"end":{"line":329,"column":null}},"62":{"start":{"line":328,"column":12},"end":{"line":328,"column":null}},"63":{"start":{"line":325,"column":10},"end":{"line":329,"column":null}},"64":{"start":{"line":331,"column":17},"end":{"line":334,"column":null}},"65":{"start":{"line":334,"column":20},"end":{"line":334,"column":77}},"66":{"start":{"line":331,"column":8},"end":{"line":334,"column":null}},"67":{"start":{"line":336,"column":4},"end":{"line":336,"column":null}},"68":{"start":{"line":336,"column":17},"end":{"line":336,"column":null}},"69":{"start":{"line":338,"column":4},"end":{"line":338,"column":null}},"70":{"start":{"line":318,"column":0},"end":{"line":318,"column":22}},"71":{"start":{"line":342,"column":25},"end":{"line":346,"column":null}},"72":{"start":{"line":345,"column":12},"end":{"line":345,"column":null}},"73":{"start":{"line":342,"column":10},"end":{"line":346,"column":null}},"74":{"start":{"line":348,"column":20},"end":{"line":352,"column":null}},"75":{"start":{"line":351,"column":12},"end":{"line":351,"column":null}},"76":{"start":{"line":348,"column":10},"end":{"line":352,"column":null}},"77":{"start":{"line":354,"column":4},"end":{"line":357,"column":null}},"78":{"start":{"line":341,"column":0},"end":{"line":341,"column":22}},"79":{"start":{"line":360,"column":0},"end":{"line":368,"column":2}},"80":{"start":{"line":361,"column":21},"end":{"line":365,"column":null}},"81":{"start":{"line":364,"column":12},"end":{"line":364,"column":null}},"82":{"start":{"line":361,"column":10},"end":{"line":365,"column":null}},"83":{"start":{"line":367,"column":4},"end":{"line":367,"column":38}},"84":{"start":{"line":370,"column":0},"end":{"line":376,"column":2}},"85":{"start":{"line":371,"column":4},"end":{"line":373,"column":null}},"86":{"start":{"line":372,"column":8},"end":{"line":372,"column":84}},"87":{"start":{"line":372,"column":48},"end":{"line":372,"column":84}},"88":{"start":{"line":375,"column":4},"end":{"line":375,"column":23}},"89":{"start":{"line":378,"column":0},"end":{"line":386,"column":2}},"90":{"start":{"line":379,"column":4},"end":{"line":383,"column":null}},"91":{"start":{"line":380,"column":8},"end":{"line":382,"column":null}},"92":{"start":{"line":381,"column":12},"end":{"line":381,"column":24}},"93":{"start":{"line":385,"column":4},"end":{"line":385,"column":17}},"94":{"start":{"line":388,"column":0},"end":{"line":394,"column":2}},"95":{"start":{"line":389,"column":4},"end":{"line":392,"column":null}},"96":{"start":{"line":390,"column":8},"end":{"line":390,"column":40}},"97":{"start":{"line":391,"column":8},"end":{"line":391,"column":27}},"98":{"start":{"line":393,"column":4},"end":{"line":393,"column":63}},"99":{"start":{"line":397,"column":13},"end":{"line":397,"column":90}},"100":{"start":{"line":400,"column":20},"end":{"line":402,"column":null}},"101":{"start":{"line":401,"column":8},"end":{"line":401,"column":null}},"102":{"start":{"line":400,"column":10},"end":{"line":402,"column":null}},"103":{"start":{"line":404,"column":4},"end":{"line":406,"column":35}},"104":{"start":{"line":399,"column":0},"end":{"line":399,"column":22}},"105":{"start":{"line":410,"column":21},"end":{"line":412,"column":null}},"106":{"start":{"line":411,"column":8},"end":{"line":411,"column":null}},"107":{"start":{"line":410,"column":10},"end":{"line":412,"column":null}},"108":{"start":{"line":414,"column":4},"end":{"line":416,"column":36}},"109":{"start":{"line":409,"column":0},"end":{"line":409,"column":22}},"110":{"start":{"line":420,"column":21},"end":{"line":422,"column":null}},"111":{"start":{"line":421,"column":8},"end":{"line":421,"column":null}},"112":{"start":{"line":420,"column":10},"end":{"line":422,"column":null}},"113":{"start":{"line":424,"column":4},"end":{"line":426,"column":36}},"114":{"start":{"line":419,"column":0},"end":{"line":419,"column":22}},"115":{"start":{"line":430,"column":10},"end":{"line":430,"column":51}},"116":{"start":{"line":431,"column":4},"end":{"line":431,"column":null}},"117":{"start":{"line":429,"column":0},"end":{"line":429,"column":22}},"118":{"start":{"line":435,"column":43},"end":{"line":437,"column":null}},"119":{"start":{"line":436,"column":8},"end":{"line":436,"column":null}},"120":{"start":{"line":435,"column":10},"end":{"line":437,"column":null}},"121":{"start":{"line":439,"column":4},"end":{"line":441,"column":28}},"122":{"start":{"line":434,"column":0},"end":{"line":434,"column":22}},"123":{"start":{"line":445,"column":17},"end":{"line":447,"column":null}},"124":{"start":{"line":446,"column":8},"end":{"line":446,"column":72}},"125":{"start":{"line":445,"column":8},"end":{"line":447,"column":null}},"126":{"start":{"line":449,"column":4},"end":{"line":451,"column":null}},"127":{"start":{"line":444,"column":0},"end":{"line":444,"column":22}},"128":{"start":{"line":457,"column":15},"end":{"line":457,"column":38}},"129":{"start":{"line":457,"column":8},"end":{"line":457,"column":38}},"130":{"start":{"line":458,"column":8},"end":{"line":458,"column":41}},"131":{"start":{"line":460,"column":8},"end":{"line":460,"column":35}},"132":{"start":{"line":462,"column":4},"end":{"line":462,"column":29}},"133":{"start":{"line":454,"column":0},"end":{"line":454,"column":22}},"134":{"start":{"line":466,"column":17},"end":{"line":468,"column":null}},"135":{"start":{"line":467,"column":8},"end":{"line":467,"column":null}},"136":{"start":{"line":466,"column":10},"end":{"line":468,"column":null}},"137":{"start":{"line":470,"column":4},"end":{"line":472,"column":38}},"138":{"start":{"line":465,"column":0},"end":{"line":465,"column":22}},"139":{"start":{"line":484,"column":35},"end":{"line":484,"column":null}},"140":{"start":{"line":484,"column":14},"end":{"line":484,"column":null}},"141":{"start":{"line":485,"column":8},"end":{"line":485,"column":52}},"142":{"start":{"line":486,"column":8},"end":{"line":486,"column":46}},"143":{"start":{"line":487,"column":8},"end":{"line":487,"column":27}},"144":{"start":{"line":489,"column":8},"end":{"line":489,"column":35}},"145":{"start":{"line":479,"column":1},"end":{"line":479,"column":23}},"146":{"start":{"line":494,"column":17},"end":{"line":498,"column":null}},"147":{"start":{"line":497,"column":8},"end":{"line":497,"column":72}},"148":{"start":{"line":494,"column":8},"end":{"line":498,"column":null}},"149":{"start":{"line":500,"column":4},"end":{"line":502,"column":null}},"150":{"start":{"line":493,"column":0},"end":{"line":493,"column":22}},"151":{"start":{"line":506,"column":17},"end":{"line":510,"column":null}},"152":{"start":{"line":509,"column":8},"end":{"line":509,"column":72}},"153":{"start":{"line":506,"column":8},"end":{"line":510,"column":null}},"154":{"start":{"line":512,"column":4},"end":{"line":514,"column":null}},"155":{"start":{"line":505,"column":0},"end":{"line":505,"column":22}},"156":{"start":{"line":518,"column":17},"end":{"line":522,"column":null}},"157":{"start":{"line":521,"column":8},"end":{"line":521,"column":72}},"158":{"start":{"line":518,"column":8},"end":{"line":522,"column":null}},"159":{"start":{"line":524,"column":4},"end":{"line":526,"column":null}},"160":{"start":{"line":517,"column":0},"end":{"line":517,"column":22}},"161":{"start":{"line":530,"column":17},"end":{"line":534,"column":null}},"162":{"start":{"line":533,"column":8},"end":{"line":533,"column":72}},"163":{"start":{"line":530,"column":8},"end":{"line":534,"column":null}},"164":{"start":{"line":536,"column":4},"end":{"line":538,"column":null}},"165":{"start":{"line":529,"column":0},"end":{"line":529,"column":22}},"166":{"start":{"line":542,"column":17},"end":{"line":544,"column":null}},"167":{"start":{"line":543,"column":8},"end":{"line":543,"column":72}},"168":{"start":{"line":542,"column":8},"end":{"line":544,"column":null}},"169":{"start":{"line":546,"column":4},"end":{"line":548,"column":null}},"170":{"start":{"line":541,"column":0},"end":{"line":541,"column":22}},"171":{"start":{"line":553,"column":4},"end":{"line":553,"column":null}},"172":{"start":{"line":554,"column":4},"end":{"line":554,"column":null}},"173":{"start":{"line":555,"column":17},"end":{"line":557,"column":null}},"174":{"start":{"line":557,"column":20},"end":{"line":557,"column":77}},"175":{"start":{"line":555,"column":8},"end":{"line":557,"column":null}},"176":{"start":{"line":559,"column":4},"end":{"line":561,"column":null}},"177":{"start":{"line":551,"column":0},"end":{"line":551,"column":22}},"178":{"start":{"line":566,"column":4},"end":{"line":566,"column":null}},"179":{"start":{"line":567,"column":17},"end":{"line":569,"column":null}},"180":{"start":{"line":569,"column":20},"end":{"line":569,"column":77}},"181":{"start":{"line":567,"column":8},"end":{"line":569,"column":null}},"182":{"start":{"line":571,"column":4},"end":{"line":573,"column":null}},"183":{"start":{"line":564,"column":0},"end":{"line":564,"column":22}},"184":{"start":{"line":579,"column":4},"end":{"line":579,"column":null}},"185":{"start":{"line":581,"column":17},"end":{"line":583,"column":null}},"186":{"start":{"line":583,"column":20},"end":{"line":583,"column":77}},"187":{"start":{"line":581,"column":8},"end":{"line":583,"column":null}},"188":{"start":{"line":585,"column":4},"end":{"line":587,"column":null}},"189":{"start":{"line":577,"column":0},"end":{"line":577,"column":22}},"190":{"start":{"line":594,"column":4},"end":{"line":594,"column":null}},"191":{"start":{"line":595,"column":4},"end":{"line":595,"column":null}},"192":{"start":{"line":599,"column":4},"end":{"line":599,"column":null}},"193":{"start":{"line":600,"column":8},"end":{"line":600,"column":21}},"194":{"start":{"line":602,"column":17},"end":{"line":605,"column":null}},"195":{"start":{"line":605,"column":24},"end":{"line":605,"column":81}},"196":{"start":{"line":602,"column":8},"end":{"line":605,"column":null}},"197":{"start":{"line":607,"column":15},"end":{"line":607,"column":28}},"198":{"start":{"line":609,"column":17},"end":{"line":611,"column":null}},"199":{"start":{"line":611,"column":24},"end":{"line":611,"column":81}},"200":{"start":{"line":609,"column":8},"end":{"line":611,"column":null}},"201":{"start":{"line":615,"column":17},"end":{"line":617,"column":null}},"202":{"start":{"line":617,"column":24},"end":{"line":617,"column":81}},"203":{"start":{"line":615,"column":8},"end":{"line":617,"column":null}},"204":{"start":{"line":621,"column":4},"end":{"line":623,"column":null}},"205":{"start":{"line":591,"column":0},"end":{"line":591,"column":22}},"206":{"start":{"line":634,"column":29},"end":{"line":641,"column":2}},"207":{"start":{"line":636,"column":25},"end":{"line":641,"column":2}},"208":{"start":{"line":638,"column":29},"end":{"line":638,"column":null}},"209":{"start":{"line":638,"column":8},"end":{"line":638,"column":null}},"210":{"start":{"line":639,"column":4},"end":{"line":639,"column":28}},"211":{"start":{"line":640,"column":4},"end":{"line":640,"column":24}},"212":{"start":{"line":634,"column":13},"end":{"line":634,"column":29}},"213":{"start":{"line":645,"column":21},"end":{"line":647,"column":null}},"214":{"start":{"line":647,"column":24},"end":{"line":647,"column":81}},"215":{"start":{"line":645,"column":12},"end":{"line":647,"column":null}},"216":{"start":{"line":649,"column":8},"end":{"line":649,"column":null}},"217":{"start":{"line":649,"column":21},"end":{"line":649,"column":null}},"218":{"start":{"line":650,"column":8},"end":{"line":650,"column":null}},"219":{"start":{"line":652,"column":8},"end":{"line":652,"column":null}},"220":{"start":{"line":643,"column":0},"end":{"line":643,"column":22}},"221":{"start":{"line":662,"column":15},"end":{"line":662,"column":null}},"222":{"start":{"line":662,"column":8},"end":{"line":662,"column":null}},"223":{"start":{"line":664,"column":8},"end":{"line":666,"column":null}},"224":{"start":{"line":665,"column":12},"end":{"line":665,"column":null}},"225":{"start":{"line":665,"column":79},"end":{"line":665,"column":null}},"226":{"start":{"line":668,"column":8},"end":{"line":668,"column":null}},"227":{"start":{"line":668,"column":18},"end":{"line":668,"column":null}},"228":{"start":{"line":670,"column":21},"end":{"line":672,"column":null}},"229":{"start":{"line":672,"column":24},"end":{"line":672,"column":81}},"230":{"start":{"line":670,"column":12},"end":{"line":672,"column":null}},"231":{"start":{"line":674,"column":8},"end":{"line":674,"column":null}},"232":{"start":{"line":674,"column":21},"end":{"line":674,"column":null}},"233":{"start":{"line":675,"column":8},"end":{"line":675,"column":null}},"234":{"start":{"line":677,"column":8},"end":{"line":677,"column":null}},"235":{"start":{"line":658,"column":0},"end":{"line":658,"column":22}},"236":{"start":{"line":683,"column":4},"end":{"line":683,"column":null}},"237":{"start":{"line":685,"column":19},"end":{"line":686,"column":null}},"238":{"start":{"line":686,"column":22},"end":{"line":686,"column":79}},"239":{"start":{"line":685,"column":10},"end":{"line":686,"column":null}},"240":{"start":{"line":688,"column":4},"end":{"line":690,"column":null}},"241":{"start":{"line":682,"column":0},"end":{"line":682,"column":22}}},"fnMap":{"0":{"name":"(anonymous_20)","decl":{"start":{"line":34,"column":0},"end":{"line":34,"column":12}},"loc":{"start":{"line":34,"column":21},"end":{"line":38,"column":1}}},"1":{"name":"(anonymous_21)","decl":{"start":{"line":40,"column":0},"end":{"line":40,"column":12}},"loc":{"start":{"line":40,"column":22},"end":{"line":44,"column":1}}},"2":{"name":"(anonymous_22)","decl":{"start":{"line":246,"column":37},"end":{"line":246,"column":null}},"loc":{"start":{"line":247,"column":21},"end":{"line":252,"column":2}}},"3":{"name":"(anonymous_25)","decl":{"start":{"line":256,"column":40},"end":{"line":256,"column":null}},"loc":{"start":{"line":257,"column":16},"end":{"line":267,"column":2}}},"4":{"name":"(anonymous_28)","decl":{"start":{"line":269,"column":33},"end":{"line":269,"column":49}},"loc":{"start":{"line":269,"column":63},"end":{"line":273,"column":null}}},"5":{"name":"(anonymous_31)","decl":{"start":{"line":271,"column":28},"end":{"line":271,"column":29}},"loc":{"start":{"line":271,"column":32},"end":{"line":271,"column":44}}},"6":{"name":"(anonymous_32)","decl":{"start":{"line":275,"column":36},"end":{"line":275,"column":52}},"loc":{"start":{"line":275,"column":66},"end":{"line":283,"column":null}}},"7":{"name":"(anonymous_35)","decl":{"start":{"line":285,"column":32},"end":{"line":285,"column":48}},"loc":{"start":{"line":285,"column":64},"end":{"line":289,"column":null}}},"8":{"name":"(anonymous_38)","decl":{"start":{"line":291,"column":35},"end":{"line":291,"column":51}},"loc":{"start":{"line":291,"column":63},"end":{"line":295,"column":null}}},"9":{"name":"(anonymous_41)","decl":{"start":{"line":293,"column":41},"end":{"line":293,"column":42}},"loc":{"start":{"line":293,"column":66},"end":{"line":293,"column":75}}},"10":{"name":"(anonymous_42)","decl":{"start":{"line":300,"column":33},"end":{"line":300,"column":49}},"loc":{"start":{"line":300,"column":60},"end":{"line":316,"column":2}}},"11":{"name":"(anonymous_45)","decl":{"start":{"line":303,"column":15},"end":{"line":303,"column":16}},"loc":{"start":{"line":303,"column":21},"end":{"line":304,"column":19}}},"12":{"name":"(anonymous_46)","decl":{"start":{"line":309,"column":15},"end":{"line":309,"column":16}},"loc":{"start":{"line":309,"column":21},"end":{"line":310,"column":19}}},"13":{"name":"updatePsw","decl":{"start":{"line":318,"column":22},"end":{"line":318,"column":31}},"loc":{"start":{"line":318,"column":67},"end":{"line":339,"column":null}}},"14":{"name":"(anonymous_50)","decl":{"start":{"line":321,"column":15},"end":{"line":321,"column":16}},"loc":{"start":{"line":321,"column":21},"end":{"line":322,"column":19}}},"15":{"name":"(anonymous_51)","decl":{"start":{"line":327,"column":15},"end":{"line":327,"column":16}},"loc":{"start":{"line":327,"column":21},"end":{"line":328,"column":19}}},"16":{"name":"(anonymous_52)","decl":{"start":{"line":334,"column":13},"end":{"line":334,"column":16}},"loc":{"start":{"line":334,"column":16},"end":{"line":334,"column":27}}},"17":{"name":"getSaltNdHash","decl":{"start":{"line":341,"column":22},"end":{"line":341,"column":35}},"loc":{"start":{"line":341,"column":47},"end":{"line":358,"column":null}}},"18":{"name":"(anonymous_56)","decl":{"start":{"line":344,"column":15},"end":{"line":344,"column":16}},"loc":{"start":{"line":344,"column":21},"end":{"line":345,"column":19}}},"19":{"name":"(anonymous_57)","decl":{"start":{"line":350,"column":15},"end":{"line":350,"column":16}},"loc":{"start":{"line":350,"column":21},"end":{"line":351,"column":19}}},"20":{"name":"(anonymous_58)","decl":{"start":{"line":360,"column":38},"end":{"line":360,"column":54}},"loc":{"start":{"line":360,"column":65},"end":{"line":368,"column":2}}},"21":{"name":"(anonymous_61)","decl":{"start":{"line":363,"column":15},"end":{"line":363,"column":16}},"loc":{"start":{"line":363,"column":21},"end":{"line":364,"column":19}}},"22":{"name":"(anonymous_62)","decl":{"start":{"line":370,"column":32},"end":{"line":370,"column":48}},"loc":{"start":{"line":370,"column":63},"end":{"line":376,"column":2}}},"23":{"name":"(anonymous_65)","decl":{"start":{"line":378,"column":29},"end":{"line":378,"column":39}},"loc":{"start":{"line":378,"column":54},"end":{"line":386,"column":1}}},"24":{"name":"(anonymous_66)","decl":{"start":{"line":388,"column":29},"end":{"line":388,"column":45}},"loc":{"start":{"line":388,"column":60},"end":{"line":394,"column":2}}},"25":{"name":"getUserById","decl":{"start":{"line":399,"column":22},"end":{"line":399,"column":33}},"loc":{"start":{"line":399,"column":56},"end":{"line":407,"column":null}}},"26":{"name":"(anonymous_72)","decl":{"start":{"line":400,"column":67},"end":{"line":400,"column":68}},"loc":{"start":{"line":400,"column":71},"end":{"line":401,"column":15}}},"27":{"name":"getUserByNickname","decl":{"start":{"line":409,"column":22},"end":{"line":409,"column":39}},"loc":{"start":{"line":409,"column":56},"end":{"line":417,"column":null}}},"28":{"name":"(anonymous_76)","decl":{"start":{"line":410,"column":65},"end":{"line":410,"column":66}},"loc":{"start":{"line":410,"column":69},"end":{"line":411,"column":15}}},"29":{"name":"getUserByEmail","decl":{"start":{"line":419,"column":22},"end":{"line":419,"column":36}},"loc":{"start":{"line":419,"column":50},"end":{"line":427,"column":null}}},"30":{"name":"(anonymous_80)","decl":{"start":{"line":420,"column":62},"end":{"line":420,"column":63}},"loc":{"start":{"line":420,"column":66},"end":{"line":421,"column":15}}},"31":{"name":"createUser","decl":{"start":{"line":429,"column":22},"end":{"line":429,"column":32}},"loc":{"start":{"line":429,"column":60},"end":{"line":432,"column":null}}},"32":{"name":"deleteUser","decl":{"start":{"line":434,"column":22},"end":{"line":434,"column":32}},"loc":{"start":{"line":434,"column":66},"end":{"line":442,"column":null}}},"33":{"name":"(anonymous_87)","decl":{"start":{"line":435,"column":83},"end":{"line":435,"column":84}},"loc":{"start":{"line":435,"column":87},"end":{"line":436,"column":15}}},"34":{"name":"updateNickName","decl":{"start":{"line":444,"column":22},"end":{"line":444,"column":36}},"loc":{"start":{"line":444,"column":74},"end":{"line":452,"column":null}}},"35":{"name":"(anonymous_91)","decl":{"start":{"line":445,"column":79},"end":{"line":445,"column":80}},"loc":{"start":{"line":445,"column":83},"end":{"line":447,"column":5}}},"36":{"name":"updatePassword","decl":{"start":{"line":454,"column":22},"end":{"line":454,"column":36}},"loc":{"start":{"line":454,"column":74},"end":{"line":463,"column":null}}},"37":{"name":"getUserStats","decl":{"start":{"line":465,"column":22},"end":{"line":465,"column":34}},"loc":{"start":{"line":465,"column":54},"end":{"line":473,"column":null}}},"38":{"name":"(anonymous_98)","decl":{"start":{"line":466,"column":70},"end":{"line":466,"column":71}},"loc":{"start":{"line":466,"column":74},"end":{"line":467,"column":15}}},"39":{"name":"updateUserStats","decl":{"start":{"line":479,"column":23},"end":{"line":479,"column":38}},"loc":{"start":{"line":481,"column":27},"end":{"line":491,"column":null}}},"40":{"name":"updateTheme","decl":{"start":{"line":493,"column":22},"end":{"line":493,"column":33}},"loc":{"start":{"line":493,"column":71},"end":{"line":503,"column":null}}},"41":{"name":"(anonymous_105)","decl":{"start":{"line":496,"column":13},"end":{"line":496,"column":14}},"loc":{"start":{"line":496,"column":17},"end":{"line":498,"column":5}}},"42":{"name":"updateSize","decl":{"start":{"line":505,"column":22},"end":{"line":505,"column":32}},"loc":{"start":{"line":505,"column":69},"end":{"line":515,"column":null}}},"43":{"name":"(anonymous_109)","decl":{"start":{"line":508,"column":13},"end":{"line":508,"column":14}},"loc":{"start":{"line":508,"column":17},"end":{"line":510,"column":5}}},"44":{"name":"updateLanguage","decl":{"start":{"line":517,"column":22},"end":{"line":517,"column":36}},"loc":{"start":{"line":517,"column":72},"end":{"line":527,"column":null}}},"45":{"name":"(anonymous_113)","decl":{"start":{"line":520,"column":13},"end":{"line":520,"column":14}},"loc":{"start":{"line":520,"column":17},"end":{"line":522,"column":5}}},"46":{"name":"updateGamification","decl":{"start":{"line":529,"column":22},"end":{"line":529,"column":40}},"loc":{"start":{"line":529,"column":77},"end":{"line":539,"column":null}}},"47":{"name":"(anonymous_117)","decl":{"start":{"line":532,"column":13},"end":{"line":532,"column":14}},"loc":{"start":{"line":532,"column":17},"end":{"line":534,"column":5}}},"48":{"name":"updateEmail","decl":{"start":{"line":541,"column":22},"end":{"line":541,"column":33}},"loc":{"start":{"line":541,"column":68},"end":{"line":549,"column":null}}},"49":{"name":"(anonymous_121)","decl":{"start":{"line":542,"column":75},"end":{"line":542,"column":76}},"loc":{"start":{"line":542,"column":79},"end":{"line":544,"column":5}}},"50":{"name":"updateRoutineName","decl":{"start":{"line":551,"column":22},"end":{"line":551,"column":39}},"loc":{"start":{"line":551,"column":96},"end":{"line":562,"column":null}}},"51":{"name":"(anonymous_125)","decl":{"start":{"line":557,"column":13},"end":{"line":557,"column":16}},"loc":{"start":{"line":557,"column":16},"end":{"line":557,"column":27}}},"52":{"name":"updateRoutineTemperature","decl":{"start":{"line":564,"column":22},"end":{"line":564,"column":46}},"loc":{"start":{"line":564,"column":104},"end":{"line":574,"column":null}}},"53":{"name":"(anonymous_129)","decl":{"start":{"line":569,"column":13},"end":{"line":569,"column":16}},"loc":{"start":{"line":569,"column":16},"end":{"line":569,"column":27}}},"54":{"name":"updateRoutineLightsColor","decl":{"start":{"line":577,"column":22},"end":{"line":577,"column":46}},"loc":{"start":{"line":577,"column":105},"end":{"line":588,"column":null}}},"55":{"name":"(anonymous_133)","decl":{"start":{"line":583,"column":13},"end":{"line":583,"column":16}},"loc":{"start":{"line":583,"column":16},"end":{"line":583,"column":27}}},"56":{"name":"updateRoutineMusic","decl":{"start":{"line":591,"column":22},"end":{"line":591,"column":40}},"loc":{"start":{"line":595,"column":32},"end":{"line":625,"column":null}}},"57":{"name":"(anonymous_137)","decl":{"start":{"line":605,"column":17},"end":{"line":605,"column":20}},"loc":{"start":{"line":605,"column":20},"end":{"line":605,"column":31}}},"58":{"name":"(anonymous_138)","decl":{"start":{"line":611,"column":17},"end":{"line":611,"column":20}},"loc":{"start":{"line":611,"column":20},"end":{"line":611,"column":31}}},"59":{"name":"(anonymous_139)","decl":{"start":{"line":617,"column":17},"end":{"line":617,"column":20}},"loc":{"start":{"line":617,"column":20},"end":{"line":617,"column":31}}},"60":{"name":"(anonymous_140)","decl":{"start":{"line":634,"column":29},"end":{"line":634,"column":null}},"loc":{"start":{"line":636,"column":25},"end":{"line":641,"column":2}}},"61":{"name":"(anonymous_141)","decl":{"start":{"line":636,"column":25},"end":{"line":636,"column":null}},"loc":{"start":{"line":636,"column":25},"end":{"line":641,"column":2}}},"62":{"name":"updateUserEnjoyedVehicle","decl":{"start":{"line":643,"column":22},"end":{"line":643,"column":46}},"loc":{"start":{"line":643,"column":96},"end":{"line":654,"column":null}}},"63":{"name":"(anonymous_146)","decl":{"start":{"line":647,"column":17},"end":{"line":647,"column":20}},"loc":{"start":{"line":647,"column":20},"end":{"line":647,"column":31}}},"64":{"name":"removeUserEnjoyedVehicle","decl":{"start":{"line":658,"column":22},"end":{"line":658,"column":46}},"loc":{"start":{"line":658,"column":96},"end":{"line":679,"column":null}}},"65":{"name":"(anonymous_150)","decl":{"start":{"line":672,"column":17},"end":{"line":672,"column":20}},"loc":{"start":{"line":672,"column":20},"end":{"line":672,"column":31}}},"66":{"name":"deleteRoutine","decl":{"start":{"line":682,"column":22},"end":{"line":682,"column":35}},"loc":{"start":{"line":682,"column":72},"end":{"line":691,"column":null}}},"67":{"name":"(anonymous_154)","decl":{"start":{"line":686,"column":15},"end":{"line":686,"column":18}},"loc":{"start":{"line":686,"column":18},"end":{"line":686,"column":29}}}},"branchMap":{"0":{"loc":{"start":{"line":34,"column":12},"end":{"line":34,"column":null}},"type":"binary-expr","locations":[{"start":{"line":34,"column":12},"end":{"line":34,"column":21}},{"start":{"line":34,"column":12},"end":{"line":34,"column":null}}]},"1":{"loc":{"start":{"line":40,"column":12},"end":{"line":40,"column":null}},"type":"binary-expr","locations":[{"start":{"line":40,"column":12},"end":{"line":40,"column":22}},{"start":{"line":40,"column":12},"end":{"line":40,"column":null}}]},"2":{"loc":{"start":{"line":260,"column":8},"end":{"line":263,"column":null}},"type":"if","locations":[{"start":{"line":260,"column":8},"end":{"line":263,"column":null}}]},"3":{"loc":{"start":{"line":277,"column":8},"end":{"line":280,"column":null}},"type":"if","locations":[{"start":{"line":277,"column":8},"end":{"line":280,"column":null}}]},"4":{"loc":{"start":{"line":301,"column":25},"end":{"line":305,"column":null}},"type":"switch","locations":[{"start":{"line":301,"column":25},"end":{"line":305,"column":n
[...]
umn":12},"end":{"line":72,"column":null}}]},"2":{"loc":{"start":{"line":101,"column":16},"end":{"line":101,"column":null}},"type":"switch","locations":[{"start":{"line":101,"column":16},"end":{"line":101,"column":null}},{"start":{"line":113,"column":12},"end":{"line":117,"column":null}}]},"3":{"loc":{"start":{"line":93,"column":24},"end":{"line":93,"column":51}},"type":"binary-expr","locations":[{"start":{"line":93,"column":24},"end":{"line":93,"column":40}},{"start":{"line":93,"column":44},"end":{"line":93,"column":51}}]},"4":{"loc":{"start":{"line":96,"column":27},"end":{"line":96,"column":52}},"type":"binary-expr","locations":[{"start":{"line":96,"column":27},"end":{"line":96,"column":46}},{"start":{"line":96,"column":50},"end":{"line":96,"column":52}}]},"5":{"loc":{"start":{"line":97,"column":30},"end":{"line":97,"column":58}},"type":"binary-expr","locations":[{"start":{"line":97,"column":30},"end":{"line":97,"column":52}},{"start":{"line":97,"column":56},"end":{"line":97,"column":58}}]},"6":{"loc":{"start":{"line":98,"column":12},"end":{"line":98,"column":18}},"type":"if","locations":[{"start":{"line":98,"column":12},"end":{"line":98,"column":18}}]},"7":{"loc":{"start":{"line":98,"column":12},"end":{"line":98,"column":95}},"type":"binary-expr","locations":[{"start":{"line":98,"column":12},"end":{"line":98,"column":18}},{"start":{"line":98,"column":22},"end":{"line":98,"column":29}},{"start":{"line":98,"column":33},"end":{"line":98,"column":40}},{"start":{"line":98,"column":44},"end":{"line":98,"column":49}},{"start":{"line":98,"column":53},"end":{"line":98,"column":64}},{"start":{"line":98,"column":68},"end":{"line":98,"column":78}},{"start":{"line":98,"column":82},"end":{"line":98,"column":95}}]},"8":{"loc":{"start":{"line":100,"column":20},"end":{"line":100,"column":27}},"type":"if","locations":[{"start":{"line":100,"column":20},"end":{"line":100,"column":27}}]}},"s":{"0":1,"1":1,"2":1,"3":1,"4":1,"5":1,"6":1,"7":1,"8":0,"9":0,"10":0,"11":0,"12":0,"13":0,"14":1,"15":0,"16":0,"17":0,"18":0,"19":0,"20":0,"21":0,"22":0,"23":0,"24":0,"25":0,"26":0,"27":1,"28":0,"29":0,"30":0,"31":0,"32":0,"33":0,"34":0,"35":0,"36":0,"37":0,"38":0,"39":0,"40":0,"41":0,"42":0,"43":0,"44":0,"45":1,"46":0,"47":0,"48":0,"49":0,"50":0,"51":0},"f":{"0":0,"1":0,"2":0,"3":0,"4":0,"5":0,"6":0,"7":0},"b":{"0":[0],"1":[0],"2":[0,0],"3":[0,0],"4":[0,0],"5":[0,0],"6":[0],"7":[0,0,0,0,0,0,0],"8":[0]}}
,"C:\\Users\\biagi\\OneDrive\\Documents\\Desktop\\PROJECT-AUTOMOTIVE\\BackEnd\\src\\routes\\user-routes.ts": {"path":"C:\\Users\\biagi\\OneDrive\\Documents\\Desktop\\PROJECT-AUTOMOTIVE\\BackEnd\\src\\routes\\user-routes.ts","statementMap":{"0":{"start":{"line":1,"column":0},"end":{"line":1,"column":33}},"1":{"start":{"line":2,"column":0},"end":{"line":2,"column":43}},"2":{"start":{"line":3,"column":0},"end":{"line":3,"column":46}},"3":{"start":{"line":5,"column":0},"end":{"line":5,"column":51}},"4":{"start":{"line":6,"column":0},"end":{"line":6,"column":74}},"5":{"start":{"line":7,"column":0},"end":{"line":7,"column":50}},"6":{"start":{"line":8,"column":0},"end":{"line":8,"column":null}},"7":{"start":{"line":13,"column":0},"end":{"line":13,"column":57}},"8":{"start":{"line":14,"column":0},"end":{"line":14,"column":49}},"9":{"start":{"line":86,"column":13},"end":{"line":86,"column":31}},"10":{"start":{"line":88,"column":0},"end":{"line":112,"column":2}},"11":{"start":{"line":92,"column":63},"end":{"line":111,"column":null}},"12":{"start":{"line":94,"column":14},"end":{"line":94,"column":57}},"13":{"start":{"line":96,"column":19},"end":{"line":96,"column":49}},"14":{"start":{"line":96,"column":12},"end":{"line":96,"column":49}},"15":{"start":{"line":97,"column":12},"end":{"line":103,"column":15}},"16":{"start":{"line":105,"column":12},"end":{"line":109,"column":15}},"17":{"start":{"line":114,"column":0},"end":{"line":135,"column":2}},"18":{"start":{"line":118,"column":63},"end":{"line":134,"column":null}},"19":{"start":{"line":120,"column":14},"end":{"line":120,"column":57}},"20":{"start":{"line":122,"column":23},"end":{"line":122,"column":null}},"21":{"start":{"line":122,"column":12},"end":{"line":122,"column":null}},"22":{"start":{"line":123,"column":12},"end":{"line":126,"column":15}},"23":{"start":{"line":128,"column":12},"end":{"line":132,"column":15}},"24":{"start":{"line":138,"column":0},"end":{"line":165,"column":2}},"25":{"start":{"line":142,"column":63},"end":{"line":164,"column":null}},"26":{"start":{"line":144,"column":14},"end":{"line":144,"column":57}},"27":{"start":{"line":145,"column":12},"end":{"line":145,"column":null}},"28":{"start":{"line":147,"column":19},"end":{"line":147,"column":49}},"29":{"start":{"line":147,"column":12},"end":{"line":147,"column":49}},"30":{"start":{"line":148,"column":12},"end":{"line":148,"column":null}},"31":{"start":{"line":148,"column":48},"end":{"line":148,"column":null}},"32":{"start":{"line":151,"column":16},"end":{"line":151,"column":37}},"33":{"start":{"line":151,"column":37},"end":{"line":151,"column":85}},"34":{"start":{"line":151,"column":16},"end":{"line":151,"column":null}},"35":{"start":{"line":153,"column":12},"end":{"line":156,"column":15}},"36":{"start":{"line":158,"column":12},"end":{"line":162,"column":15}},"37":{"start":{"line":169,"column":0},"end":{"line":186,"column":2}},"38":{"start":{"line":173,"column":63},"end":{"line":185,"column":null}},"39":{"start":{"line":174,"column":14},"end":{"line":174,"column":57}},"40":{"start":{"line":176,"column":12},"end":{"line":176,"column":50}},"41":{"start":{"line":177,"column":12},"end":{"line":177,"column":42}},"42":{"start":{"line":179,"column":12},"end":{"line":183,"column":15}},"43":{"start":{"line":189,"column":0},"end":{"line":217,"column":2}},"44":{"start":{"line":193,"column":64},"end":{"line":216,"column":null}},"45":{"start":{"line":194,"column":16},"end":{"line":194,"column":29}},"46":{"start":{"line":196,"column":14},"end":{"line":196,"column":57}},"47":{"start":{"line":198,"column":12},"end":{"line":198,"column":20}},"48":{"start":{"line":200,"column":16},"end":{"line":200,"column":59}},"49":{"start":{"line":201,"column":16},"end":{"line":201,"column":58}},"50":{"start":{"line":203,"column":16},"end":{"line":207,"column":19}},"51":{"start":{"line":210,"column":12},"end":{"line":214,"column":15}},"52":{"start":{"line":219,"column":0},"end":{"line":245,"column":2}},"53":{"start":{"line":223,"column":64},"end":{"line":244,"column":null}},"54":{"start":{"line":224,"column":16},"end":{"line":224,"column":29}},"55":{"start":{"line":225,"column":14},"end":{"line":225,"column":57}},"56":{"start":{"line":226,"column":12},"end":{"line":226,"column":20}},"57":{"start":{"line":228,"column":16},"end":{"line":228,"column":50}},"58":{"start":{"line":229,"column":16},"end":{"line":229,"column":43}},"59":{"start":{"line":231,"column":16},"end":{"line":235,"column":19}},"60":{"start":{"line":238,"column":12},"end":{"line":242,"column":15}},"61":{"start":{"line":247,"column":0},"end":{"line":273,"column":2}},"62":{"start":{"line":251,"column":61},"end":{"line":272,"column":null}},"63":{"start":{"line":252,"column":16},"end":{"line":252,"column":26}},"64":{"start":{"line":253,"column":14},"end":{"line":253,"column":57}},"65":{"start":{"line":254,"column":12},"end":{"line":254,"column":17}},"66":{"start":{"line":256,"column":16},"end":{"line":256,"column":53}},"67":{"start":{"line":257,"column":16},"end":{"line":257,"column":60}},"68":{"start":{"line":259,"column":16},"end":{"line":263,"column":19}},"69":{"start":{"line":266,"column":12},"end":{"line":270,"column":15}},"70":{"start":{"line":276,"column":0},"end":{"line":312,"column":2}},"71":{"start":{"line":280,"column":63},"end":{"line":311,"column":null}},"72":{"start":{"line":281,"column":16},"end":{"line":281,"column":35}},"73":{"start":{"line":282,"column":14},"end":{"line":282,"column":57}},"74":{"start":{"line":283,"column":12},"end":{"line":283,"column":26}},"75":{"start":{"line":285,"column":20},"end":{"line":285,"column":23}},"76":{"start":{"line":286,"column":20},"end":{"line":286,"column":99}},"77":{"start":{"line":287,"column":20},"end":{"line":289,"column":23}},"78":{"start":{"line":292,"column":20},"end":{"line":292,"column":99}},"79":{"start":{"line":293,"column":20},"end":{"line":295,"column":23}},"80":{"start":{"line":298,"column":16},"end":{"line":302,"column":19}},"81":{"start":{"line":305,"column":12},"end":{"line":309,"column":15}}},"fnMap":{"0":{"name":"(anonymous_19)","decl":{"start":{"line":92,"column":4},"end":{"line":92,"column":11}},"loc":{"start":{"line":92,"column":63},"end":{"line":111,"column":null}}},"1":{"name":"(anonymous_20)","decl":{"start":{"line":92,"column":63},"end":{"line":92,"column":null}},"loc":{"start":{"line":92,"column":63},"end":{"line":111,"column":null}}},"2":{"name":"(anonymous_22)","decl":{"start":{"line":118,"column":4},"end":{"line":118,"column":11}},"loc":{"start":{"line":118,"column":63},"end":{"line":134,"column":null}}},"3":{"name":"(anonymous_23)","decl":{"start":{"line":118,"column":63},"end":{"line":118,"column":null}},"loc":{"start":{"line":118,"column":63},"end":{"line":134,"column":null}}},"4":{"name":"(anonymous_25)","decl":{"start":{"line":142,"column":4},"end":{"line":142,"column":11}},"loc":{"start":{"line":142,"column":63},"end":{"line":164,"column":null}}},"5":{"name":"(anonymous_26)","decl":{"start":{"line":142,"column":63},"end":{"line":142,"column":null}},"loc":{"start":{"line":142,"column":63},"end":{"line":164,"column":null}}},"6":{"name":"(anonymous_28)","decl":{"start":{"line":173,"column":4},"end":{"line":173,"column":11}},"loc":{"start":{"line":173,"column":63},"end":{"line":185,"column":null}}},"7":{"name":"(anonymous_29)","decl":{"start":{"line":173,"column":63},"end":{"line":173,"column":null}},"loc":{"start":{"line":173,"column":63},"end":{"line":185,"column":null}}},"8":{"name":"(anonymous_31)","decl":{"start":{"line":193,"column":4},"end":{"line":193,"column":11}},"loc":{"start":{"line":193,"column":64},"end":{"line":216,"column":null}}},"9":{"name":"(anonymous_32)","decl":{"start":{"line":193,"column":64},"end":{"line":193,"column":null}},"loc":{"start":{"line":193,"column":64},"end":{"line":216,"column":null}}},"10":{"name":"(anonymous_34)","decl":{"start":{"line":223,"column":4},"end":{"line":223,"column":11}},"loc":{"start":{"line":223,"column":64},"end":{"line":244,"column":null}}},"11":{"name":"(anonymous_35)","decl":{"start":{"line":223,"column":64},"end":{"line":223,"column":null}},"loc":{"start":{"line":223,"column":64},"end":{"line":244,"column":null}}},"12":{"name":"(anonymous_37)","decl":{"start":{"line":251,"column":4},"end":{"line":251,"column":11}},"loc":{"start":{"line":251,"column":61},"end":{"line":272,"column":null}}},"13":{"name":"(anonymous_38)","decl":{"start":{"line":251,"column":61},"end":{"line":251,"column":null}},"loc":{"start":{"line":251,"column":61},"end":{"line":272,"column":null}}},"14":{"name":"(anonymous_40)","decl":{"start":{"line":280,"column":4},"end":{"line":280,"column":11}},"loc":{"start":{"line":280,"column":63},"end":{"line":311,"column":null}}},"15":{"name":"(anonymous_41)","decl":{"start":{"line":280,"column":63},"end":{"line":280,"column":null}},"loc":{"start":{"line":280,"column":63},"end":{"line":311,"column":null}}}},"branchMap":{"0":{"loc":{"start":{"line":153,"column":12},"end":{"line":156,"column":15}},"type":"switch","locations":[{"start":{"line":153,"column":12},"end":{"line":156,"column":15}}]},"1":{"loc":{"start":{"line":148,"column":12},"end":{"line":148,"column":null}},"type":"if","locations":[{"start":{"line":148,"column":12},"end":{"line":148,"column":null}}]},"2":{"loc":{"start":{"line":210,"column":12},"end":{"line":214,"column":15}},"type":"switch","locations":[{"start":{"line":210,"column":12},"end":{"line":214,"column":15}}]},"3":{"loc":{"start":{"line":198,"column":12},"end":{"line":198,"column":20}},"type":"if","locations":[{"start":{"line":198,"column":12},"end":{"line":198,"column":20}}]},"4":{"loc":{"start":{"line":238,"column":12},"end":{"line":242,"column":15}},"type":"switch","locations":[{"start":{"line":238,"column":12},"end":{"line":242,"column":15}}]},"5":{"loc":{"start":{"line":226,"column":12},"end":{"line":226,"column":20}},"type":"if","locations":[{"start":{"line":226,"column":12},"end":{"line":226,"column":20}}]},"6":{"loc":{"start":{"line":266,"column":12},"end":{"line":270,"column":15}},"type":"switch","locations":[{"start":{"line":266,"column":12},"end":{"line":270,"column":15}}]},"7":{"loc":{"start":{"line":254,"column":12},"end":{"line":254,"column":17}},"type":"if","locations":[{"start":{"line":254,"column":12},"end":{"line":254,"column":17}}]},"8":{"loc":{"start":{"line":292,"column":20},"end":{"line":292,"column":99}},"type":"switch","locations":[{"start":{"line":292,"column":20},"end":{"line":292,"column":99}},{"start":{"line":305,"column":12},"end":{"line":309,"column":15}}]},"9":{"loc":{"start":{"line":283,"column":12},"end":{"line":283,"column":26}},"type":"if","locations":[{"start":{"line":283,"column":12},"end":{"line":283,"column":26}}]},"10":{"loc":{"start":{"line":285,"column":20},"end":{"line":285,"column":23}},"type":"if","locations":[{"start":{"line":285,"column":20},"end":{"line":285,"column":23}}]}},"s":{"0":1,"1":1,"2":1,"3":1,"4":1,"5":1,"6":1,"7":1,"8":1,"9":1,"10":1,"11":0,"12":0,"13":0,"14":0,"15":0,"16":0,"17":1,"18":0,"19":0,"20":0,"21":0,"22":0,"23":0,"24":1,"25":0,"26":0,"27":0,"28":0,"29":0,"30":0,"31":0,"32":0,"33":0,"34":0,"35":0,"36":0,"37":1,"38":0,"39":0,"40":0,"41":0,"42":0,"43":1,"44":2,"45":2,"46":2,"47":3,"48":2,"49":1,"50":0,"51":1,"52":1,"53":0,"54":0,"55":0,"56":0,"57":0,"58":0,"59":0,"60":0,"61":1,"62":0,"63":0,"64":0,"65":0,"66":0,"67":0,"68":0,"69":0,"70":1,"71":0,"72":0,"73":0,"74":0,"75":0,"76":0,"77":0,"78":0,"79":0,"80":0,"81":0},"f":{"0":0,"1":0,"2":0,"3":0,"4":0,"5":0,"6":0,"7":0,"8":2,"9":2,"10":0,"11":0,"12":0,"13":0,"14":0,"15":0},"b":{"0":[0],"1":[0],"2":[1],"3":[1],"4":[0],"5":[0],"6":[0],"7":[0],"8":[0,0],"9":[0],"10":[0]}}
,"C:\\Users\\biagi\\OneDrive\\Documents\\Desktop\\PROJECT-AUTOMOTIVE\\BackEnd\\src\\routes\\utils\\date-utils.ts": {"path":"C:\\Users\\biagi\\OneDrive\\Documents\\Desktop\\PROJECT-AUTOMOTIVE\\BackEnd\\src\\routes\\utils\\date-utils.ts","statementMap":{"0":{"start":{"line":5,"column":29},"end":{"line":7,"column":1}},"1":{"start":{"line":6,"column":4},"end":{"line":6,"column":42}},"2":{"start":{"line":5,"column":13},"end":{"line":5,"column":29}},"3":{"start":{"line":9,"column":31},"end":{"line":11,"column":1}},"4":{"start":{"line":10,"column":4},"end":{"line":10,"column":40}},"5":{"start":{"line":9,"column":13},"end":{"line":9,"column":31}}},"fnMap":{"0":{"name":"(anonymous_0)","decl":{"start":{"line":5,"column":29},"end":{"line":5,"column":30}},"loc":{"start":{"line":5,"column":37},"end":{"line":7,"column":1}}},"1":{"name":"(anonymous_1)","decl":{"start":{"line":9,"column":31},"end":{"line":9,"column":32}},"loc":{"start":{"line":9,"column":51},"end":{"line":11,"column":1}}}},"branchMap":{},"s":{"0":1,"1":2,"2":1,"3":1,"4":0,"5":1},"f":{"0":2,"1":0},"b":{}}
,"C:\\Users\\biagi\\OneDrive\\Documents\\Desktop\\PROJECT-AUTOMOTIVE\\BackEnd\\src\\routes\\utils\\param-checking.ts": {"path":"C:\\Users\\biagi\\OneDrive\\Documents\\Desktop\\PROJECT-AUTOMOTIVE\\BackEnd\\src\\routes\\utils\\param-checking.ts","statementMap":{"0":{"start":{"line":2,"column":0},"end":{"line":2,"column":33}},"1":{"start":{"line":5,"column":0},"end":{"line":5,"column":45}},"2":{"start":{"line":18,"column":32},"end":{"line":35,"column":1}},"3":{"start":{"line":19,"column":27},"end":{"line":19,"column":37}},"4":{"start":{"line":20,"column":26},"end":{"line":20,"column":59}},"5":{"start":{"line":21,"column":27},"end":{"line":21,"column":61}},"6":{"start":{"line":23,"column":4},"end":{"line":29,"column":null}},"7":{"start":{"line":24,"column":8},"end":{"line":28,"column":11}},"8":{"start":{"line":31,"column":4},"end":{"line":31,"column":41}},"9":{"start":{"line":32,"column":4},"end":{"line":32,"column":43}},"10":{"start":{"line":34,"column":4},"end":{"line":34,"column":11}},"11":{"start":{"line":18,"column":13},"end":{"line":18,"column":32}},"12":{"start":{"line":47,"column":30},"end":{"line":59,"column":1}},"13":{"start":{"line":48,"column":4},"end":{"line":58,"column":null}},"14":{"start":{"line":49,"column":8},"end":{"line":49,"column":null}},"15":{"start":{"line":50,"column":8},"end":{"line":50,"column":66}},"16":{"start":{"line":51,"column":8},"end":{"line":51,"column":15}},"17":{"start":{"line":53,"column":8},"end":{"line":57,"column":11}},"18":{"start":{"line":47,"column":13},"end":{"line":47,"column":30}},"19":{"start":{"line":72,"column":33},"end":{"line":83,"column":1}},"20":{"start":{"line":73,"column":4},"end":{"line":82,"column":null}},"21":{"start":{"line":74,"column":8},"end":{"line":74,"column":69}},"22":{"start":{"line":75,"column":8},"end":{"line":75,"column":15}},"23":{"start":{"line":77,"column":8},"end":{"line":81,"column":11}},"24":{"start":{"line":72,"column":13},"end":{"line":72,"column":33}}},"fnMap":{"0":{"name":"(anonymous_0)","decl":{"start":{"line":18,"column":32},"end":{"line":18,"column":42}},"loc":{"start":{"line":18,"column":89},"end":{"line":35,"column":1}}},"1":{"name":"(anonymous_1)","decl":{"start":{"line":47,"column":30},"end":{"line":47,"column":40}},"loc":{"start":{"line":47,"column":100},"end":{"line":59,"column":1}}},"2":{"name":"(anonymous_2)","decl":{"start":{"line":72,"column":33},"end":{"line":72,"column":43}},"loc":{"start":{"line":72,"column":104},"end":{"line":83,"column":1}}}},"branchMap":{"0":{"loc":{"start":{"line":20,"column":26},"end":{"line":20,"column":59}},"type":"binary-expr","locations":[{"start":{"line":20,"column":26},"end":{"line":20,"column":51}},{"start":{"line":20,"column":55},"end":{"line":20,"column":59}}]},"1":{"loc":{"start":{"line":21,"column":27},"end":{"line":21,"column":61}},"type":"binary-expr","locations":[{"start":{"line":21,"column":27},"end":{"line":21,"column":53}},{"start":{"line":21,"column":57},"end":{"line":21,"column":61}}]},"2":{"loc":{"start":{"line":23,"column":4},"end":{"line":29,"column":null}},"type":"if","locations":[{"start":{"line":23,"column":4},"end":{"line":29,"column":null}}]},"3":{"loc":{"start":{"line":23,"column":8},"end":{"line":23,"column":47}},"type":"binary-expr","locations":[{"start":{"line":23,"column":8},"end":{"line":23,"column":25}},{"start":{"line":23,"column":29},"end":{"line":23,"column":47}}]}},"s":{"0":1,"1":1,"2":1,"3":0,"4":0,"5":0,"6":0,"7":0,"8":0,"9":0,"10":0,"11":1,"12":1,"13":3,"14":3,"15":3,"16":2,"17":1,"18":1,"19":1,"20":0,"21":0,"22":0,"23":0,"24":1},"f":{"0":0,"1":3,"2":0},"b":{"0":[0,0],"1":[0,0],"2":[0],"3":[0,0]}}
,"C:\\Users\\biagi\\OneDrive\\Documents\\Desktop\\PROJECT-AUTOMOTIVE\\BackEnd\\src\\routes\\utils\\register-routes.ts": {"path":"C:\\Users\\biagi\\OneDrive\\Documents\\Desktop\\PROJECT-AUTOMOTIVE\\BackEnd\\src\\routes\\utils\\register-routes.ts","statementMap":{"0":{"start":{"line":2,"column":0},"end":{"line":2,"column":54}},"1":{"start":{"line":3,"column":0},"end":{"line":3,"column":53}},"2":{"start":{"line":4,"column":0},"end":{"line":4,"column":42}},"3":{"start":{"line":5,"column":0},"end":{"line":5,"column":64}},"4":{"start":{"line":6,"column":0},"end":{"line":6,"column":58}},"5":{"start":{"line":8,"column":30},"end":{"line":13,"column":1}},"6":{"start":{"line":9,"column":4},"end":{"line":9,"column":38}},"7":{"start":{"line":10,"column":4},"end":{"line":10,"column":null}},"8":{"start":{"line":11,"column":4},"end":{"line":11,"column":null}},"9":{"start":{"line":12,"column":4},"end":{"line":12,"column":null}},"10":{"start":{"line":8,"column":13},"end":{"line":8,"column":30}}},"fnMap":{"0":{"name":"(anonymous_0)","decl":{"start":{"line":8,"column":30},"end":{"line":8,"column":31}},"loc":{"start":{"line":8,"column":43},"end":{"line":13,"column":1}}}},"branchMap":{},"s":{"0":1,"1":1,"2":1,"3":1,"4":1,"5":1,"6":1,"7":1,"8":1,"9":1,"10":1},"f":{"0":1},"b":{}}
}
