{"C:\\Users\\biagi\\OneDrive\\Documents\\Desktop\\PROJECT-AUTOMOTIVE\\BackEnd\\src\\index.ts": {"path":"C:\\Users\\biagi\\OneDrive\\Documents\\Desktop\\PROJECT-AUTOMOTIVE\\BackEnd\\src\\index.ts","statementMap":{"0":{"start":{"line":1,"column":0},"end":{"line":1,"column":33}},"1":{"start":{"line":2,"column":0},"end":{"line":2,"column":29}},"2":{"start":{"line":3,"column":0},"end":{"line":3,"column":29}},"3":{"start":{"line":4,"column":0},"end":{"line":4,"column":43}},"4":{"start":{"line":5,"column":0},"end":{"line":5,"column":64}},"5":{"start":{"line":6,"column":0},"end":{"line":6,"column":24}},"6":{"start":{"line":7,"column":0},"end":{"line":7,"column":32}},"7":{"start":{"line":8,"column":0},"end":{"line":8,"column":38}},"8":{"start":{"line":9,"column":0},"end":{"line":9,"column":42}},"9":{"start":{"line":10,"column":0},"end":{"line":10,"column":35}},"10":{"start":{"line":11,"column":0},"end":{"line":11,"column":50}},"11":{"start":{"line":12,"column":0},"end":{"line":12,"column":26}},"12":{"start":{"line":13,"column":0},"end":{"line":13,"column":78}},"13":{"start":{"line":14,"column":0},"end":{"line":14,"column":89}},"14":{"start":{"line":15,"column":0},"end":{"line":15,"column":34}},"15":{"start":{"line":16,"column":0},"end":{"line":16,"column":96}},"16":{"start":{"line":20,"column":0},"end":{"line":20,"column":63}},"17":{"start":{"line":22,"column":13},"end":{"line":22,"column":38}},"18":{"start":{"line":25,"column":13},"end":{"line":25,"column":43}},"19":{"start":{"line":28,"column":13},"end":{"line":28,"column":68}},"20":{"start":{"line":31,"column":13},"end":{"line":31,"column":113}},"21":{"start":{"line":32,"column":27},"end":{"line":32,"column":57}},"22":{"start":{"line":34,"column":27},"end":{"line":34,"column":53}},"23":{"start":{"line":37,"column":0},"end":{"line":37,"column":38}},"24":{"start":{"line":39,"column":0},"end":{"line":50,"column":null}},"25":{"start":{"line":43,"column":8},"end":{"line":43,"column":39}},"26":{"start":{"line":46,"column":8},"end":{"line":46,"column":65}},"27":{"start":{"line":47,"column":8},"end":{"line":47,"column":25}},"28":{"start":{"line":52,"column":13},"end":{"line":52,"column":62}},"29":{"start":{"line":53,"column":0},"end":{"line":55,"column":3}},"30":{"start":{"line":54,"column":4},"end":{"line":54,"column":70}},"31":{"start":{"line":58,"column":0},"end":{"line":58,"column":16}},"32":{"start":{"line":61,"column":0},"end":{"line":61,"column":48}},"33":{"start":{"line":62,"column":0},"end":{"line":62,"column":24}},"34":{"start":{"line":65,"column":0},"end":{"line":73,"column":3}},"35":{"start":{"line":66,"column":4},"end":{"line":66,"column":51}},"36":{"start":{"line":67,"column":4},"end":{"line":70,"column":6}},"37":{"start":{"line":71,"column":4},"end":{"line":71,"column":52}},"38":{"start":{"line":72,"column":4},"end":{"line":72,"column":11}},"39":{"start":{"line":76,"column":0},"end":{"line":76,"column":68}},"40":{"start":{"line":79,"column":32},"end":{"line":79,"column":62}},"41":{"start":{"line":80,"column":0},"end":{"line":98,"column":null}},"42":{"start":{"line":81,"column":4},"end":{"line":81,"column":49}},"43":{"start":{"line":82,"column":4},"end":{"line":82,"column":50}},"44":{"start":{"line":84,"column":4},"end":{"line":97,"column":6}},"45":{"start":{"line":101,"column":0},"end":{"line":101,"column":20}},"46":{"start":{"line":104,"column":13},"end":{"line":109,"column":3}},"47":{"start":{"line":111,"column":0},"end":{"line":128,"column":3}},"48":{"start":{"line":112,"column":4},"end":{"line":112,"column":74}},"49":{"start":{"line":116,"column":10},"end":{"line":116,"column":90}},"50":{"start":{"line":117,"column":4},"end":{"line":117,"column":26}},"51":{"start":{"line":119,"column":10},"end":{"line":119,"column":null}},"52":{"start":{"line":120,"column":4},"end":{"line":120,"column":null}},"53":{"start":{"line":122,"column":10},"end":{"line":122,"column":null}},"54":{"start":{"line":123,"column":4},"end":{"line":123,"column":null}},"55":{"start":{"line":125,"column":4},"end":{"line":127,"column":7}},"56":{"start":{"line":126,"column":8},"end":{"line":126,"column":79}},"57":{"start":{"line":131,"column":18},"end":{"line":131,"column":50}},"58":{"start":{"line":134,"column":13},"end":{"line":138,"column":3}}},"fnMap":{"0":{"name":"(anonymous_20)","decl":{"start":{"line":42,"column":10},"end":{"line":42,"column":null}},"loc":{"start":{"line":42,"column":10},"end":{"line":44,"column":5}}},"1":{"name":"(anonymous_21)","decl":{"start":{"line":45,"column":11},"end":{"line":45,"column":12}},"loc":{"start":{"line":45,"column":15},"end":{"line":48,"column":5}}},"2":{"name":"(anonymous_22)","decl":{"start":{"line":53,"column":42},"end":{"line":53,"column":null}},"loc":{"start":{"line":53,"column":42},"end":{"line":55,"column":1}}},"3":{"name":"(anonymous_23)","decl":{"start":{"line":65,"column":8},"end":{"line":65,"column":18}},"loc":{"start":{"line":65,"column":32},"end":{"line":73,"column":1}}},"4":{"name":"(anonymous_24)","decl":{"start":{"line":111,"column":26},"end":{"line":111,"column":42}},"loc":{"start":{"line":111,"column":59},"end":{"line":128,"column":2}}},"5":{"name":"(anonymous_27)","decl":{"start":{"line":125,"column":28},"end":{"line":125,"column":null}},"loc":{"start":{"line":125,"column":28},"end":{"line":127,"column":5}}}},"branchMap":{"0":{"loc":{"start":{"line":31,"column":29},"end":{"line":31,"column":112}},"type":"cond-expr","locations":[{"start":{"line":31,"column":47},"end":{"line":31,"column":80}},{"start":{"line":31,"column":84},"end":{"line":31,"column":112}}]},"1":{"loc":{"start":{"line":80,"column":0},"end":{"line":98,"column":null}},"type":"if","locations":[{"start":{"line":80,"column":0},"end":{"line":98,"column":null}}]}},"s":{"0":1,"1":1,"2":1,"3":1,"4":1,"5":1,"6":1,"7":1,"8":1,"9":1,"10":1,"11":1,"12":1,"13":1,"14":1,"15":1,"16":1,"17":1,"18":1,"19":1,"20":1,"21":1,"22":1,"23":1,"24":1,"25":1,"26":0,"27":0,"28":1,"29":1,"30":1,"31":1,"32":1,"33":1,"34":1,"35":2,"36":2,"37":2,"38":2,"39":1,"40":1,"41":1,"42":1,"43":1,"44":1,"45":1,"46":1,"47":1,"48":0,"49":0,"50":0,"51":0,"52":0,"53":0,"54":0,"55":0,"56":0,"57":1,"58":1},"f":{"0":1,"1":0,"2":1,"3":2,"4":0,"5":0},"b":{"0":[1,0],"1":[1]}}
,"C:\\Users\\biagi\\OneDrive\\Documents\\Desktop\\PROJECT-AUTOMOTIVE\\BackEnd\\src\\events\\client-listeners\\friend-request-accepted.ts": {"path":"C:\\Users\\biagi\\OneDrive\\Documents\\Desktop\\PROJECT-AUTOMOTIVE\\BackEnd\\src\\events\\client-listeners\\friend-request-accepted.ts","statementMap":{"0":{"start":{"line":2,"column":0},"end":{"line":2,"column":33}},"1":{"start":{"line":3,"column":0},"end":{"line":3,"column":26}},"2":{"start":{"line":5,"column":0},"end":{"line":5,"column":79}},"3":{"start":{"line":7,"column":0},"end":{"line":7,"column":115}},"4":{"start":{"line":8,"column":0},"end":{"line":8,"column":61}},"5":{"start":{"line":9,"column":0},"end":{"line":9,"column":73}},"6":{"start":{"line":19,"column":0},"end":{"line":19,"column":94}},"7":{"start":{"line":19,"column":51},"end":{"line":19,"column":73}},"8":{"start":{"line":25,"column":8},"end":{"line":25,"column":null}},"9":{"start":{"line":28,"column":11},"end":{"line":62,"column":null}},"10":{"start":{"line":28,"column":4},"end":{"line":28,"column":11}},"11":{"start":{"line":29,"column":8},"end":{"line":61,"column":11}},"12":{"start":{"line":29,"column":58},"end":{"line":61,"column":10}},"13":{"start":{"line":32,"column":16},"end":{"line":32,"column":85}},"14":{"start":{"line":36,"column":16},"end":{"line":36,"column":48}},"15":{"start":{"line":38,"column":16},"end":{"line":44,"column":null}},"16":{"start":{"line":39,"column":20},"end":{"line":43,"column":22}},"17":{"start":{"line":52,"column":16},"end":{"line":52,"column":82}},"18":{"start":{"line":54,"column":16},"end":{"line":59,"column":null}},"19":{"start":{"line":55,"column":20},"end":{"line":58,"column":22}},"20":{"start":{"line":69,"column":25},"end":{"line":71,"column":null}},"21":{"start":{"line":70,"column":8},"end":{"line":70,"column":110}},"22":{"start":{"line":78,"column":25},"end":{"line":85,"column":null}},"23":{"start":{"line":79,"column":14},"end":{"line":79,"column":84}},"24":{"start":{"line":80,"column":43},"end":{"line":80,"column":null}},"25":{"start":{"line":80,"column":14},"end":{"line":80,"column":null}},"26":{"start":{"line":83,"column":14},"end":{"line":83,"column":80}},"27":{"start":{"line":84,"column":8},"end":{"line":84,"column":67}},"28":{"start":{"line":93,"column":12},"end":{"line":104,"column":null}},"29":{"start":{"line":94,"column":59},"end":{"line":96,"column":null}},"30":{"start":{"line":98,"column":59},"end":{"line":101,"column":10}},"31":{"start":{"line":103,"column":8},"end":{"line":103,"column":47}},"32":{"start":{"line":105,"column":0},"end":{"line":105,"column":null}},"33":{"start":{"line":19,"column":13},"end":{"line":19,"column":42}}},"fnMap":{"0":{"name":"(anonymous_20)","decl":{"start":{"line":19,"column":0},"end":{"line":19,"column":13}},"loc":{"start":{"line":19,"column":0},"end":{"line":105,"column":null}}},"1":{"name":"FriendRequestAcceptedListener","decl":{"start":{"line":24,"column":4},"end":{"line":24,"column":16}},"loc":{"start":{"line":24,"column":48},"end":{"line":26,"column":5}}},"2":{"name":"(anonymous_22)","decl":{"start":{"line":28,"column":4},"end":{"line":28,"column":11}},"loc":{"start":{"line":28,"column":4},"end":{"line":62,"column":5}}},"3":{"name":"(anonymous_23)","decl":{"start":{"line":29,"column":21},"end":{"line":29,"column":28}},"loc":{"start":{"line":29,"column":58},"end":{"line":61,"column":10}}},"4":{"name":"(anonymous_24)","decl":{"start":{"line":29,"column":58},"end":{"line":29,"column":null}},"loc":{"start":{"line":29,"column":58},"end":{"line":61,"column":10}}},"5":{"name":"(anonymous_26)","decl":{"start":{"line":69,"column":4},"end":{"line":69,"column":25}},"loc":{"start":{"line":69,"column":77},"end":{"line":71,"column":null}}},"6":{"name":"(anonymous_29)","decl":{"start":{"line":78,"column":4},"end":{"line":78,"column":25}},"loc":{"start":{"line":78,"column":74},"end":{"line":85,"column":null}}},"7":{"name":"(anonymous_32)","decl":{"start":{"line":93,"column":4},"end":{"line":93,"column":12}},"loc":{"start":{"line":93,"column":58},"end":{"line":104,"column":5}}}},"branchMap":{"0":{"loc":{"start":{"line":25,"column":8},"end":{"line":25,"column":null}},"type":"binary-expr","locations":[{"start":{"line":25,"column":8},"end":{"line":25,"column":58}},{"start":{"line":25,"column":58},"end":{"line":25,"column":null}}]},"1":{"loc":{"start":{"line":38,"column":16},"end":{"line":44,"column":null}},"type":"if","locations":[{"start":{"line":38,"column":16},"end":{"line":44,"column":null}}]},"2":{"loc":{"start":{"line":54,"column":16},"end":{"line":59,"column":null}},"type":"if","locations":[{"start":{"line":54,"column":16},"end":{"line":59,"column":null}}]},"3":{"loc":{"start":{"line":70,"column":8},"end":{"line":70,"column":110}},"type":"switch","locations":[{"start":{"line":70,"column":8},"end":{"line":70,"column":110}}]}},"s":{"0":1,"1":1,"2":1,"3":1,"4":1,"5":1,"6":1,"7":1,"8":0,"9":1,"10":0,"11":0,"12":0,"13":0,"14":0,"15":0,"16":0,"17":0,"18":0,"19":0,"20":1,"21":0,"22":1,"23":0,"24":0,"25":0,"26":0,"27":0,"28":1,"29":0,"30":0,"31":0,"32":1,"33":1},"f":{"0":1,"1":0,"2":0,"3":0,"4":0,"5":0,"6":0,"7":0},"b":{"0":[0,0],"1":[0],"2":[0],"3":[0]}}
,"C:\\Users\\biagi\\OneDrive\\Documents\\Desktop\\PROJECT-AUTOMOTIVE\\BackEnd\\src\\events\\client-listeners\\owner-response-listener.ts": {"path":"C:\\Users\\biagi\\OneDrive\\Documents\\Desktop\\PROJECT-AUTOMOTIVE\\BackEnd\\src\\events\\client-listeners\\owner-response-listener.ts","statementMap":{"0":{"start":{"line":4,"column":0},"end":{"line":4,"column":56}},"1":{"start":{"line":6,"column":0},"end":{"line":6,"column":29}},"2":{"start":{"line":14,"column":1},"end":{"line":14,"column":72}},"3":{"start":{"line":14,"column":44},"end":{"line":14,"column":58}},"4":{"start":{"line":16,"column":8},"end":{"line":16,"column":null}},"5":{"start":{"line":19,"column":11},"end":{"line":33,"column":null}},"6":{"start":{"line":19,"column":4},"end":{"line":19,"column":11}},"7":{"start":{"line":20,"column":8},"end":{"line":32,"column":null}},"8":{"start":{"line":20,"column":46},"end":{"line":32,"column":10}},"9":{"start":{"line":23,"column":24},"end":{"line":23,"column":null}},"10":{"start":{"line":23,"column":16},"end":{"line":23,"column":null}},"11":{"start":{"line":26,"column":12},"end":{"line":26,"column":null}},"12":{"start":{"line":29,"column":12},"end":{"line":29,"column":null}},"13":{"start":{"line":31,"column":12},"end":{"line":31,"column":null}},"14":{"start":{"line":34,"column":0},"end":{"line":34,"column":null}},"15":{"start":{"line":14,"column":14},"end":{"line":14,"column":35}}},"fnMap":{"0":{"name":"(anonymous_19)","decl":{"start":{"line":14,"column":1},"end":{"line":14,"column":14}},"loc":{"start":{"line":14,"column":1},"end":{"line":34,"column":null}}},"1":{"name":"OwnerResponseListener","decl":{"start":{"line":15,"column":4},"end":{"line":15,"column":16}},"loc":{"start":{"line":15,"column":30},"end":{"line":17,"column":5}}},"2":{"name":"(anonymous_21)","decl":{"start":{"line":19,"column":4},"end":{"line":19,"column":11}},"loc":{"start":{"line":19,"column":4},"end":{"line":33,"column":5}}},"3":{"name":"(anonymous_22)","decl":{"start":{"line":20,"column":21},"end":{"line":20,"column":28}},"loc":{"start":{"line":20,"column":46},"end":{"line":32,"column":10}}},"4":{"name":"(anonymous_23)","decl":{"start":{"line":20,"column":46},"end":{"line":20,"column":null}},"loc":{"start":{"line":20,"column":46},"end":{"line":32,"column":10}}}},"branchMap":{"0":{"loc":{"start":{"line":16,"column":8},"end":{"line":16,"column":null}},"type":"binary-expr","locations":[{"start":{"line":16,"column":8},"end":{"line":16,"column":39}},{"start":{"line":16,"column":39},"end":{"line":16,"column":null}}]},"1":{"loc":{"start":{"line":23,"column":24},"end":{"line":23,"column":null}},"type":"switch","locations":[{"start":{"line":23,"column":24},"end":{"line":23,"column":null}}]},"2":{"loc":{"start":{"line":31,"column":19},"end":{"line":31,"column":67}},"type":"cond-expr","locations":[{"start":{"line":31,"column":31},"end":{"line":31,"column":48}},{"start":{"line":31,"column":51},"end":{"line":31,"column":67}}]}},"s":{"0":1,"1":1,"2":1,"3":1,"4":0,"5":1,"6":0,"7":0,"8":0,"9":0,"10":0,"11":0,"12":0,"13":0,"14":1,"15":1},"f":{"0":1,"1":0,"2":0,"3":0,"4":0},"b":{"0":[0,0],"1":[0],"2":[0,0]}}
,"C:\\Users\\biagi\\OneDrive\\Documents\\Desktop\\PROJECT-AUTOMOTIVE\\BackEnd\\src\\events\\client-listeners\\server-joined.ts": {"path":"C:\\Users\\biagi\\OneDrive\\Documents\\Desktop\\PROJECT-AUTOMOTIVE\\BackEnd\\src\\events\\client-listeners\\server-joined.ts","statementMap":{"0":{"start":{"line":2,"column":0},"end":{"line":2,"column":26}},"1":{"start":{"line":9,"column":0},"end":{"line":9,"column":73}},"2":{"start":{"line":21,"column":0},"end":{"line":21,"column":74}},"3":{"start":{"line":21,"column":42},"end":{"line":21,"column":64}},"4":{"start":{"line":23,"column":8},"end":{"line":23,"column":null}},"5":{"start":{"line":26,"column":11},"end":{"line":44,"column":null}},"6":{"start":{"line":26,"column":4},"end":{"line":26,"column":11}},"7":{"start":{"line":27,"column":8},"end":{"line":43,"column":11}},"8":{"start":{"line":27,"column":46},"end":{"line":43,"column":10}},"9":{"start":{"line":28,"column":12},"end":{"line":28,"column":46}},"10":{"start":{"line":30,"column":12},"end":{"line":30,"column":88}},"11":{"start":{"line":34,"column":12},"end":{"line":40,"column":15}},"12":{"start":{"line":34,"column":41},"end":{"line":40,"column":14}},"13":{"start":{"line":35,"column":16},"end":{"line":37,"column":18}},"14":{"start":{"line":39,"column":16},"end":{"line":39,"column":57}},"15":{"start":{"line":42,"column":12},"end":{"line":42,"column":37}},"16":{"start":{"line":55,"column":18},"end":{"line":64,"column":null}},"17":{"start":{"line":56,"column":8},"end":{"line":63,"column":null}},"18":{"start":{"line":60,"column":12},"end":{"line":62,"column":14}},"19":{"start":{"line":65,"column":0},"end":{"line":65,"column":null}},"20":{"start":{"line":21,"column":13},"end":{"line":21,"column":33}}},"fnMap":{"0":{"name":"(anonymous_20)","decl":{"start":{"line":21,"column":0},"end":{"line":21,"column":13}},"loc":{"start":{"line":21,"column":0},"end":{"line":65,"column":null}}},"1":{"name":"ServerJoinedListener","decl":{"start":{"line":22,"column":4},"end":{"line":22,"column":16}},"loc":{"start":{"line":22,"column":48},"end":{"line":24,"column":5}}},"2":{"name":"(anonymous_22)","decl":{"start":{"line":26,"column":4},"end":{"line":26,"column":11}},"loc":{"start":{"line":26,"column":4},"end":{"line":44,"column":5}}},"3":{"name":"(anonymous_23)","decl":{"start":{"line":27,"column":21},"end":{"line":27,"column":28}},"loc":{"start":{"line":27,"column":46},"end":{"line":43,"column":10}}},"4":{"name":"(anonymous_24)","decl":{"start":{"line":27,"column":46},"end":{"line":27,"column":null}},"loc":{"start":{"line":27,"column":46},"end":{"line":43,"column":10}}},"5":{"name":"(anonymous_26)","decl":{"start":{"line":34,"column":41},"end":{"line":34,"column":null}},"loc":{"start":{"line":34,"column":41},"end":{"line":40,"column":14}}},"6":{"name":"(anonymous_29)","decl":{"start":{"line":55,"column":4},"end":{"line":55,"column":18}},"loc":{"start":{"line":55,"column":45},"end":{"line":64,"column":null}}}},"branchMap":{"0":{"loc":{"start":{"line":23,"column":8},"end":{"line":23,"column":null}},"type":"binary-expr","locations":[{"start":{"line":23,"column":8},"end":{"line":23,"column":48}},{"start":{"line":23,"column":48},"end":{"line":23,"column":null}}]}},"s":{"0":1,"1":1,"2":1,"3":1,"4":0,"5":1,"6":0,"7":0,"8":0,"9":0,"10":0,"11":0,"12":0,"13":0,"14":0,"15":0,"16":1,"17":0,"18":0,"19":1,"20":1},"f":{"0":1,"1":0,"2":0,"3":0,"4":0,"5":0,"6":0},"b":{"0":[0,0]}}
,"C:\\Users\\biagi\\OneDrive\\Documents\\Desktop\\PROJECT-AUTOMOTIVE\\BackEnd\\src\\events\\client-listeners\\base\\client-listener-notifier.ts": {"path":"C:\\Users\\biagi\\OneDrive\\Documents\\Desktop\\PROJECT-AUTOMOTIVE\\BackEnd\\src\\events\\client-listeners\\base\\client-listener-notifier.ts","statementMap":{"0":{"start":{"line":2,"column":0},"end":{"line":2,"column":51}},"1":{"start":{"line":9,"column":0},"end":{"line":9,"column":73}},"2":{"start":{"line":9,"column":56},"end":{"line":9,"column":70}},"3":{"start":{"line":16,"column":8},"end":{"line":16,"column":null}},"4":{"start":{"line":18,"column":8},"end":{"line":18,"column":33}},"5":{"start":{"line":20,"column":0},"end":{"line":20,"column":null}},"6":{"start":{"line":9,"column":22},"end":{"line":9,"column":44}}},"fnMap":{"0":{"name":"(anonymous_6)","decl":{"start":{"line":9,"column":0},"end":{"line":9,"column":22}},"loc":{"start":{"line":9,"column":0},"end":{"line":20,"column":null}}},"1":{"name":"ClientListenerNotifier","decl":{"start":{"line":15,"column":4},"end":{"line":15,"column":26}},"loc":{"start":{"line":15,"column":79},"end":{"line":19,"column":5}}}},"branchMap":{"0":{"loc":{"start":{"line":16,"column":8},"end":{"line":16,"column":null}},"type":"binary-expr","locations":[{"start":{"line":16,"column":8},"end":{"line":16,"column":34}},{"start":{"line":16,"column":34},"end":{"line":16,"column":null}}]}},"s":{"0":1,"1":1,"2":1,"3":0,"4":0,"5":1,"6":1},"f":{"0":1,"1":0},"b":{"0":[0,0]}}
,"C:\\Users\\biagi\\OneDrive\\Documents\\Desktop\\PROJECT-AUTOMOTIVE\\BackEnd\\src\\events\\client-listeners\\base\\client-listener.ts": {"path":"C:\\Users\\biagi\\OneDrive\\Documents\\Desktop\\PROJECT-AUTOMOTIVE\\BackEnd\\src\\events\\client-listeners\\base\\client-listener.ts","statementMap":{"0":{"start":{"line":7,"column":0},"end":{"line":7,"column":22}},"1":{"start":{"line":12,"column":8},"end":{"line":12,"column":31}},"2":{"start":{"line":13,"column":8},"end":{"line":13,"column":35}},"3":{"start":{"line":16,"column":11},"end":{"line":18,"column":null}},"4":{"start":{"line":17,"column":8},"end":{"line":17,"column":48}},"5":{"start":{"line":20,"column":11},"end":{"line":22,"column":null}},"6":{"start":{"line":21,"column":8},"end":{"line":21,"column":55}},"7":{"start":{"line":23,"column":0},"end":{"line":23,"column":null}},"8":{"start":{"line":7,"column":22},"end":{"line":7,"column":36}}},"fnMap":{"0":{"name":"(anonymous_0)","decl":{"start":{"line":7,"column":0},"end":{"line":7,"column":22}},"loc":{"start":{"line":7,"column":0},"end":{"line":23,"column":null}}},"1":{"name":"ClientListener","decl":{"start":{"line":11,"column":4},"end":{"line":11,"column":26}},"loc":{"start":{"line":11,"column":61},"end":{"line":14,"column":5}}},"2":{"name":"(anonymous_2)","decl":{"start":{"line":16,"column":4},"end":{"line":16,"column":11}},"loc":{"start":{"line":16,"column":58},"end":{"line":18,"column":5}}},"3":{"name":"(anonymous_3)","decl":{"start":{"line":20,"column":4},"end":{"line":20,"column":11}},"loc":{"start":{"line":20,"column":4},"end":{"line":22,"column":5}}}},"branchMap":{},"s":{"0":1,"1":0,"2":0,"3":1,"4":0,"5":1,"6":0,"7":1,"8":1},"f":{"0":1,"1":0,"2":0,"3":0},"b":{}}
,"C:\\Users\\biagi\\OneDrive\\Documents\\Desktop\\PROJECT-AUTOMOTIVE\\BackEnd\\src\\events\\emitters\\enjoyer-request-emitter.ts": {"path":"C:\\Users\\biagi\\OneDrive\\Documents\\Desktop\\PROJECT-AUTOMOTIVE\\BackEnd\\src\\events\\emitters\\enjoyer-request-emitter.ts","statementMap":{"0":{"start":{"line":3,"column":0},"end":{"line":3,"column":50}},"1":{"start":{"line":13,"column":0},"end":{"line":13,"column":70}},"2":{"start":{"line":13,"column":43},"end":{"line":13,"column":54}},"3":{"start":{"line":19,"column":34},"end":{"line":19,"column":51}},"4":{"start":{"line":21,"column":8},"end":{"line":21,"column":null}},"5":{"start":{"line":23,"column":0},"end":{"line":23,"column":null}},"6":{"start":{"line":13,"column":13},"end":{"line":13,"column":34}}},"fnMap":{"0":{"name":"(anonymous_6)","decl":{"start":{"line":13,"column":0},"end":{"line":13,"column":13}},"loc":{"start":{"line":13,"column":0},"end":{"line":23,"column":null}}},"1":{"name":"EnjoyerRequestEmitter","decl":{"start":{"line":18,"column":4},"end":{"line":18,"column":23}},"loc":{"start":{"line":18,"column":64},"end":{"line":22,"column":5}}}},"branchMap":{"0":{"loc":{"start":{"line":21,"column":8},"end":{"line":21,"column":null}},"type":"binary-expr","locations":[{"start":{"line":21,"column":8},"end":{"line":21,"column":54}},{"start":{"line":21,"column":54},"end":{"line":21,"column":null}}]}},"s":{"0":1,"1":1,"2":1,"3":0,"4":0,"5":1,"6":1},"f":{"0":1,"1":0},"b":{"0":[0,0]}}
,"C:\\Users\\biagi\\OneDrive\\Documents\\Desktop\\PROJECT-AUTOMOTIVE\\BackEnd\\src\\events\\emitters\\friend-status-changed.ts": {"path":"C:\\Users\\biagi\\OneDrive\\Documents\\Desktop\\PROJECT-AUTOMOTIVE\\BackEnd\\src\\events\\emitters\\friend-status-changed.ts","statementMap":{"0":{"start":{"line":4,"column":0},"end":{"line":4,"column":50}},"1":{"start":{"line":12,"column":0},"end":{"line":12,"column":84}},"2":{"start":{"line":12,"column":48},"end":{"line":12,"column":59}},"3":{"start":{"line":18,"column":34},"end":{"line":18,"column":57}},"4":{"start":{"line":20,"column":8},"end":{"line":20,"column":null}},"5":{"start":{"line":22,"column":0},"end":{"line":22,"column":null}},"6":{"start":{"line":12,"column":13},"end":{"line":12,"column":39}}},"fnMap":{"0":{"name":"(anonymous_6)","decl":{"start":{"line":12,"column":0},"end":{"line":12,"column":13}},"loc":{"start":{"line":12,"column":0},"end":{"line":22,"column":null}}},"1":{"name":"FriendStatusChangedEmitter","decl":{"start":{"line":17,"column":4},"end":{"line":17,"column":23}},"loc":{"start":{"line":17,"column":67},"end":{"line":21,"column":5}}}},"branchMap":{"0":{"loc":{"start":{"line":20,"column":8},"end":{"line":20,"column":null}},"type":"binary-expr","locations":[{"start":{"line":20,"column":8},"end":{"line":20,"column":57}},{"start":{"line":20,"column":57},"end":{"line":20,"column":null}}]}},"s":{"0":1,"1":1,"2":1,"3":0,"4":0,"5":1,"6":1},"f":{"0":1,"1":0},"b":{"0":[0,0]}}
,"C:\\Users\\biagi\\OneDrive\\Documents\\Desktop\\PROJECT-AUTOMOTIVE\\BackEnd\\src\\events\\emitters\\notification-deleted.ts": {"path":"C:\\Users\\biagi\\OneDrive\\Documents\\Desktop\\PROJECT-AUTOMOTIVE\\BackEnd\\src\\events\\emitters\\notification-deleted.ts","statementMap":{"0":{"start":{"line":4,"column":0},"end":{"line":4,"column":50}},"1":{"start":{"line":12,"column":0},"end":{"line":12,"column":77}},"2":{"start":{"line":12,"column":48},"end":{"line":12,"column":59}},"3":{"start":{"line":18,"column":34},"end":{"line":18,"column":56}},"4":{"start":{"line":20,"column":8},"end":{"line":20,"column":null}},"5":{"start":{"line":22,"column":0},"end":{"line":22,"column":null}},"6":{"start":{"line":12,"column":13},"end":{"line":12,"column":39}}},"fnMap":{"0":{"name":"(anonymous_6)","decl":{"start":{"line":12,"column":0},"end":{"line":12,"column":13}},"loc":{"start":{"line":12,"column":0},"end":{"line":22,"column":null}}},"1":{"name":"NotificationDeletedEmitter","decl":{"start":{"line":17,"column":4},"end":{"line":17,"column":23}},"loc":{"start":{"line":17,"column":63},"end":{"line":21,"column":5}}}},"branchMap":{"0":{"loc":{"start":{"line":20,"column":8},"end":{"line":20,"column":null}},"type":"binary-expr","locations":[{"start":{"line":20,"column":8},"end":{"line":20,"column":53}},{"start":{"line":20,"column":53},"end":{"line":20,"column":null}}]}},"s":{"0":0,"1":0,"2":0,"3":0,"4":0,"5":0,"6":0},"f":{"0":0,"1":0},"b":{"0":[0,0]}}
,"C:\\Users\\biagi\\OneDrive\\Documents\\Desktop\\PROJECT-AUTOMOTIVE\\BackEnd\\src\\events\\emitters\\notification-received.ts": {"path":"C:\\Users\\biagi\\OneDrive\\Documents\\Desktop\\PROJECT-AUTOMOTIVE\\BackEnd\\src\\events\\emitters\\notification-received.ts","statementMap":{"0":{"start":{"line":4,"column":0},"end":{"line":4,"column":50}},"1":{"start":{"line":12,"column":0},"end":{"line":12,"column":78}},"2":{"start":{"line":12,"column":49},"end":{"line":12,"column":60}},"3":{"start":{"line":18,"column":34},"end":{"line":18,"column":57}},"4":{"start":{"line":20,"column":8},"end":{"line":20,"column":null}},"5":{"start":{"line":22,"column":0},"end":{"line":22,"column":null}},"6":{"start":{"line":12,"column":13},"end":{"line":12,"column":40}}},"fnMap":{"0":{"name":"(anonymous_6)","decl":{"start":{"line":12,"column":0},"end":{"line":12,"column":13}},"loc":{"start":{"line":12,"column":0},"end":{"line":22,"column":null}}},"1":{"name":"NotificationReceivedEmitter","decl":{"start":{"line":17,"column":4},"end":{"line":17,"column":23}},"loc":{"start":{"line":17,"column":63},"end":{"line":21,"column":5}}}},"branchMap":{"0":{"loc":{"start":{"line":20,"column":8},"end":{"line":20,"column":null}},"type":"binary-expr","locations":[{"start":{"line":20,"column":8},"end":{"line":20,"column":53}},{"start":{"line":20,"column":53},"end":{"line":20,"column":null}}]}},"s":{"0":1,"1":1,"2":1,"3":0,"4":0,"5":1,"6":1},"f":{"0":1,"1":0},"b":{"0":[0,0]}}
,"C:\\Users\\biagi\\OneDrive\\Documents\\Desktop\\PROJECT-AUTOMOTIVE\\BackEnd\\src\\events\\emitters\\base\\emitter.ts": {"path":"C:\\Users\\biagi\\OneDrive\\Documents\\Desktop\\PROJECT-AUTOMOTIVE\\BackEnd\\src\\events\\emitters\\base\\emitter.ts","statementMap":{"0":{"start":{"line":8,"column":0},"end":{"line":8,"column":22}},"1":{"start":{"line":13,"column":8},"end":{"line":13,"column":33}},"2":{"start":{"line":14,"column":8},"end":{"line":14,"column":35}},"3":{"start":{"line":17,"column":11},"end":{"line":19,"column":null}},"4":{"start":{"line":18,"column":8},"end":{"line":18,"column":49}},"5":{"start":{"line":20,"column":0},"end":{"line":20,"column":null}},"6":{"start":{"line":8,"column":22},"end":{"line":8,"column":29}}},"fnMap":{"0":{"name":"(anonymous_0)","decl":{"start":{"line":8,"column":0},"end":{"line":8,"column":22}},"loc":{"start":{"line":8,"column":0},"end":{"line":20,"column":null}}},"1":{"name":"Emitter","decl":{"start":{"line":12,"column":4},"end":{"line":12,"column":26}},"loc":{"start":{"line":12,"column":61},"end":{"line":15,"column":5}}},"2":{"name":"(anonymous_2)","decl":{"start":{"line":17,"column":4},"end":{"line":17,"column":11}},"loc":{"start":{"line":17,"column":24},"end":{"line":19,"column":5}}}},"branchMap":{},"s":{"0":1,"1":0,"2":0,"3":1,"4":0,"5":1,"6":1},"f":{"0":1,"1":0,"2":0},"b":{}}
,"C:\\Users\\biagi\\OneDrive\\Documents\\Desktop\\PROJECT-AUTOMOTIVE\\BackEnd\\src\\events\\emitters\\base\\room-emitter.ts": {"path":"C:\\Users\\biagi\\OneDrive\\Documents\\Desktop\\PROJECT-AUTOMOTIVE\\BackEnd\\src\\events\\emitters\\base\\room-emitter.ts","statementMap":{"0":{"start":{"line":3,"column":0},"end":{"line":3,"column":36}},"1":{"start":{"line":9,"column":0},"end":{"line":9,"column":46}},"2":{"start":{"line":9,"column":36},"end":{"line":9,"column":43}},"3":{"start":{"line":16,"column":8},"end":{"line":16,"column":null}},"4":{"start":{"line":18,"column":8},"end":{"line":18,"column":33}},"5":{"start":{"line":25,"column":11},"end":{"line":27,"column":null}},"6":{"start":{"line":26,"column":8},"end":{"line":26,"column":67}},"7":{"start":{"line":28,"column":0},"end":{"line":28,"column":null}},"8":{"start":{"line":9,"column":13},"end":{"line":9,"column":24}}},"fnMap":{"0":{"name":"(anonymous_6)","decl":{"start":{"line":9,"column":0},"end":{"line":9,"column":13}},"loc":{"start":{"line":9,"column":0},"end":{"line":28,"column":null}}},"1":{"name":"RoomEmitter","decl":{"start":{"line":15,"column":4},"end":{"line":15,"column":16}},"loc":{"start":{"line":15,"column":69},"end":{"line":19,"column":5}}},"2":{"name":"(anonymous_8)","decl":{"start":{"line":25,"column":4},"end":{"line":25,"column":11}},"loc":{"start":{"line":25,"column":23},"end":{"line":27,"column":5}}}},"branchMap":{"0":{"loc":{"start":{"line":16,"column":8},"end":{"line":16,"column":null}},"type":"binary-expr","locations":[{"start":{"line":16,"column":8},"end":{"line":16,"column":34}},{"start":{"line":16,"column":34},"end":{"line":16,"column":null}}]}},"s":{"0":1,"1":1,"2":1,"3":0,"4":0,"5":1,"6":0,"7":1,"8":1},"f":{"0":1,"1":0,"2":0},"b":{"0":[0,0]}}
,"C:\\Users\\biagi\\OneDrive\\Documents\\Desktop\\PROJECT-AUTOMOTIVE\\BackEnd\\src\\model\\ban-list\\ban-list-pool.ts": {"path":"C:\\Users\\biagi\\OneDrive\\Documents\\Desktop\\PROJECT-AUTOMOTIVE\\BackEnd\\src\\model\\ban-list\\ban-list-pool.ts","statementMap":{"0":{"start":{"line":2,"column":0},"end":{"line":2,"column":28}},"1":{"start":{"line":3,"column":0},"end":{"line":3,"column":61}},"2":{"start":{"line":16,"column":0},"end":{"line":16,"column":13}},"3":{"start":{"line":18,"column":17},"end":{"line":37,"column":null}},"4":{"start":{"line":21,"column":20},"end":{"line":21,"column":null}},"5":{"start":{"line":21,"column":12},"end":{"line":21,"column":null}},"6":{"start":{"line":24,"column":8},"end":{"line":27,"column":null}},"7":{"start":{"line":30,"column":8},"end":{"line":30,"column":null}},"8":{"start":{"line":33,"column":8},"end":{"line":33,"column":null}},"9":{"start":{"line":36,"column":8},"end":{"line":36,"column":null}},"10":{"start":{"line":39,"column":25},"end":{"line":51,"column":null}},"11":{"start":{"line":41,"column":16},"end":{"line":43,"column":14}},"12":{"start":{"line":45,"column":16},"end":{"line":45,"column":null}},"13":{"start":{"line":47,"column":16},"end":{"line":47,"column":25}},"14":{"start":{"line":47,"column":32},"end":{"line":47,"column":null}},"15":{"start":{"line":50,"column":8},"end":{"line":50,"column":null}},"16":{"start":{"line":53,"column":17},"end":{"line":61,"column":null}},"17":{"start":{"line":54,"column":20},"end":{"line":54,"column":null}},"18":{"start":{"line":54,"column":12},"end":{"line":54,"column":null}},"19":{"start":{"line":56,"column":20},"end":{"line":56,"column":null}},"20":{"start":{"line":56,"column":12},"end":{"line":56,"column":null}},"21":{"start":{"line":58,"column":8},"end":{"line":58,"column":null}},"22":{"start":{"line":60,"column":8},"end":{"line":60,"column":null}},"23":{"start":{"line":62,"column":0},"end":{"line":62,"column":null}},"24":{"start":{"line":16,"column":13},"end":{"line":16,"column":24}}},"fnMap":{"0":{"name":"(anonymous_13)","decl":{"start":{"line":16,"column":0},"end":{"line":16,"column":13}},"loc":{"start":{"line":16,"column":0},"end":{"line":62,"column":null}}},"1":{"name":"(anonymous_15)","decl":{"start":{"line":18,"column":4},"end":{"line":18,"column":17}},"loc":{"start":{"line":18,"column":47},"end":{"line":37,"column":null}}},"2":{"name":"(anonymous_18)","decl":{"start":{"line":39,"column":4},"end":{"line":39,"column":25}},"loc":{"start":{"line":39,"column":55},"end":{"line":51,"column":null}}},"3":{"name":"(anonymous_21)","decl":{"start":{"line":53,"column":4},"end":{"line":53,"column":17}},"loc":{"start":{"line":53,"column":42},"end":{"line":61,"column":null}}}},"branchMap":{"0":{"loc":{"start":{"line":21,"column":20},"end":{"line":21,"column":null}},"type":"switch","locations":[{"start":{"line":21,"column":20},"end":{"line":21,"column":null}}]},"1":{"loc":{"start":{"line":50,"column":8},"end":{"line":50,"column":null}},"type":"switch","locations":[{"start":{"line":50,"column":8},"end":{"line":50,"column":null}}]},"2":{"loc":{"start":{"line":47,"column":16},"end":{"line":47,"column":25}},"type":"if","locations":[{"start":{"line":47,"column":16},"end":{"line":47,"column":25}}]},"3":{"loc":{"start":{"line":54,"column":20},"end":{"line":54,"column":null}},"type":"switch","locations":[{"start":{"line":54,"column":20},"end":{"line":54,"column":null}}]}},"s":{"0":0,"1":0,"2":0,"3":0,"4":0,"5":0,"6":0,"7":0,"8":0,"9":0,"10":0,"11":0,"12":0,"13":0,"14":0,"15":0,"16":0,"17":0,"18":0,"19":0,"20":0,"21":0,"22":0,"23":0,"24":0},"f":{"0":0,"1":0,"2":0,"3":0},"b":{"0":[0],"1":[0],"2":[0],"3":[0]}}
,"C:\\Users\\biagi\\OneDrive\\Documents\\Desktop\\PROJECT-AUTOMOTIVE\\BackEnd\\src\\model\\database\\document.ts": {"path":"C:\\Users\\biagi\\OneDrive\\Documents\\Desktop\\PROJECT-AUTOMOTIVE\\BackEnd\\src\\model\\database\\document.ts","statementMap":{"0":{"start":{"line":1,"column":0},"end":{"line":1,"column":54}},"1":{"start":{"line":3,"column":0},"end":{"line":3,"column":null}},"2":{"start":{"line":4,"column":4},"end":{"line":4,"column":null}},"3":{"start":{"line":5,"column":4},"end":{"line":5,"column":null}},"4":{"start":{"line":22,"column":13},"end":{"line":41,"column":null}}},"fnMap":{"0":{"name":"(anonymous_0)","decl":{"start":{"line":3,"column":0},"end":{"line":3,"column":12}},"loc":{"start":{"line":3,"column":20},"end":{"line":7,"column":1}}}},"branchMap":{"0":{"loc":{"start":{"line":3,"column":12},"end":{"line":3,"column":null}},"type":"binary-expr","locations":[{"start":{"line":3,"column":12},"end":{"line":3,"column":20}},{"start":{"line":3,"column":12},"end":{"line":3,"column":null}}]}},"s":{"0":1,"1":1,"2":1,"3":1,"4":1},"f":{"0":1},"b":{"0":[1,1]}}
,"C:\\Users\\biagi\\OneDrive\\Documents\\Desktop\\PROJECT-AUTOMOTIVE\\BackEnd\\src\\model\\database\\legalInfos.ts": {"path":"C:\\Users\\biagi\\OneDrive\\Documents\\Desktop\\PROJECT-AUTOMOTIVE\\BackEnd\\src\\model\\database\\legalInfos.ts","statementMap":{"0":{"start":{"line":1,"column":0},"end":{"line":1,"column":64}},"1":{"start":{"line":22,"column":13},"end":{"line":30,"column":null}}},"fnMap":{},"branchMap":{},"s":{"0":1,"1":1},"f":{},"b":{}}
,"C:\\Users\\biagi\\OneDrive\\Documents\\Desktop\\PROJECT-AUTOMOTIVE\\BackEnd\\src\\model\\database\\my-vehicle.ts": {"path":"C:\\Users\\biagi\\OneDrive\\Documents\\Desktop\\PROJECT-AUTOMOTIVE\\BackEnd\\src\\model\\database\\my-vehicle.ts","statementMap":{"0":{"start":{"line":1,"column":0},"end":{"line":1,"column":37}},"1":{"start":{"line":2,"column":0},"end":{"line":2,"column":93}},"2":{"start":{"line":4,"column":0},"end":{"line":4,"column":29}},"3":{"start":{"line":5,"column":0},"end":{"line":5,"column":86}},"4":{"start":{"line":6,"column":0},"end":{"line":6,"column":82}},"5":{"start":{"line":7,"column":0},"end":{"line":7,"column":52}},"6":{"start":{"line":8,"column":0},"end":{"line":8,"column":null}},"7":{"start":{"line":16,"column":0},"end":{"line":16,"column":28}},"8":{"start":{"line":24,"column":0},"end":{"line":24,"column":null}},"9":{"start":{"line":25,"column":4},"end":{"line":25,"column":null}},"10":{"start":{"line":29,"column":0},"end":{"line":29,"column":null}},"11":{"start":{"line":30,"column":4},"end":{"line":30,"column":null}},"12":{"start":{"line":31,"column":4},"end":{"line":31,"column":null}},"13":{"start":{"line":101,"column":13},"end":{"line":136,"column":null}},"14":{"start":{"line":127,"column":27},"end":{"line":127,"column":null}},"15":{"start":{"line":142,"column":0},"end":{"line":158,"column":2}},"16":{"start":{"line":143,"column":25},"end":{"line":147,"column":null}},"17":{"start":{"line":146,"column":12},"end":{"line":146,"column":null}},"18":{"start":{"line":143,"column":10},"end":{"line":147,"column":null}},"19":{"start":{"line":149,"column":20},"end":{"line":153,"column":null}},"20":{"start":{"line":152,"column":12},"end":{"line":152,"column":null}},"21":{"start":{"line":149,"column":10},"end":{"line":153,"column":null}},"22":{"start":{"line":155,"column":4},"end":{"line":155,"column":21}},"23":{"start":{"line":156,"column":4},"end":{"line":156,"column":28}},"24":{"start":{"line":157,"column":4},"end":{"line":157,"column":23}},"25":{"start":{"line":160,"column":0},"end":{"line":168,"column":2}},"26":{"start":{"line":161,"column":21},"end":{"line":165,"column":null}},"27":{"start":{"line":164,"column":12},"end":{"line":164,"column":null}},"28":{"start":{"line":161,"column":10},"end":{"line":165,"column":null}},"29":{"start":{"line":167,"column":4},"end":{"line":167,"column":38}},"30":{"start":{"line":170,"column":13},"end":{"line":170,"column":118}},"31":{"start":{"line":173,"column":19},"end":{"line":175,"column":null}},"32":{"start":{"line":174,"column":8},"end":{"line":174,"column":null}},"33":{"start":{"line":173,"column":10},"end":{"line":175,"column":null}},"34":{"start":{"line":177,"column":4},"end":{"line":179,"column":34}},"35":{"start":{"line":172,"column":0},"end":{"line":172,"column":22}},"36":{"start":{"line":183,"column":10},"end":{"line":183,"column":67}},"37":{"start":{"line":184,"column":4},"end":{"line":184,"column":null}},"38":{"start":{"line":184,"column":38},"end":{"line":184,"column":95}},"39":{"start":{"line":185,"column":4},"end":{"line":185,"column":null}},"40":{"start":{"line":182,"column":0},"end":{"line":182,"column":22}},"41":{"start":{"line":191,"column":18},"end":{"line":191,"column":null}},"42":{"start":{"line":191,"column":8},"end":{"line":191,"column":null}},"43":{"start":{"line":193,"column":12},"end":{"line":193,"column":null}},"44":{"start":{"line":196,"column":8},"end":{"line":196,"column":null}},"45":{"start":{"line":199,"column":43},"end":{"line":201,"column":null}},"46":{"start":{"line":200,"column":8},"end":{"line":200,"column":null}},"47":{"start":{"line":199,"column":10},"end":{"line":201,"column":null}},"48":{"start":{"line":203,"column":4},"end":{"line":205,"column":28}},"49":{"start":{"line":188,"column":0},"end":{"line":188,"column":22}},"50":{"start":{"line":209,"column":8},"end":{"line":209,"column":null}},"51":{"start":{"line":211,"column":19},"end":{"line":211,"column":null}},"52":{"start":{"line":211,"column":8},"end":{"line":211,"column":null}},"53":{"start":{"line":213,"column":8},"end":{"line":213,"column":null}},"54":{"start":{"line":213,"column":43},"end":{"line":213,"column":87}},"55":{"start":{"line":216,"column":8},"end":{"line":216,"column":null}},"56":{"start":{"line":219,"column":4},"end":{"line":221,"column":null}},"57":{"start":{"line":208,"column":0},"end":{"line":208,"column":22}},"58":{"start":{"line":229,"column":18},"end":{"line":229,"column":44}},"59":{"start":{"line":229,"column":8},"end":{"line":229,"column":44}},"60":{"start":{"line":230,"column":8},"end":{"line":230,"column":44}},"61":{"start":{"line":232,"column":8},"end":{"line":232,"column":35}},"62":{"start":{"line":234,"column":4},"end":{"line":234,"column":29}},"63":{"start":{"line":226,"column":0},"end":{"line":226,"column":22}},"64":{"start":{"line":238,"column":32},"end":{"line":245,"column":2}},"65":{"start":{"line":240,"column":28},"end":{"line":245,"column":2}},"66":{"start":{"line":242,"column":42},"end":{"line":242,"column":null}},"67":{"start":{"line":242,"column":8},"end":{"line":242,"column":null}},"68":{"start":{"line":243,"column":4},"end":{"line":243,"column":31}},"69":{"start":{"line":244,"column":4},"end":{"line":244,"column":27}},"70":{"start":{"line":238,"column":13},"end":{"line":238,"column":32}},"71":{"start":{"line":265,"column":8},"end":{"line":265,"column":null}},"72":{"start":{"line":268,"column":14},"end":{"line":268,"column":null}},"73":{"start":{"line":268,"column":4},"end":{"line":268,"column":null}},"74":{"start":{"line":270,"column":10},"end":{"line":270,"column":null}},"75":{"start":{"line":273,"column":4},"end":{"line":276,"column":null}},"76":{"start":{"line":274,"column":8},"end":{"line":275,"column":null}},"77":{"start":{"line":275,"column":12},"end":{"line":275,"column":null}},"78":{"start":{"line":278,"column":4},"end":{"line":284,"column":null}},"79":{"start":{"line":288,"column":16},"end":{"line":288,"column":null}},"80":{"start":{"line":288,"column":8},"end":{"line":288,"column":null}},"81":{"start":{"line":291,"column":8},"end":{"line":301,"column":null}},"82":{"start":{"line":291,"column":31},"end":{"line":301,"column":7}},"83":{"start":{"line":292,"column":23},"end":{"line":292,"column":65}},"84":{"start":{"line":292,"column":8},"end":{"line":292,"column":null}},"85":{"start":{"line":293,"column":12},"end":{"line":293,"column":15}},"86":{"start":{"line":294,"column":12},"end":{"line":296,"column":null}},"87":{"start":{"line":296,"column":28},"end":{"line":296,"column":85}},"88":{"start":{"line":297,"column":12},"end":{"line":297,"column":null}},"89":{"start":{"line":298,"column":12},"end":{"line":298,"column":null}},"90":{"start":{"line":300,"column":13},"end":{"line":300,"column":null}},"91":{"start":{"line":300,"column":34},"end":{"line":300,"column":null}},"92":{"start":{"line":303,"column":4},"end":{"line":312,"column":null}},"93":{"start":{"line":303,"column":15},"end":{"line":312,"column":7}},"94":{"start":{"line":304,"column":8},"end":{"line":304,"column":null}},"95":{"start":{"line":305,"column":8},"end":{"line":305,"column":null}},"96":{"start":{"line":305,"column":24},"end":{"line":305,"column":null}},"97":{"start":{"line":308,"column":8},"end":{"line":308,"column":null}},"98":{"start":{"line":311,"column":8},"end":{"line":311,"column":null}},"99":{"start":{"line":256,"column":0},"end":{"line":256,"column":22}},"100":{"start":{"line":316,"column":25},"end":{"line":320,"column":null}},"101":{"start":{"line":319,"column":12},"end":{"line":319,"column":null}},"102":{"start":{"line":316,"column":10},"end":{"line":320,"column":null}},"103":{"start":{"line":322,"column":20},"end":{"line":326,"column":null}},"104":{"start":{"line":325,"column":12},"end":{"line":325,"column":null}},"105":{"start":{"line":322,"column":10},"end":{"line":326,"column":null}},"106":{"start":{"line":328,"column":17},"end":{"line":331,"column":null}},"107":{"start":{"line":331,"column":20},"end":{"line":331,"column":77}},"108":{"start":{"line":328,"column":8},"end":{"line":331,"column":null}},"109":{"start":{"line":333,"column":4},"end":{"line":333,"column":null}},"110":{"start":{"line":333,"column":17},"end":{"line":333,"column":null}},"111":{"start":{"line":335,"column":4},"end":{"line":335,"column":null}},"112":{"start":{"line":315,"column":0},"end":{"line":315,"column":22}},"113":{"start":{"line":340,"column":17},"end":{"line":342,"column":null}},"114":{"start":{"line":342,"column":20},"end":{"line":342,"column":77}},"115":{"start":{"line":340,"column":8},"end":{"line":342,"column":null}},"116":{"start":{"line":344,"column":4},"end":{"line":344,"column":null}},"117":{"start":{"line":344,"column":17},"end":{"line":344,"column":null}},"118":{"start":{"line":346,"column":4},"end":{"line":346,"column":null}},"119":{"start":{"line":346,"column":34},"end":{"line":346,"column":null}},"120":{"start":{"line":348,"column":4},"end":{"line":348,"column":null}},"121":{"start":{"line":339,"column":0},"end":{"line":339,"column":22}},"122":{"start":{"line":353,"column":42},"end":{"line":353,"column":null}},"123":{"start":{"line":353,"column":8},"end":{"line":353,"column":null}},"124":{"start":{"line":355,"column":17},"end":{"line":357,"column":null}},"125":{"start":{"line":357,"column":20},"end":{"line":357,"column":77}},"126":{"start":{"line":355,"column":8},"end":{"line":357,"column":null}},"127":{"start":{"line":359,"column":4},"end":{"line":359,"column":null}},"128":{"start":{"line":359,"column":17},"end":{"line":359,"column":null}},"129":{"start":{"line":360,"column":4},"end":{"line":360,"column":null}},"130":{"start":{"line":361,"column":4},"end":{"line":361,"column":null}},"131":{"start":{"line":352,"column":0},"end":{"line":352,"column":22}}},"fnMap":{"0":{"name":"(anonymous_20)","decl":{"start":{"line":24,"column":0},"end":{"line":24,"column":12}},"loc":{"start":{"line":24,"column":22},"end":{"line":27,"column":1}}},"1":{"name":"(anonymous_21)","decl":{"start":{"line":29,"column":0},"end":{"line":29,"column":12}},"loc":{"start":{"line":29,"column":25},"end":{"line":32,"column":1}}},"2":{"name":"(anonymous_22)","decl":{"start":{"line":127,"column":21},"end":{"line":127,"column":27}},"loc":{"start":{"line":127,"column":21},"end":{"line":127,"column":28}}},"3":{"name":"(anonymous_23)","decl":{"start":{"line":142,"column":38},"end":{"line":142,"column":54}},"loc":{"start":{"line":142,"column":65},"end":{"line":158,"column":2}}},"4":{"name":"(anonymous_26)","decl":{"start":{"line":145,"column":15},"end":{"line":145,"column":16}},"loc":{"start":{"line":145,"column":21},"end":{"line":146,"column":19}}},"5":{"name":"(anonymous_27)","decl":{"start":{"line":151,"column":15},"end":{"line":151,"column":16}},"loc":{"start":{"line":151,"column":21},"end":{"line":152,"column":19}}},"6":{"name":"(anonymous_28)","decl":{"start":{"line":160,"column":43},"end":{"line":160,"column":59}},"loc":{"start":{"line":160,"column":70},"end":{"line":168,"column":2}}},"7":{"name":"(anonymous_31)","decl":{"start":{"line":163,"column":15},"end":{"line":163,"column":16}},"loc":{"start":{"line":163,"column":21},"end":{"line":164,"column":19}}},"8":{"name":"getVehicleById","decl":{"start":{"line":172,"column":22},"end":{"line":172,"column":36}},"loc":{"start":{"line":172,"column":62},"end":{"line":180,"column":null}}},"9":{"name":"(anonymous_35)","decl":{"start":{"line":173,"column":72},"end":{"line":173,"column":73}},"loc":{"start":{"line":173,"column":76},"end":{"line":174,"column":15}}},"10":{"name":"createVehicle","decl":{"start":{"line":182,"column":22},"end":{"line":182,"column":35}},"loc":{"start":{"line":182,"column":73},"end":{"line":186,"column":null}}},"11":{"name":"(anonymous_39)","decl":{"start":{"line":184,"column":31},"end":{"line":184,"column":34}},"loc":{"start":{"line":184,"column":34},"end":{"line":184,"column":45}}},"12":{"name":"deleteVehicle","decl":{"start":{"line":188,"column":22},"end":{"line":188,"column":35}},"loc":{"start":{"line":188,"column":79},"end":{"line":206,"column":null}}},"13":{"name":"(anonymous_43)","decl":{"start":{"line":199,"column":86},"end":{"line":199,"column":87}},"loc":{"start":{"line":199,"column":90},"end":{"line":200,"column":15}}},"14":{"name":"getVehiclesByUserId","decl":{"start":{"line":208,"column":22},"end":{"line":208,"column":41}},"loc":{"start":{"line":208,"column":64},"end":{"line":222,"column":null}}},"15":{"name":"(anonymous_47)","decl":{"start":{"line":213,"column":35},"end":{"line":213,"column":39}},"loc":{"start":{"line":213,"column":39},"end":{"line":213,"column":47}}},"16":{"name":"updatePassword","decl":{"start":{"line":226,"column":22},"end":{"line":226,"column":36}},"loc":{"start":{"line":226,"column":74},"end":{"line":235,"column":null}}},"17":{"name":"(anonymous_51)","decl":{"start":{"line":238,"column":32},"end":{"line":238,"column":null}},"loc":{"start":{"line":240,"column":28},"end":{"line":245,"column":2}}},"18":{"name":"(anonymous_52)","decl":{"start":{"line":240,"column":28},"end":{"line":240,"column":null}},"loc":{"start":{"line":240,"column":28},"end":{"line":245,"column":2}}},"19":{"name":"addEnjoyer","decl":{"start":{"line":256,"column":22},"end":{"line":256,"column":32}},"loc":{"start":{"line":262,"column":37},"end":{"line":313,"column":null}}},"20":{"name":"(anonymous_57)","decl":{"start":{"line":291,"column":31},"end":{"line":291,"column":null}},"loc":{"start":{"line":291,"column":31},"end":{"line":301,"column":7}}},"21":{"name":"(anonymous_60)","decl":{"start":{"line":296,"column":21},"end":{"line":296,"column":24}},"loc":{"start":{"line":296,"column":24},"end":{"line":296,"column":35}}},"22":{"name":"(anonymous_61)","decl":{"start":{"line":303,"column":15},"end":{"line":303,"column":null}},"loc":{"start":{"line":303,"column":15},"end":{"line":312,"column":7}}},"23":{"name":"updateVehiclePsw","decl":{"start":{"line":315,"column":22},"end":{"line":315,"column":38}},"loc":{"start":{"line":315,"column":77},"end":{"line":336,"column":null}}},"24":{"name":"(anonymous_67)","decl":{"start":{"line":318,"column":15},"end":{"line":318,"column":16}},"loc":{"start":{"line":318,"column":21},"end":{"line":319,"column":19}}},"25":{"name":"(anonymous_68)","decl":{"start":{"line":324,"column":15},"end":{"line":324,"column":16}},"loc":{"start":{"line":324,"column":21},"end":{"line":325,"column":19}}},"26":{"name":"(anonymous_69)","decl":{"start":{"line":331,"column":13},"end":{"line":331,"column":16}},"loc":{"start":{"line":331,"column":16},"end":{"line":331,"column":27}}},"27":{"name":"changeOwner","decl":{"start":{"line":339,"column":22},"end":{"line":339,"column":33}},"loc":{"start":{"line":339,"column":84},"end":{"line":349,"column":null}}},"28":{"name":"(anonymous_73)","decl":{"start":{"line":342,"column":13},"end":{"line":342,"column":16}},"loc":{"start":{"line":342,"column":16},"end":{"line":342,"column":27}}},"29":{"name":"removeEnjoyer","decl":{"start":{"line":352,"column":22},"end":{"line":352,"column":35}},"loc":{"start":{"line":352,"column":88},"end":{"line":362,"column":null}}},"30":{"name":"(anonymous_77)","decl":{"start":{"line":357,"column":13},"end":{"line":357,"column":16}},"loc":{"start":{"line":357,"column":16},"end":{"line":357,"column":27}}}},"branchMap":{"0":{"loc":{"start":{"line":24,"column":12},"end":{"line":24,"column":null}},"type":"binary-expr","locations":[{"start":{"line":24,"column":12},"end":{"line":24,"column":22}},{"start":{"line":24,"column":12},"end":{"line":24,"column":null}}]},"1":{"loc":{"start":{"line":29,"column":12},"end":{"line":29,"column":null}},"type":"binary-expr","locations":[{"start":{"line":29,"column":12},"end":{"line":29,"column":25}},{"start":{"line":29,"column":12},"end":{"line":29,"column":null}}]},"2":{"loc":{"start":{"line":143,"column":25},"end":{"line":147,"column":null}},"type":"switch","locations":[{"start":{"line":143,"column":25},"end":{"line":147,"column":null}}]},"3":{"loc":{"start":{"line":161,"column":21},"end":{"line":165,"column":null}},"type":"switch","locations":[{"start":{"line":161,"column":21},"end":{"line":165,"column":null}}]},"4":{"loc":{"start":{"line":173,"column":19},"end":{"line":175,"column":null}},"type":"switch","locations":[{"start":{"line":173,"column":19},"end":{"line":175,"column":null}}]},"5":{"loc":{"start":{"line":177,"column":11},"end":{"line":179,"column":33}},"type":"cond-expr","locations":[{"start":{"line":178,"column":10},"end":{"line":178,"column":76}},{"start":{"line":179,"column":10},"end":{"line":179,"column":33}}]},"6":{"loc":{"start":{"line":199,"column":43},"end":{"line":201,"column":null}},"type":"switch","locations":[{"start":{"line":199,"column":43},"end":{"line":201,"column":null}}]},"7":{"loc":{"start":{"line":203,"column":11},"end":{"line":205,"column":27}},"type":"cond-expr","locations":[{"start":{"line":204,"column":10},"end":{"line":204,"column":76}},{"start":{"line":205,"column":10},"end":{"line":205,"column":27}}]},"8":{"loc":{"start":{"line":219,"column":4},"end":{"line":221,"column":null}},"type":"switch","locations":[{"start":{"line":219,"column":4},"end":{"line":221,"column":null}}]},"9":{"loc":{"start":{"line":219,"column":11},"end":{"line":221,"column":76}},"type":"cond-expr","locations":[{"start":{"line":220,"column":10},"end":{"line":220,"column":35}},{"start":{"line":221,"column":10},"end":{"line":221,"column":76}}]},"10":{"loc":{"start":{"line":234,"column":4},"end":{"line":234,"column":29}},"type":"switch","locations":[{"start":{"line":234,"column":4},"end":{"line":234,"column":29}}]},"11":{"loc":{"start":{"line":242,"column":42},"end":{"line":242,"column":null}},"type":"switch","locations":[{"start":{"line":242,"column":42},"end":{"line":242,"column":null}}]},"12":{"loc":{"start":{"line":274,"column":8},"end":{"line":275,"column":null}},"type":"if","locations":[{"start":{"line":274,"column":8},"end":{"line":275,"column":null}}]},"13":{"loc":{"start":{"line":292,"column":23},"end":{"line":292,"column":65}},"type":"switch","locations":[{"start":{"line":292,"column":23},"end":{"line":292,"column":65}}]},"14":{"loc":{"start":{"line":292,"column":14},"end":{"line":292,"column":87}},"type":"cond-expr","locations":[{"start":{"line":292,"column":68},"end":{"line":292,"column":70}},{"start":{"line":292,"column":73},"end":{"line":292,"column":87}}]},"15":{"loc":{"start":{"line":293,"column":12},"end":{"line":293,"column":15}},"type":"if","locations":[{"start":{"line":293,"column":12},"end":{"line":293,"column":15}}]},"16":{"loc":{"start":{"line":300,"column":13},"end":{"line":300,"column":null}},"type":"if","locations":[{"start":{"line":300,"column":13},"end":{"line":300,"column":null}}]},"17":{"loc":{"start":{"line":305,"column":8},"end":{"line":305,"column":null}},"type":"if","locations":[{"start":{"line":305,"column":8},"end":{"line":305,"column":null}}]},"18":{"loc":{"start":{"line":316,"column":25},"end":{"line":320,"column":null}},"type":"switch","locations":[{"start":{"line":316,"column":25},"end":{"line":320,"column":null}}]},"19":{"loc":{"start":{"line":333,"column":4},"end":{"line":333,"column":null}},"type":"if","locations":[{"start":{"line":333,"column":4},"end":{"line":333,"column":null}}]},"20":{"loc":{"start":{"line":340,"column":17},"end":{"line":342,"column":null}},"type":"switch","locations":[{"start":{"line":340,"column":17},"end":{"line":342,"column":null}}]},"21":{"loc":{"start":{"line":344,"column":4},"end":{"line":344,"column":null}},"type":"if","locations":[{"start":{"line":344,"column":4},"end":{"line":344,"column":null}}]},"22":{"loc":{"start":{"line":346,"column":4},"end":{"line":346,"column":null}},"type":"if","locations":[{"start":{"line":346,"column":4},"end":{"line":346,"column":null}}]},"23":{"loc":{"start":{"line":353,"column":42},"end":{"line":353,"column":null}},"type":"switch","locations":[{"start":{"line":353,"column":42},"end":{"line":353,"column":null}}]},"24":{"loc":{"start":{"line":359,"column":4},"end":{"line":359,"column":null}},"type":"if","locations":[{"start":{"line":359,"column":4},"end":{"line":359,"column":null}}]}},"s":{"0":1,"1":1,"2":1,"3":1,"4":1,"5":1,"6":1,"7":1,"8":1,"9":1,"10":1,"11":1,"12":1,"13":1,"14":0,"15":1,"16":0,"17":0,"18":0,"19":0,"20":0,"21":0,"22":0,"23":0,"24":0,"25":1,"26":0,"27":0,"28":0,"29":0,"30":1,"31":0,"32":0,"33":0,"34":0,"35":1,"36":0,"37":0,"38":0,"39":0,"40":1,"41":0,"42":0,"43":0,"44":0,"45":0,"46":0,"47":0,"48":0,"49":1,"50":0,"51":0,"52":0,"53":0,"54":0,"55":0,"56":0,"57":1,"58":0,"59":0,"60":0,"61":0,"62":0,"63":1,"64":1,"65":0,"66":0,"67":0,"68":0,"69":0,"70":1,"71":0,"72":0,"73":0,"74":0,"75":0,"76":0,"77":0,"78":0,"79":0,"80":0,"81":0,"82":0,"83":0,"84":0,"85":0,"86":0,"87":0,"88":0,"89":0,"90":0,"91":0,"92":0,"93":0,"94":0,"95":0,"96":0,"97":0,"98":0,"99":1,"100":0,"101":0,"102":0,"103":0,"104":0,"105":0,"106":0,"107":0,"108":0,"109":0,"110":0,"111":0,"112":1,"113":0,"114":0,"115":0,"116":0,"117":0,"118":0,"119":0,"120":0,"121":1,"122":0,"123":0,"124":0,"125":0,"126":0,"127":0,"128":0,"129":0,"130":0,"131":1},"f":{"0":1,"1":1,"2":0,"3":0,"4":0,"5":0,"6":0,"7":0,"8":0,"9":0,"10":0,"11":0,"12":0,"13":0,"14":0,"15":0,"16":0,"17":0,"18":0,"19":0,"20":0,"21":0,"22":0,"23":0,"24":0,"25":0,"26":0,"27":0,"28":0,"29":0,"30":0},"b":{"0":[1,1],"1":[1,1],"2":[0],"3":[0],"4":[0],"5":[0,0],"6":[0],"7":[0,0],"8":[0],"9":[0,0],"10":[0],"11":[0],"12":[0],"13":[0],"14":[0,0],"15":[0],"16":[0],"17":[0],"18":[0],"19":[0],"20":[0],"21":[0],"22":[0],"23":[0],"24":[0]}}
,"C:\\Users\\biagi\\OneDrive\\Documents\\Desktop\\PROJECT-AUTOMOTIVE\\BackEnd\\src\\model\\database\\notification.ts": {"path":"C:\\Users\\biagi\\OneDrive\\Documents\\Desktop\\PROJECT-AUTOMOTIVE\\BackEnd\\src\\model\\database\\notification.ts","statementMap":{"0":{"start":{"line":1,"column":0},"end":{"line":1,"column":54}},"1":{"start":{"line":2,"column":0},"end":{"line":2,"column":59}},"2":{"start":{"line":3,"column":0},"end":{"line":3,"column":32}},"3":{"start":{"line":10,"column":0},"end":{"line":10,"column":null}},"4":{"start":{"line":11,"column":4},"end":{"line":11,"column":null}},"5":{"start":{"line":12,"column":4},"end":{"line":12,"column":null}},"6":{"start":{"line":13,"column":4},"end":{"line":13,"column":null}},"7":{"start":{"line":14,"column":4},"end":{"line":14,"column":null}},"8":{"start":{"line":57,"column":14},"end":{"line":70,"column":2}},"9":{"start":{"line":72,"column":13},"end":{"line":72,"column":100}},"10":{"start":{"line":80,"column":30},"end":{"line":82,"column":null}},"11":{"start":{"line":80,"column":10},"end":{"line":82,"column":null}},"12":{"start":{"line":83,"column":4},"end":{"line":83,"column":29}},"13":{"start":{"line":77,"column":0},"end":{"line":77,"column":22}}},"fnMap":{"0":{"name":"(anonymous_14)","decl":{"start":{"line":10,"column":0},"end":{"line":10,"column":12}},"loc":{"start":{"line":10,"column":20},"end":{"line":16,"column":1}}},"1":{"name":"getMostRecentNotifications","decl":{"start":{"line":77,"column":22},"end":{"line":77,"column":48}},"loc":{"start":{"line":78,"column":26},"end":{"line":84,"column":null}}}},"branchMap":{"0":{"loc":{"start":{"line":10,"column":12},"end":{"line":10,"column":null}},"type":"binary-expr","locations":[{"start":{"line":10,"column":12},"end":{"line":10,"column":20}},{"start":{"line":10,"column":12},"end":{"line":10,"column":null}}]},"1":{"loc":{"start":{"line":80,"column":30},"end":{"line":82,"column":null}},"type":"switch","locations":[{"start":{"line":80,"column":30},"end":{"line":82,"column":null}}]}},"s":{"0":1,"1":1,"2":1,"3":1,"4":1,"5":1,"6":1,"7":1,"8":1,"9":1,"10":0,"11":0,"12":0,"13":1},"f":{"0":1,"1":0},"b":{"0":[1,1],"1":[0]}}
,"C:\\Users\\biagi\\OneDrive\\Documents\\Desktop\\PROJECT-AUTOMOTIVE\\BackEnd\\src\\model\\database\\routine.ts": {"path":"C:\\Users\\biagi\\OneDrive\\Documents\\Desktop\\PROJECT-AUTOMOTIVE\\BackEnd\\src\\model\\database\\routine.ts","statementMap":{"0":{"start":{"line":1,"column":0},"end":{"line":1,"column":69}},"1":{"start":{"line":26,"column":13},"end":{"line":48,"column":null}},"2":{"start":{"line":50,"column":13},"end":{"line":50,"column":null}}},"fnMap":{},"branchMap":{},"s":{"0":1,"1":1,"2":1},"f":{},"b":{}}
,"C:\\Users\\biagi\\OneDrive\\Documents\\Desktop\\PROJECT-AUTOMOTIVE\\BackEnd\\src\\model\\database\\setting.ts": {"path":"C:\\Users\\biagi\\OneDrive\\Documents\\Desktop\\PROJECT-AUTOMOTIVE\\BackEnd\\src\\model\\database\\setting.ts","statementMap":{"0":{"start":{"line":1,"column":0},"end":{"line":1,"column":54}},"1":{"start":{"line":17,"column":13},"end":{"line":40,"column":null}}},"fnMap":{},"branchMap":{},"s":{"0":1,"1":1},"f":{},"b":{}}
,"C:\\Users\\biagi\\OneDrive\\Documents\\Desktop\\PROJECT-AUTOMOTIVE\\BackEnd\\src\\model\\database\\user-stats.ts": {"path":"C:\\Users\\biagi\\OneDrive\\Documents\\Desktop\\PROJECT-AUTOMOTIVE\\BackEnd\\src\\model\\database\\user-stats.ts","statementMap":{"0":{"start":{"line":1,"column":0},"end":{"line":1,"column":53}},"1":{"start":{"line":20,"column":13},"end":{"line":33,"column":2}}},"fnMap":{},"branchMap":{},"s":{"0":1,"1":1},"f":{},"b":{}}
,"C:\\Users\\biagi\\OneDrive\\Documents\\Desktop\\PROJECT-AUTOMOTIVE\\BackEnd\\src\\model\\database\\user.ts": {"path":"C:\\Users\\biagi\\OneDrive\\Documents\\Desktop\\PROJECT-AUTOMOTIVE\\BackEnd\\src\\model\\database\\user.ts","statementMap":{"0":{"start":{"line":1,"column":0},"end":{"line":1,"column":37}},"1":{"start":{"line":2,"column":0},"end":{"line":2,"column":93}},"2":{"start":{"line":3,"column":0},"end":{"line":3,"column":28}},"3":{"start":{"line":4,"column":0},"end":{"line":4,"column":52}},"4":{"start":{"line":5,"column":0},"end":{"line":5,"column":null}},"5":{"start":{"line":10,"column":0},"end":{"line":10,"column":null}},"6":{"start":{"line":16,"column":0},"end":{"line":16,"column":null}},"7":{"start":{"line":21,"column":0},"end":{"line":21,"column":null}},"8":{"start":{"line":27,"column":0},"end":{"line":27,"column":null}},"9":{"start":{"line":34,"column":0},"end":{"line":34,"column":null}},"10":{"start":{"line":35,"column":4},"end":{"line":35,"column":null}},"11":{"start":{"line":36,"column":4},"end":{"line":36,"column":null}},"12":{"start":{"line":37,"column":4},"end":{"line":37,"column":null}},"13":{"start":{"line":40,"column":0},"end":{"line":40,"column":null}},"14":{"start":{"line":41,"column":4},"end":{"line":41,"column":null}},"15":{"start":{"line":42,"column":4},"end":{"line":42,"column":null}},"16":{"start":{"line":43,"column":4},"end":{"line":43,"column":null}},"17":{"start":{"line":174,"column":13},"end":{"line":249,"column":null}},"18":{"start":{"line":253,"column":10},"end":{"line":253,"column":null}},"19":{"start":{"line":254,"column":17},"end":{"line":258,"column":null}},"20":{"start":{"line":257,"column":8},"end":{"line":257,"column":72}},"21":{"start":{"line":254,"column":8},"end":{"line":258,"column":null}},"22":{"start":{"line":260,"column":4},"end":{"line":262,"column":null}},"23":{"start":{"line":251,"column":0},"end":{"line":251,"column":22}},"24":{"start":{"line":268,"column":17},"end":{"line":272,"column":null}},"25":{"start":{"line":271,"column":8},"end":{"line":271,"column":72}},"26":{"start":{"line":268,"column":8},"end":{"line":272,"column":null}},"27":{"start":{"line":274,"column":4},"end":{"line":276,"column":null}},"28":{"start":{"line":266,"column":0},"end":{"line":266,"column":22}},"29":{"start":{"line":281,"column":0},"end":{"line":292,"column":2}},"30":{"start":{"line":284,"column":4},"end":{"line":289,"column":null}},"31":{"start":{"line":285,"column":8},"end":{"line":288,"column":null}},"32":{"start":{"line":286,"column":12},"end":{"line":286,"column":null}},"33":{"start":{"line":287,"column":12},"end":{"line":287,"column":null}},"34":{"start":{"line":291,"column":4},"end":{"line":291,"column":69}},"35":{"start":{"line":294,"column":0},"end":{"line":298,"column":null}},"36":{"start":{"line":295,"column":4},"end":{"line":295,"column":null}},"37":{"start":{"line":296,"column":4},"end":{"line":296,"column":null}},"38":{"start":{"line":296,"column":37},"end":{"line":296,"column":94}},"39":{"start":{"line":297,"column":4},"end":{"line":297,"column":null}},"40":{"start":{"line":300,"column":0},"end":{"line":308,"column":null}},"41":{"start":{"line":301,"column":4},"end":{"line":306,"column":null}},"42":{"start":{"line":302,"column":8},"end":{"line":305,"column":null}},"43":{"start":{"line":303,"column":12},"end":{"line":303,"column":null}},"44":{"start":{"line":304,"column":12},"end":{"line":304,"column":null}},"45":{"start":{"line":307,"column":4},"end":{"line":307,"column":null}},"46":{"start":{"line":310,"column":0},"end":{"line":314,"column":null}},"47":{"start":{"line":311,"column":4},"end":{"line":311,"column":null}},"48":{"start":{"line":312,"column":4},"end":{"line":312,"column":null}},"49":{"start":{"line":313,"column":4},"end":{"line":313,"column":null}},"50":{"start":{"line":316,"column":0},"end":{"line":320,"column":null}},"51":{"start":{"line":317,"column":4},"end":{"line":317,"column":null}},"52":{"start":{"line":318,"column":4},"end":{"line":318,"column":null}},"53":{"start":{"line":318,"column":71},"end":{"line":318,"column":90}},"54":{"start":{"line":319,"column":4},"end":{"line":319,"column":null}},"55":{"start":{"line":325,"column":0},"end":{"line":341,"column":2}},"56":{"start":{"line":326,"column":25},"end":{"line":330,"column":null}},"57":{"start":{"line":329,"column":12},"end":{"line":329,"column":null}},"58":{"start":{"line":326,"column":10},"end":{"line":330,"column":null}},"59":{"start":{"line":332,"column":20},"end":{"line":336,"column":null}},"60":{"start":{"line":335,"column":12},"end":{"line":335,"column":null}},"61":{"start":{"line":332,"column":10},"end":{"line":336,"column":null}},"62":{"start":{"line":338,"column":4},"end":{"line":338,"column":21}},"63":{"start":{"line":339,"column":4},"end":{"line":339,"column":28}},"64":{"start":{"line":340,"column":4},"end":{"line":340,"column":23}},"65":{"start":{"line":344,"column":25},"end":{"line":348,"column":null}},"66":{"start":{"line":347,"column":12},"end":{"line":347,"column":null}},"67":{"start":{"line":344,"column":10},"end":{"line":348,"column":null}},"68":{"start":{"line":350,"column":20},"end":{"line":354,"column":null}},"69":{"start":{"line":353,"column":12},"end":{"line":353,"column":null}},"70":{"start":{"line":350,"column":10},"end":{"line":354,"column":null}},"71":{"start":{"line":356,"column":17},"end":{"line":359,"column":null}},"72":{"start":{"line":359,"column":20},"end":{"line":359,"column":77}},"73":{"start":{"line":356,"column":8},"end":{"line":359,"column":null}},"74":{"start":{"line":361,"column":4},"end":{"line":361,"column":null}},"75":{"start":{"line":361,"column":17},"end":{"line":361,"column":null}},"76":{"start":{"line":363,"column":4},"end":{"line":363,"column":null}},"77":{"start":{"line":343,"column":0},"end":{"line":343,"column":22}},"78":{"start":{"line":367,"column":25},"end":{"line":371,"column":null}},"79":{"start":{"line":370,"column":12},"end":{"line":370,"column":null}},"80":{"start":{"line":367,"column":10},"end":{"line":371,"column":null}},"81":{"start":{"line":373,"column":20},"end":{"line":377,"column":null}},"82":{"start":{"line":376,"column":12},"end":{"line":376,"column":null}},"83":{"start":{"line":373,"column":10},"end":{"line":377,"column":null}},"84":{"start":{"line":379,"column":4},"end":{"line":382,"column":null}},"85":{"start":{"line":366,"column":0},"end":{"line":366,"column":22}},"86":{"start":{"line":385,"column":0},"end":{"line":393,"column":2}},"87":{"start":{"line":386,"column":21},"end":{"line":390,"column":null}},"88":{"start":{"line":389,"column":12},"end":{"line":389,"column":null}},"89":{"start":{"line":386,"column":10},"end":{"line":390,"column":null}},"90":{"start":{"line":392,"column":4},"end":{"line":392,"column":38}},"91":{"start":{"line":395,"column":0},"end":{"line":401,"column":2}},"92":{"start":{"line":396,"column":4},"end":{"line":398,"column":null}},"93":{"start":{"line":397,"column":8},"end":{"line":397,"column":84}},"94":{"start":{"line":397,"column":48},"end":{"line":397,"column":84}},"95":{"start":{"line":400,"column":4},"end":{"line":400,"column":23}},"96":{"start":{"line":403,"column":0},"end":{"line":411,"column":2}},"97":{"start":{"line":404,"column":4},"end":{"line":408,"column":null}},"98":{"start":{"line":405,"column":8},"end":{"line":407,"column":null}},"99":{"start":{"line":406,"column":12},"end":{"line":406,"column":24}},"100":{"start":{"line":410,"column":4},"end":{"line":410,"column":17}},"101":{"start":{"line":413,"column":0},"end":{"line":419,"column":2}},"102":{"start":{"line":414,"column":4},"end":{"line":417,"column":null}},"103":{"start":{"line":415,"column":8},"end":{"line":415,"column":40}},"104":{"start":{"line":416,"column":8},"end":{"line":416,"column":27}},"105":{"start":{"line":418,"column":4},"end":{"line":418,"column":63}},"106":{"start":{"line":422,"column":13},"end":{"line":422,"column":90}},"107":{"start":{"line":425,"column":20},"end":{"line":427,"column":null}},"108":{"start":{"line":426,"column":8},"end":{"line":426,"column":null}},"109":{"start":{"line":425,"column":10},"end":{"line":427,"column":null}},"110":{"start":{"line":429,"column":4},"end":{"line":431,"column":35}},"111":{"start":{"line":424,"column":0},"end":{"line":424,"column":22}},"112":{"start":{"line":435,"column":21},"end":{"line":437,"column":null}},"113":{"start":{"line":436,"column":8},"end":{"line":436,"column":null}},"114":{"start":{"line":435,"column":10},"end":{"line":437,"column":null}},"115":{"start":{"line":439,"column":4},"end":{"line":441,"column":36}},"116":{"start":{"line":434,"column":0},"end":{"line":434,"column":22}},"117":{"start":{"line":445,"column":21},"end":{"line":447,"column":null}},"118":{"start":{"line":446,"column":8},"end":{"line":446,"column":null}},"119":{"start":{"line":445,"column":10},"end":{"line":447,"column":null}},"120":{"start":{"line":449,"column":4},"end":{"line":451,"column":36}},"121":{"start":{"line":444,"column":0},"end":{"line":444,"column":22}},"122":{"start":{"line":457,"column":14},"end":{"line":461,"column":6}},"123":{"start":{"line":460,"column":8},"end":{"line":460,"column":null}},"124":{"start":{"line":457,"column":4},"end":{"line":461,"column":6}},"125":{"start":{"line":463,"column":14},"end":{"line":467,"column":6}},"126":{"start":{"line":466,"column":8},"end":{"line":466,"column":null}},"127":{"start":{"line":463,"column":4},"end":{"line":467,"column":6}},"128":{"start":{"line":469,"column":8},"end":{"line":469,"column":15}},"129":{"start":{"line":469,"column":28},"end":{"line":469,"column":null}},"130":{"start":{"line":471,"column":8},"end":{"line":471,"column":null}},"131":{"start":{"line":472,"column":8},"end":{"line":472,"column":null}},"132":{"start":{"line":454,"column":0},"end":{"line":454,"column":22}},"133":{"start":{"line":476,"column":89},"end":{"line":476,"column":null}},"134":{"start":{"line":478,"column":14},"end":{"line":482,"column":6}},"135":{"start":{"line":481,"column":8},"end":{"line":481,"column":null}},"136":{"start":{"line":478,"column":4},"end":{"line":482,"column":6}},"137":{"start":{"line":484,"column":14},"end":{"line":488,"column":6}},"138":{"start":{"line":487,"column":8},"end":{"line":487,"column":null}},"139":{"start":{"line":484,"column":4},"end":{"line":488,"column":6}},"140":{"start":{"line":490,"column":4},"end":{"line":492,"column":null}},"141":{"start":{"line":476,"column":0},"end":{"line":476,"column":22}},"142":{"start":{"line":496,"column":10},"end":{"line":496,"column":51}},"143":{"start":{"line":497,"column":4},"end":{"line":497,"column":null}},"144":{"start":{"line":495,"column":0},"end":{"line":495,"column":22}},"145":{"start":{"line":501,"column":29},"end":{"line":501,"column":null}},"146":{"start":{"line":501,"column":8},"end":{"line":501,"column":null}},"147":{"start":{"line":504,"column":8},"end":{"line":504,"column":null}},"148":{"start":{"line":507,"column":43},"end":{"line":509,"column":null}},"149":{"start":{"line":508,"column":8},"end":{"line":508,"column":null}},"150":{"start":{"line":507,"column":10},"end":{"line":509,"column":null}},"151":{"start":{"line":511,"column":4},"end":{"line":513,"column":28}},"152":{"start":{"line":500,"column":0},"end":{"line":500,"column":22}},"153":{"start":{"line":517,"column":17},"end":{"line":519,"column":null}},"154":{"start":{"line":518,"column":8},"end":{"line":518,"column":72}},"155":{"start":{"line":517,"column":8},"end":{"line":519,"column":null}},"156":{"start":{"line":521,"column":4},"end":{"line":523,"column":null}},"157":{"start":{"line":516,"column":0},"end":{"line":516,"column":22}},"158":{"start":{"line":529,"column":15},"end":{"line":529,"column":38}},"159":{"start":{"line":529,"column":8},"end":{"line":529,"column":38}},"160":{"start":{"line":530,"column":8},"end":{"line":530,"column":41}},"161":{"start":{"line":532,"column":8},"end":{"line":532,"column":35}},"162":{"start":{"line":534,"column":4},"end":{"line":534,"column":29}},"163":{"start":{"line":526,"column":0},"end":{"line":526,"column":22}},"164":{"start":{"line":538,"column":17},"end":{"line":540,"column":null}},"165":{"start":{"line":539,"column":8},"end":{"line":539,"column":null}},"166":{"start":{"line":538,"column":10},"end":{"line":540,"column":null}},"167":{"start":{"line":542,"column":4},"end":{"line":544,"column":38}},"168":{"start":{"line":537,"column":0},"end":{"line":537,"column":22}},"169":{"start":{"line":555,"column":17},"end":{"line":559,"column":null}},"170":{"start":{"line":558,"column":8},"end":{"line":558,"column":72}},"171":{"start":{"line":555,"column":8},"end":{"line":559,"column":null}},"172":{"start":{"line":561,"column":4},"end":{"line":563,"column":null}},"173":{"start":{"line":551,"column":1},"end":{"line":551,"column":23}},"174":{"start":{"line":567,"column":17},"end":{"line":569,"column":null}},"175":{"start":{"line":569,"column":22},"end":{"line":569,"column":79}},"176":{"start":{"line":567,"column":8},"end":{"line":569,"column":null}},"177":{"start":{"line":571,"column":4},"end":{"line":573,"column":null}},"178":{"start":{"line":566,"column":0},"end":{"line":566,"column":22}},"179":{"start":{"line":577,"column":17},"end":{"line":581,"column":null}},"180":{"start":{"line":580,"column":8},"end":{"line":580,"column":72}},"181":{"start":{"line":577,"column":8},"end":{"line":581,"column":null}},"182":{"start":{"line":583,"column":4},"end":{"line":585,"column":null}},"183":{"start":{"line":576,"column":0},"end":{"line":576,"column":22}},"184":{"start":{"line":589,"column":17},"end":{"line":593,"column":null}},"185":{"start":{"line":592,"column":8},"end":{"line":592,"column":72}},"186":{"start":{"line":589,"column":8},"end":{"line":593,"column":null}},"187":{"start":{"line":595,"column":4},"end":{"line":597,"column":null}},"188":{"start":{"line":588,"column":0},"end":{"line":588,"column":22}},"189":{"start":{"line":601,"column":17},"end":{"line":605,"column":null}},"190":{"start":{"line":604,"column":8},"end":{"line":604,"column":72}},"191":{"start":{"line":601,"column":8},"end":{"line":605,"column":null}},"192":{"start":{"line":607,"column":4},"end":{"line":609,"column":null}},"193":{"start":{"line":600,"column":0},"end":{"line":600,"column":22}},"194":{"start":{"line":613,"column":17},"end":{"line":615,"column":null}},"195":{"start":{"line":614,"column":8},"end":{"line":614,"column":72}},"196":{"start":{"line":613,"column":8},"end":{"line":615,"column":null}},"197":{"start":{"line":617,"column":4},"end":{"line":619,"column":null}},"198":{"start":{"line":612,"column":0},"end":{"line":612,"column":22}},"199":{"start":{"line":624,"column":4},"end":{"line":624,"column":null}},"200":{"start":{"line":625,"column":4},"end":{"line":625,"column":null}},"201":{"start":{"line":626,"column":17},"end":{"line":628,"column":null}},"202":{"start":{"line":628,"column":20},"end":{"line":628,"column":77}},"203":{"start":{"line":626,"column":8},"end":{"line":628,"column":null}},"204":{"start":{"line":630,"column":4},"end":{"line":632,"column":null}},"205":{"start":{"line":622,"column":0},"end":{"line":622,"column":22}},"206":{"start":{"line":637,"column":4},"end":{"line":637,"column":null}},"207":{"start":{"line":638,"column":17},"end":{"line":640,"column":null}},"208":{"start":{"line":640,"column":20},"end":{"line":640,"column":77}},"209":{"start":{"line":638,"column":8},"end":{"line":640,"column":null}},"210":{"start":{"line":642,"column":4},"end":{"line":644,"column":null}},"211":{"start":{"line":635,"column":0},"end":{"line":635,"column":22}},"212":{"start":{"line":650,"column":4},"end":{"line":650,"column":null}},"213":{"start":{"line":652,"column":17},"end":{"line":654,"column":null}},"214":{"start":{"line":654,"column":20},"end":{"line":654,"column":77}},"215":{"start":{"line":652,"column":8},"end":{"line":654,"column":null}},"216":{"start":{"line":656,"column":4},"end":{"line":658,"column":null}},"217":{"start":{"line":648,"column":0},"end":{"line":648,"column":22}},"218":{"start":{"line":665,"column":4},"end":{"line":665,"column":null}},"219":{"start":{"line":666,"column":4},"end":{"line":666,"column":null}},"220":{"start":{"line":670,"column":4},"end":{"line":670,"column":null}},"221":{"start":{"line":671,"column":8},"end":{"line":671,"column":21}},"222":{"start":{"line":673,"column":17},"end":{"line":676,"column":null}},"223":{"start":{"line":676,"column":24},"end":{"line":676,"column":81}},"224":{"start":{"line":673,"column":8},"end":{"line":676,"column":null}},"225":{"start":{"line":678,"column":15},"end":{"line":678,"column":28}},"226":{"start":{"line":680,"column":17},"end":{"line":682,"column":null}},"227":{"start":{"line":682,"column":24},"end":{"line":682,"column":81}},"228":{"start":{"line":680,"column":8},"end":{"line":682,"column":null}},"229":{"start":{"line":686,"column":17},"end":{"line":688,"column":null}},"230":{"start":{"line":688,"column":24},"end":{"line":688,"column":81}},"231":{"start":{"line":686,"column":8},"end":{"line":688,"column":null}},"232":{"start":{"line":692,"column":4},"end":{"line":694,"column":null}},"233":{"start":{"line":662,"column":0},"end":{"line":662,"column":22}},"234":{"start":{"line":705,"column":29},"end":{"line":712,"column":2}},"235":{"start":{"line":707,"column":25},"end":{"line":712,"column":2}},"236":{"start":{"line":709,"column":29},"end":{"line":709,"column":null}},"237":{"start":{"line":709,"column":8},"end":{"line":709,"column":null}},"238":{"start":{"line":710,"column":4},"end":{"line":710,"column":28}},"239":{"start":{"line":711,"column":4},"end":{"line":711,"column":24}},"240":{"start":{"line":705,"column":13},"end":{"line":705,"column":29}},"241":{"start":{"line":716,"column":21},"end":{"line":718,"column":null}},"242":{"start":{"line":718,"column":24},"end":{"line":718,"column":81}},"243":{"start":{"line":716,"column":12},"end":{"line":718,"column":null}},"244":{"start":{"line":720,"column":8},"end":{"line":720,"column":null}},"245":{"start":{"line":720,"column":21},"end":{"line":720,"column":null}},"246":{"start":{"line":721,"column":8},"end":{"line":721,"column":null}},"247":{"start":{"line":723,"column":8},"end":{"line":723,"column":null}},"248":{"start":{"line":714,"column":0},"end":{"line":714,"column":22}},"249":{"start":{"line":733,"column":15},"end":{"line":733,"column":null}},"250":{"start":{"line":733,"column":8},"end":{"line":733,"column":null}},"251":{"start":{"line":735,"column":8},"end":{"line":737,"column":null}},"252":{"start":{"line":736,"column":12},"end":{"line":736,"column":null}},"253":{"start":{"line":736,"column":79},"end":{"line":736,"column":null}},"254":{"start":{"line":739,"column":8},"end":{"line":739,"column":null}},"255":{"start":{"line":739,"column":18},"end":{"line":739,"column":null}},"256":{"start":{"line":741,"column":21},"end":{"line":743,"column":null}},"257":{"start":{"line":743,"column":24},"end":{"line":743,"column":81}},"258":{"start":{"line":741,"column":12},"end":{"line":743,"column":null}},"259":{"start":{"line":745,"column":8},"end":{"line":745,"column":null}},"260":{"start":{"line":745,"column":21},"end":{"line":745,"column":null}},"261":{"start":{"line":746,"column":8},"end":{"line":746,"column":null}},"262":{"start":{"line":748,"column":8},"end":{"line":748,"column":null}},"263":{"start":{"line":729,"column":0},"end":{"line":729,"column":22}},"264":{"start":{"line":754,"column":4},"end":{"line":754,"column":null}},"265":{"start":{"line":756,"column":19},"end":{"line":757,"column":null}},"266":{"start":{"line":757,"column":22},"end":{"line":757,"column":79}},"267":{"start":{"line":756,"column":10},"end":{"line":757,"column":null}},"268":{"start":{"line":759,"column":4},"end":{"line":761,"column":null}},"269":{"start":{"line":753,"column":0},"end":{"line":753,"column":22}}},"fnMap":{"0":{"name":"(anonymous_20)","decl":{"start":{"line":34,"column":0},"end":{"line":34,"column":12}},"loc":{"start":{"line":34,"column":21},"end":{"line":38,"column":1}}},"1":{"name":"(anonymous_21)","decl":{"start":{"line":40,"column":0},"end":{"line":40,"column":12}},"loc":{"start":{"line":40,"column":22},"end":
[...]
{"line":1,"column":33}},"1":{"start":{"line":2,"column":0},"end":{"line":2,"column":43}},"2":{"start":{"line":3,"column":0},"end":{"line":3,"column":46}},"3":{"start":{"line":5,"column":0},"end":{"line":5,"column":51}},"4":{"start":{"line":6,"column":0},"end":{"line":6,"column":74}},"5":{"start":{"line":7,"column":0},"end":{"line":7,"column":50}},"6":{"start":{"line":8,"column":0},"end":{"line":8,"column":null}},"7":{"start":{"line":13,"column":0},"end":{"line":13,"column":57}},"8":{"start":{"line":14,"column":0},"end":{"line":14,"column":76}},"9":{"start":{"line":86,"column":13},"end":{"line":86,"column":31}},"10":{"start":{"line":88,"column":0},"end":{"line":112,"column":2}},"11":{"start":{"line":92,"column":63},"end":{"line":111,"column":null}},"12":{"start":{"line":94,"column":14},"end":{"line":94,"column":57}},"13":{"start":{"line":96,"column":19},"end":{"line":96,"column":49}},"14":{"start":{"line":96,"column":12},"end":{"line":96,"column":49}},"15":{"start":{"line":97,"column":12},"end":{"line":103,"column":15}},"16":{"start":{"line":105,"column":12},"end":{"line":109,"column":15}},"17":{"start":{"line":115,"column":0},"end":{"line":147,"column":2}},"18":{"start":{"line":119,"column":63},"end":{"line":146,"column":null}},"19":{"start":{"line":121,"column":14},"end":{"line":121,"column":57}},"20":{"start":{"line":122,"column":12},"end":{"line":122,"column":null}},"21":{"start":{"line":124,"column":19},"end":{"line":124,"column":49}},"22":{"start":{"line":124,"column":12},"end":{"line":124,"column":49}},"23":{"start":{"line":126,"column":31},"end":{"line":126,"column":null}},"24":{"start":{"line":126,"column":20},"end":{"line":126,"column":null}},"25":{"start":{"line":127,"column":16},"end":{"line":134,"column":null}},"26":{"start":{"line":136,"column":12},"end":{"line":138,"column":15}},"27":{"start":{"line":140,"column":12},"end":{"line":144,"column":15}},"28":{"start":{"line":149,"column":0},"end":{"line":180,"column":2}},"29":{"start":{"line":153,"column":63},"end":{"line":179,"column":null}},"30":{"start":{"line":155,"column":14},"end":{"line":155,"column":57}},"31":{"start":{"line":157,"column":24},"end":{"line":157,"column":58}},"32":{"start":{"line":157,"column":12},"end":{"line":166,"column":null}},"33":{"start":{"line":158,"column":16},"end":{"line":165,"column":null}},"34":{"start":{"line":168,"column":12},"end":{"line":171,"column":15}},"35":{"start":{"line":173,"column":12},"end":{"line":177,"column":15}},"36":{"start":{"line":183,"column":0},"end":{"line":220,"column":2}},"37":{"start":{"line":187,"column":63},"end":{"line":219,"column":null}},"38":{"start":{"line":189,"column":14},"end":{"line":189,"column":57}},"39":{"start":{"line":190,"column":12},"end":{"line":190,"column":null}},"40":{"start":{"line":192,"column":19},"end":{"line":192,"column":49}},"41":{"start":{"line":192,"column":12},"end":{"line":192,"column":49}},"42":{"start":{"line":193,"column":12},"end":{"line":193,"column":null}},"43":{"start":{"line":193,"column":48},"end":{"line":193,"column":null}},"44":{"start":{"line":196,"column":30},"end":{"line":196,"column":null}},"45":{"start":{"line":196,"column":20},"end":{"line":196,"column":null}},"46":{"start":{"line":197,"column":16},"end":{"line":206,"column":null}},"47":{"start":{"line":208,"column":12},"end":{"line":211,"column":15}},"48":{"start":{"line":213,"column":12},"end":{"line":217,"column":15}},"49":{"start":{"line":224,"column":0},"end":{"line":241,"column":2}},"50":{"start":{"line":228,"column":63},"end":{"line":240,"column":null}},"51":{"start":{"line":229,"column":14},"end":{"line":229,"column":57}},"52":{"start":{"line":231,"column":12},"end":{"line":231,"column":50}},"53":{"start":{"line":232,"column":12},"end":{"line":232,"column":42}},"54":{"start":{"line":234,"column":12},"end":{"line":238,"column":15}},"55":{"start":{"line":244,"column":0},"end":{"line":272,"column":2}},"56":{"start":{"line":248,"column":64},"end":{"line":271,"column":null}},"57":{"start":{"line":249,"column":16},"end":{"line":249,"column":29}},"58":{"start":{"line":251,"column":14},"end":{"line":251,"column":57}},"59":{"start":{"line":253,"column":12},"end":{"line":253,"column":20}},"60":{"start":{"line":255,"column":16},"end":{"line":255,"column":59}},"61":{"start":{"line":256,"column":16},"end":{"line":256,"column":58}},"62":{"start":{"line":258,"column":16},"end":{"line":262,"column":19}},"63":{"start":{"line":265,"column":12},"end":{"line":269,"column":15}},"64":{"start":{"line":274,"column":0},"end":{"line":300,"column":2}},"65":{"start":{"line":278,"column":64},"end":{"line":299,"column":null}},"66":{"start":{"line":279,"column":16},"end":{"line":279,"column":29}},"67":{"start":{"line":280,"column":14},"end":{"line":280,"column":57}},"68":{"start":{"line":281,"column":12},"end":{"line":281,"column":20}},"69":{"start":{"line":283,"column":16},"end":{"line":283,"column":50}},"70":{"start":{"line":284,"column":16},"end":{"line":284,"column":43}},"71":{"start":{"line":286,"column":16},"end":{"line":290,"column":19}},"72":{"start":{"line":293,"column":12},"end":{"line":297,"column":15}},"73":{"start":{"line":302,"column":0},"end":{"line":328,"column":2}},"74":{"start":{"line":306,"column":61},"end":{"line":327,"column":null}},"75":{"start":{"line":307,"column":16},"end":{"line":307,"column":26}},"76":{"start":{"line":308,"column":14},"end":{"line":308,"column":57}},"77":{"start":{"line":309,"column":12},"end":{"line":309,"column":17}},"78":{"start":{"line":311,"column":16},"end":{"line":311,"column":53}},"79":{"start":{"line":312,"column":16},"end":{"line":312,"column":60}},"80":{"start":{"line":314,"column":16},"end":{"line":318,"column":19}},"81":{"start":{"line":321,"column":12},"end":{"line":325,"column":15}},"82":{"start":{"line":331,"column":0},"end":{"line":367,"column":2}},"83":{"start":{"line":335,"column":63},"end":{"line":366,"column":null}},"84":{"start":{"line":336,"column":16},"end":{"line":336,"column":35}},"85":{"start":{"line":337,"column":14},"end":{"line":337,"column":57}},"86":{"start":{"line":338,"column":12},"end":{"line":338,"column":26}},"87":{"start":{"line":340,"column":20},"end":{"line":340,"column":23}},"88":{"start":{"line":341,"column":20},"end":{"line":341,"column":99}},"89":{"start":{"line":342,"column":20},"end":{"line":344,"column":23}},"90":{"start":{"line":347,"column":20},"end":{"line":347,"column":99}},"91":{"start":{"line":348,"column":20},"end":{"line":350,"column":23}},"92":{"start":{"line":353,"column":16},"end":{"line":357,"column":19}},"93":{"start":{"line":360,"column":12},"end":{"line":364,"column":15}}},"fnMap":{"0":{"name":"(anonymous_19)","decl":{"start":{"line":92,"column":4},"end":{"line":92,"column":11}},"loc":{"start":{"line":92,"column":63},"end":{"line":111,"column":null}}},"1":{"name":"(anonymous_20)","decl":{"start":{"line":92,"column":63},"end":{"line":92,"column":null}},"loc":{"start":{"line":92,"column":63},"end":{"line":111,"column":null}}},"2":{"name":"(anonymous_22)","decl":{"start":{"line":119,"column":4},"end":{"line":119,"column":11}},"loc":{"start":{"line":119,"column":63},"end":{"line":146,"column":null}}},"3":{"name":"(anonymous_23)","decl":{"start":{"line":119,"column":63},"end":{"line":119,"column":null}},"loc":{"start":{"line":119,"column":63},"end":{"line":146,"column":null}}},"4":{"name":"(anonymous_25)","decl":{"start":{"line":153,"column":4},"end":{"line":153,"column":11}},"loc":{"start":{"line":153,"column":63},"end":{"line":179,"column":null}}},"5":{"name":"(anonymous_26)","decl":{"start":{"line":153,"column":63},"end":{"line":153,"column":null}},"loc":{"start":{"line":153,"column":63},"end":{"line":179,"column":null}}},"6":{"name":"(anonymous_28)","decl":{"start":{"line":157,"column":63},"end":{"line":157,"column":67}},"loc":{"start":{"line":157,"column":67},"end":{"line":166,"column":13}}},"7":{"name":"(anonymous_29)","decl":{"start":{"line":187,"column":4},"end":{"line":187,"column":11}},"loc":{"start":{"line":187,"column":63},"end":{"line":219,"column":null}}},"8":{"name":"(anonymous_30)","decl":{"start":{"line":187,"column":63},"end":{"line":187,"column":null}},"loc":{"start":{"line":187,"column":63},"end":{"line":219,"column":null}}},"9":{"name":"(anonymous_32)","decl":{"start":{"line":228,"column":4},"end":{"line":228,"column":11}},"loc":{"start":{"line":228,"column":63},"end":{"line":240,"column":null}}},"10":{"name":"(anonymous_33)","decl":{"start":{"line":228,"column":63},"end":{"line":228,"column":null}},"loc":{"start":{"line":228,"column":63},"end":{"line":240,"column":null}}},"11":{"name":"(anonymous_35)","decl":{"start":{"line":248,"column":4},"end":{"line":248,"column":11}},"loc":{"start":{"line":248,"column":64},"end":{"line":271,"column":null}}},"12":{"name":"(anonymous_36)","decl":{"start":{"line":248,"column":64},"end":{"line":248,"column":null}},"loc":{"start":{"line":248,"column":64},"end":{"line":271,"column":null}}},"13":{"name":"(anonymous_38)","decl":{"start":{"line":278,"column":4},"end":{"line":278,"column":11}},"loc":{"start":{"line":278,"column":64},"end":{"line":299,"column":null}}},"14":{"name":"(anonymous_39)","decl":{"start":{"line":278,"column":64},"end":{"line":278,"column":null}},"loc":{"start":{"line":278,"column":64},"end":{"line":299,"column":null}}},"15":{"name":"(anonymous_41)","decl":{"start":{"line":306,"column":4},"end":{"line":306,"column":11}},"loc":{"start":{"line":306,"column":61},"end":{"line":327,"column":null}}},"16":{"name":"(anonymous_42)","decl":{"start":{"line":306,"column":61},"end":{"line":306,"column":null}},"loc":{"start":{"line":306,"column":61},"end":{"line":327,"column":null}}},"17":{"name":"(anonymous_44)","decl":{"start":{"line":335,"column":4},"end":{"line":335,"column":11}},"loc":{"start":{"line":335,"column":63},"end":{"line":366,"column":null}}},"18":{"name":"(anonymous_45)","decl":{"start":{"line":335,"column":63},"end":{"line":335,"column":null}},"loc":{"start":{"line":335,"column":63},"end":{"line":366,"column":null}}}},"branchMap":{"0":{"loc":{"start":{"line":136,"column":12},"end":{"line":138,"column":15}},"type":"switch","locations":[{"start":{"line":136,"column":12},"end":{"line":138,"column":15}}]},"1":{"loc":{"start":{"line":208,"column":12},"end":{"line":211,"column":15}},"type":"switch","locations":[{"start":{"line":208,"column":12},"end":{"line":211,"column":15}}]},"2":{"loc":{"start":{"line":193,"column":12},"end":{"line":193,"column":null}},"type":"if","locations":[{"start":{"line":193,"column":12},"end":{"line":193,"column":null}}]},"3":{"loc":{"start":{"line":265,"column":12},"end":{"line":269,"column":15}},"type":"switch","locations":[{"start":{"line":265,"column":12},"end":{"line":269,"column":15}}]},"4":{"loc":{"start":{"line":253,"column":12},"end":{"line":253,"column":20}},"type":"if","locations":[{"start":{"line":253,"column":12},"end":{"line":253,"column":20}}]},"5":{"loc":{"start":{"line":293,"column":12},"end":{"line":297,"column":15}},"type":"switch","locations":[{"start":{"line":293,"column":12},"end":{"line":297,"column":15}}]},"6":{"loc":{"start":{"line":281,"column":12},"end":{"line":281,"column":20}},"type":"if","locations":[{"start":{"line":281,"column":12},"end":{"line":281,"column":20}}]},"7":{"loc":{"start":{"line":321,"column":12},"end":{"line":325,"column":15}},"type":"switch","locations":[{"start":{"line":321,"column":12},"end":{"line":325,"column":15}}]},"8":{"loc":{"start":{"line":309,"column":12},"end":{"line":309,"column":17}},"type":"if","locations":[{"start":{"line":309,"column":12},"end":{"line":309,"column":17}}]},"9":{"loc":{"start":{"line":347,"column":20},"end":{"line":347,"column":99}},"type":"switch","locations":[{"start":{"line":347,"column":20},"end":{"line":347,"column":99}},{"start":{"line":360,"column":12},"end":{"line":364,"column":15}}]},"10":{"loc":{"start":{"line":338,"column":12},"end":{"line":338,"column":26}},"type":"if","locations":[{"start":{"line":338,"column":12},"end":{"line":338,"column":26}}]},"11":{"loc":{"start":{"line":340,"column":20},"end":{"line":340,"column":23}},"type":"if","locations":[{"start":{"line":340,"column":20},"end":{"line":340,"column":23}}]}},"s":{"0":1,"1":1,"2":1,"3":1,"4":1,"5":1,"6":1,"7":1,"8":1,"9":1,"10":1,"11":0,"12":0,"13":0,"14":0,"15":0,"16":0,"17":1,"18":0,"19":0,"20":0,"21":0,"22":0,"23":0,"24":0,"25":0,"26":0,"27":0,"28":1,"29":0,"30":0,"31":0,"32":0,"33":0,"34":0,"35":0,"36":1,"37":0,"38":0,"39":0,"40":0,"41":0,"42":0,"43":0,"44":0,"45":0,"46":0,"47":0,"48":0,"49":1,"50":0,"51":0,"52":0,"53":0,"54":0,"55":1,"56":0,"57":0,"58":0,"59":0,"60":0,"61":0,"62":0,"63":0,"64":1,"65":0,"66":0,"67":0,"68":0,"69":0,"70":0,"71":0,"72":0,"73":1,"74":0,"75":0,"76":0,"77":0,"78":0,"79":0,"80":0,"81":0,"82":1,"83":0,"84":0,"85":0,"86":0,"87":0,"88":0,"89":0,"90":0,"91":0,"92":0,"93":0},"f":{"0":0,"1":0,"2":0,"3":0,"4":0,"5":0,"6":0,"7":0,"8":0,"9":0,"10":0,"11":0,"12":0,"13":0,"14":0,"15":0,"16":0,"17":0,"18":0},"b":{"0":[0],"1":[0],"2":[0],"3":[0],"4":[0],"5":[0],"6":[0],"7":[0],"8":[0],"9":[0,0],"10":[0],"11":[0]}}
,"C:\\Users\\biagi\\OneDrive\\Documents\\Desktop\\PROJECT-AUTOMOTIVE\\BackEnd\\src\\routes\\utils\\date-utils.ts": {"path":"C:\\Users\\biagi\\OneDrive\\Documents\\Desktop\\PROJECT-AUTOMOTIVE\\BackEnd\\src\\routes\\utils\\date-utils.ts","statementMap":{"0":{"start":{"line":5,"column":29},"end":{"line":7,"column":1}},"1":{"start":{"line":6,"column":4},"end":{"line":6,"column":42}},"2":{"start":{"line":5,"column":13},"end":{"line":5,"column":29}},"3":{"start":{"line":9,"column":31},"end":{"line":11,"column":1}},"4":{"start":{"line":10,"column":4},"end":{"line":10,"column":40}},"5":{"start":{"line":9,"column":13},"end":{"line":9,"column":31}}},"fnMap":{"0":{"name":"(anonymous_0)","decl":{"start":{"line":5,"column":29},"end":{"line":5,"column":30}},"loc":{"start":{"line":5,"column":37},"end":{"line":7,"column":1}}},"1":{"name":"(anonymous_1)","decl":{"start":{"line":9,"column":31},"end":{"line":9,"column":32}},"loc":{"start":{"line":9,"column":51},"end":{"line":11,"column":1}}}},"branchMap":{},"s":{"0":1,"1":1,"2":1,"3":1,"4":0,"5":1},"f":{"0":1,"1":0},"b":{}}
,"C:\\Users\\biagi\\OneDrive\\Documents\\Desktop\\PROJECT-AUTOMOTIVE\\BackEnd\\src\\routes\\utils\\param-checking.ts": {"path":"C:\\Users\\biagi\\OneDrive\\Documents\\Desktop\\PROJECT-AUTOMOTIVE\\BackEnd\\src\\routes\\utils\\param-checking.ts","statementMap":{"0":{"start":{"line":2,"column":0},"end":{"line":2,"column":33}},"1":{"start":{"line":5,"column":0},"end":{"line":5,"column":45}},"2":{"start":{"line":18,"column":32},"end":{"line":35,"column":1}},"3":{"start":{"line":19,"column":27},"end":{"line":19,"column":37}},"4":{"start":{"line":20,"column":26},"end":{"line":20,"column":59}},"5":{"start":{"line":21,"column":27},"end":{"line":21,"column":61}},"6":{"start":{"line":23,"column":4},"end":{"line":29,"column":null}},"7":{"start":{"line":24,"column":8},"end":{"line":28,"column":11}},"8":{"start":{"line":31,"column":4},"end":{"line":31,"column":41}},"9":{"start":{"line":32,"column":4},"end":{"line":32,"column":43}},"10":{"start":{"line":34,"column":4},"end":{"line":34,"column":11}},"11":{"start":{"line":18,"column":13},"end":{"line":18,"column":32}},"12":{"start":{"line":47,"column":30},"end":{"line":59,"column":1}},"13":{"start":{"line":48,"column":4},"end":{"line":58,"column":null}},"14":{"start":{"line":49,"column":8},"end":{"line":49,"column":null}},"15":{"start":{"line":50,"column":8},"end":{"line":50,"column":66}},"16":{"start":{"line":51,"column":8},"end":{"line":51,"column":15}},"17":{"start":{"line":53,"column":8},"end":{"line":57,"column":11}},"18":{"start":{"line":47,"column":13},"end":{"line":47,"column":30}},"19":{"start":{"line":72,"column":33},"end":{"line":83,"column":1}},"20":{"start":{"line":73,"column":4},"end":{"line":82,"column":null}},"21":{"start":{"line":74,"column":8},"end":{"line":74,"column":69}},"22":{"start":{"line":75,"column":8},"end":{"line":75,"column":15}},"23":{"start":{"line":77,"column":8},"end":{"line":81,"column":11}},"24":{"start":{"line":72,"column":13},"end":{"line":72,"column":33}},"25":{"start":{"line":85,"column":26},"end":{"line":91,"column":1}},"26":{"start":{"line":86,"column":4},"end":{"line":90,"column":null}},"27":{"start":{"line":87,"column":8},"end":{"line":87,"column":40}},"28":{"start":{"line":89,"column":8},"end":{"line":89,"column":56}},"29":{"start":{"line":85,"column":13},"end":{"line":85,"column":26}}},"fnMap":{"0":{"name":"(anonymous_0)","decl":{"start":{"line":18,"column":32},"end":{"line":18,"column":42}},"loc":{"start":{"line":18,"column":89},"end":{"line":35,"column":1}}},"1":{"name":"(anonymous_1)","decl":{"start":{"line":47,"column":30},"end":{"line":47,"column":40}},"loc":{"start":{"line":47,"column":100},"end":{"line":59,"column":1}}},"2":{"name":"(anonymous_2)","decl":{"start":{"line":72,"column":33},"end":{"line":72,"column":43}},"loc":{"start":{"line":72,"column":104},"end":{"line":83,"column":1}}},"3":{"name":"(anonymous_3)","decl":{"start":{"line":85,"column":26},"end":{"line":85,"column":36}},"loc":{"start":{"line":85,"column":48},"end":{"line":91,"column":1}}}},"branchMap":{"0":{"loc":{"start":{"line":20,"column":26},"end":{"line":20,"column":59}},"type":"binary-expr","locations":[{"start":{"line":20,"column":26},"end":{"line":20,"column":51}},{"start":{"line":20,"column":55},"end":{"line":20,"column":59}}]},"1":{"loc":{"start":{"line":21,"column":27},"end":{"line":21,"column":61}},"type":"binary-expr","locations":[{"start":{"line":21,"column":27},"end":{"line":21,"column":53}},{"start":{"line":21,"column":57},"end":{"line":21,"column":61}}]},"2":{"loc":{"start":{"line":23,"column":4},"end":{"line":29,"column":null}},"type":"if","locations":[{"start":{"line":23,"column":4},"end":{"line":29,"column":null}}]},"3":{"loc":{"start":{"line":23,"column":8},"end":{"line":23,"column":47}},"type":"binary-expr","locations":[{"start":{"line":23,"column":8},"end":{"line":23,"column":25}},{"start":{"line":23,"column":29},"end":{"line":23,"column":47}}]}},"s":{"0":1,"1":1,"2":1,"3":0,"4":0,"5":0,"6":0,"7":0,"8":0,"9":0,"10":0,"11":1,"12":1,"13":2,"14":2,"15":2,"16":1,"17":1,"18":1,"19":1,"20":0,"21":0,"22":0,"23":0,"24":1,"25":1,"26":0,"27":0,"28":0,"29":1},"f":{"0":0,"1":2,"2":0,"3":0},"b":{"0":[0,0],"1":[0,0],"2":[0],"3":[0,0]}}
,"C:\\Users\\biagi\\OneDrive\\Documents\\Desktop\\PROJECT-AUTOMOTIVE\\BackEnd\\src\\routes\\utils\\register-routes.ts": {"path":"C:\\Users\\biagi\\OneDrive\\Documents\\Desktop\\PROJECT-AUTOMOTIVE\\BackEnd\\src\\routes\\utils\\register-routes.ts","statementMap":{"0":{"start":{"line":2,"column":0},"end":{"line":2,"column":54}},"1":{"start":{"line":3,"column":0},"end":{"line":3,"column":53}},"2":{"start":{"line":4,"column":0},"end":{"line":4,"column":42}},"3":{"start":{"line":5,"column":0},"end":{"line":5,"column":64}},"4":{"start":{"line":6,"column":0},"end":{"line":6,"column":58}},"5":{"start":{"line":7,"column":0},"end":{"line":7,"column":59}},"6":{"start":{"line":8,"column":0},"end":{"line":8,"column":60}},"7":{"start":{"line":9,"column":0},"end":{"line":9,"column":54}},"8":{"start":{"line":11,"column":30},"end":{"line":19,"column":1}},"9":{"start":{"line":12,"column":4},"end":{"line":12,"column":38}},"10":{"start":{"line":13,"column":4},"end":{"line":13,"column":null}},"11":{"start":{"line":14,"column":4},"end":{"line":14,"column":null}},"12":{"start":{"line":15,"column":4},"end":{"line":15,"column":null}},"13":{"start":{"line":16,"column":4},"end":{"line":16,"column":null}},"14":{"start":{"line":17,"column":4},"end":{"line":17,"column":null}},"15":{"start":{"line":18,"column":4},"end":{"line":18,"column":null}},"16":{"start":{"line":11,"column":13},"end":{"line":11,"column":30}}},"fnMap":{"0":{"name":"(anonymous_0)","decl":{"start":{"line":11,"column":30},"end":{"line":11,"column":31}},"loc":{"start":{"line":11,"column":43},"end":{"line":19,"column":1}}}},"branchMap":{},"s":{"0":1,"1":1,"2":1,"3":1,"4":1,"5":1,"6":1,"7":1,"8":1,"9":1,"10":1,"11":1,"12":1,"13":1,"14":1,"15":1,"16":1},"f":{"0":1},"b":{}}
}
