TN:
SF:src\index.ts
FN:41,(anonymous_20)
FN:44,(anonymous_21)
FN:52,(anonymous_22)
FN:64,(anonymous_23)
FN:110,(anonymous_24)
FN:121,(anonymous_27)
FNF:6
FNH:3
FNDA:1,(anonymous_20)
FNDA:0,(anonymous_21)
FNDA:1,(anonymous_22)
FNDA:1,(anonymous_23)
FNDA:0,(anonymous_24)
FNDA:0,(anonymous_27)
DA:1,1
DA:2,1
DA:3,1
DA:4,1
DA:5,1
DA:6,1
DA:7,1
DA:8,1
DA:9,1
DA:10,1
DA:11,1
DA:12,1
DA:13,1
DA:14,1
DA:15,1
DA:19,1
DA:21,1
DA:24,1
DA:27,1
DA:30,1
DA:31,1
DA:33,1
DA:36,1
DA:38,1
DA:42,1
DA:45,0
DA:46,0
DA:51,1
DA:52,1
DA:53,1
DA:57,1
DA:60,1
DA:61,1
DA:64,1
DA:65,1
DA:66,1
DA:70,1
DA:71,1
DA:75,1
DA:78,1
DA:79,1
DA:80,1
DA:81,1
DA:83,1
DA:100,1
DA:103,1
DA:110,1
DA:111,0
DA:115,0
DA:116,0
DA:118,0
DA:119,0
DA:121,0
DA:122,0
DA:129,1
LF:55
LH:46
BRDA:30,0,0,1
BRDA:30,0,1,0
BRDA:79,1,0,1
BRF:3
BRH:2
end_of_record
TN:
SF:src\events\client-listeners\owner-response-listener.ts
FN:14,(anonymous_19)
FN:15,OwnerResponseListener
FN:19,(anonymous_21)
FN:20,(anonymous_22)
FN:20,(anonymous_23)
FNF:5
FNH:1
FNDA:1,(anonymous_19)
FNDA:0,OwnerResponseListener
FNDA:0,(anonymous_21)
FNDA:0,(anonymous_22)
FNDA:0,(anonymous_23)
DA:4,1
DA:6,1
DA:14,1
DA:16,0
DA:19,1
DA:20,0
DA:23,0
DA:26,0
DA:29,0
DA:31,0
DA:34,1
LF:11
LH:5
BRDA:16,0,0,0
BRDA:16,0,1,0
BRDA:23,1,0,0
BRDA:31,2,0,0
BRDA:31,2,1,0
BRF:5
BRH:0
end_of_record
TN:
SF:src\events\client-listeners\server-joined.ts
FN:21,(anonymous_20)
FN:22,ServerJoinedListener
FN:26,(anonymous_22)
FN:27,(anonymous_23)
FN:27,(anonymous_24)
FN:34,(anonymous_26)
FN:55,(anonymous_29)
FNF:7
FNH:1
FNDA:1,(anonymous_20)
FNDA:0,ServerJoinedListener
FNDA:0,(anonymous_22)
FNDA:0,(anonymous_23)
FNDA:0,(anonymous_24)
FNDA:0,(anonymous_26)
FNDA:0,(anonymous_29)
DA:2,1
DA:9,1
DA:21,1
DA:23,0
DA:26,1
DA:27,0
DA:28,0
DA:30,0
DA:34,0
DA:35,0
DA:39,0
DA:42,0
DA:55,1
DA:56,0
DA:60,0
DA:65,1
LF:16
LH:6
BRDA:23,0,0,0
BRDA:23,0,1,0
BRF:2
BRH:0
end_of_record
TN:
SF:src\events\client-listeners\base\client-listener-notifier.ts
FN:9,(anonymous_6)
FN:15,ClientListenerNotifier
FNF:2
FNH:1
FNDA:1,(anonymous_6)
FNDA:0,ClientListenerNotifier
DA:2,1
DA:9,1
DA:16,0
DA:18,0
DA:20,1
LF:5
LH:3
BRDA:16,0,0,0
BRDA:16,0,1,0
BRF:2
BRH:0
end_of_record
TN:
SF:src\events\client-listeners\base\client-listener.ts
FN:7,(anonymous_0)
FN:11,ClientListener
FN:16,(anonymous_2)
FN:20,(anonymous_3)
FNF:4
FNH:1
FNDA:1,(anonymous_0)
FNDA:0,ClientListener
FNDA:0,(anonymous_2)
FNDA:0,(anonymous_3)
DA:7,1
DA:12,0
DA:13,0
DA:16,1
DA:17,0
DA:20,1
DA:21,0
DA:23,1
LF:8
LH:4
BRF:0
BRH:0
end_of_record
TN:
SF:src\events\emitters\enjoyer-request-emitter.ts
FN:13,(anonymous_6)
FN:18,EnjoyerRequestEmitter
FNF:2
FNH:1
FNDA:1,(anonymous_6)
FNDA:0,EnjoyerRequestEmitter
DA:3,1
DA:13,1
DA:19,0
DA:21,0
DA:23,1
LF:5
LH:3
BRDA:21,0,0,0
BRDA:21,0,1,0
BRF:2
BRH:0
end_of_record
TN:
SF:src\events\emitters\base\emitter.ts
FN:8,(anonymous_0)
FN:12,Emitter
FN:17,(anonymous_2)
FNF:3
FNH:1
FNDA:1,(anonymous_0)
FNDA:0,Emitter
FNDA:0,(anonymous_2)
DA:8,1
DA:13,0
DA:14,0
DA:17,1
DA:18,0
DA:20,1
LF:6
LH:3
BRF:0
BRH:0
end_of_record
TN:
SF:src\events\emitters\base\room-emitter.ts
FN:9,(anonymous_6)
FN:15,RoomEmitter
FN:25,(anonymous_8)
FNF:3
FNH:1
FNDA:1,(anonymous_6)
FNDA:0,RoomEmitter
FNDA:0,(anonymous_8)
DA:3,1
DA:9,1
DA:16,0
DA:18,0
DA:25,1
DA:26,0
DA:28,1
LF:7
LH:4
BRDA:16,0,0,0
BRDA:16,0,1,0
BRF:2
BRH:0
end_of_record
TN:
SF:src\model\ban-list\ban-list-pool.ts
FN:16,(anonymous_13)
FN:18,(anonymous_15)
FN:39,(anonymous_18)
FN:53,(anonymous_21)
FNF:4
FNH:0
FNDA:0,(anonymous_13)
FNDA:0,(anonymous_15)
FNDA:0,(anonymous_18)
FNDA:0,(anonymous_21)
DA:2,0
DA:3,0
DA:16,0
DA:18,0
DA:21,0
DA:24,0
DA:30,0
DA:33,0
DA:36,0
DA:39,0
DA:41,0
DA:45,0
DA:47,0
DA:50,0
DA:53,0
DA:54,0
DA:56,0
DA:58,0
DA:60,0
DA:62,0
LF:20
LH:0
BRDA:21,0,0,0
BRDA:50,1,0,0
BRDA:47,2,0,0
BRDA:54,3,0,0
BRF:4
BRH:0
end_of_record
TN:
SF:src\model\database\document.ts
FN:3,(anonymous_0)
FNF:1
FNH:1
FNDA:1,(anonymous_0)
DA:1,1
DA:3,1
DA:4,1
DA:5,1
DA:22,1
LF:5
LH:5
BRDA:3,0,0,1
BRDA:3,0,1,1
BRF:2
BRH:2
end_of_record
TN:
SF:src\model\database\legalInfos.ts
FNF:0
FNH:0
DA:1,1
DA:22,1
LF:2
LH:2
BRF:0
BRH:0
end_of_record
TN:
SF:src\model\database\my-vehicle.ts
FN:24,(anonymous_20)
FN:29,(anonymous_21)
FN:127,(anonymous_22)
FN:142,(anonymous_23)
FN:145,(anonymous_26)
FN:151,(anonymous_27)
FN:160,(anonymous_28)
FN:163,(anonymous_31)
FN:172,getVehicleById
FN:173,(anonymous_35)
FN:182,createVehicle
FN:184,(anonymous_39)
FN:188,deleteVehicle
FN:199,(anonymous_43)
FN:208,getVehiclesByUserId
FN:213,(anonymous_47)
FN:226,updatePassword
FN:238,(anonymous_51)
FN:240,(anonymous_52)
FN:256,addEnjoyer
FN:291,(anonymous_57)
FN:296,(anonymous_60)
FN:303,(anonymous_61)
FN:315,updateVehiclePsw
FN:318,(anonymous_67)
FN:324,(anonymous_68)
FN:331,(anonymous_69)
FN:339,changeOwner
FN:342,(anonymous_73)
FN:352,removeEnjoyer
FN:357,(anonymous_77)
FNF:31
FNH:3
FNDA:1,(anonymous_20)
FNDA:1,(anonymous_21)
FNDA:0,(anonymous_22)
FNDA:0,(anonymous_23)
FNDA:0,(anonymous_26)
FNDA:0,(anonymous_27)
FNDA:0,(anonymous_28)
FNDA:0,(anonymous_31)
FNDA:1,getVehicleById
FNDA:0,(anonymous_35)
FNDA:0,createVehicle
FNDA:0,(anonymous_39)
FNDA:0,deleteVehicle
FNDA:0,(anonymous_43)
FNDA:0,getVehiclesByUserId
FNDA:0,(anonymous_47)
FNDA:0,updatePassword
FNDA:0,(anonymous_51)
FNDA:0,(anonymous_52)
FNDA:0,addEnjoyer
FNDA:0,(anonymous_57)
FNDA:0,(anonymous_60)
FNDA:0,(anonymous_61)
FNDA:0,updateVehiclePsw
FNDA:0,(anonymous_67)
FNDA:0,(anonymous_68)
FNDA:0,(anonymous_69)
FNDA:0,changeOwner
FNDA:0,(anonymous_73)
FNDA:0,removeEnjoyer
FNDA:0,(anonymous_77)
DA:1,1
DA:2,1
DA:4,1
DA:5,1
DA:6,1
DA:7,1
DA:8,1
DA:16,1
DA:24,1
DA:25,1
DA:29,1
DA:30,1
DA:31,1
DA:101,1
DA:127,0
DA:142,1
DA:143,0
DA:146,0
DA:149,0
DA:152,0
DA:155,0
DA:156,0
DA:157,0
DA:160,1
DA:161,0
DA:164,0
DA:167,0
DA:170,1
DA:172,1
DA:173,1
DA:174,0
DA:177,1
DA:182,1
DA:183,0
DA:184,0
DA:185,0
DA:188,1
DA:191,0
DA:193,0
DA:196,0
DA:199,0
DA:200,0
DA:203,0
DA:208,1
DA:209,0
DA:211,0
DA:213,0
DA:216,0
DA:219,0
DA:226,1
DA:229,0
DA:230,0
DA:232,0
DA:234,0
DA:238,1
DA:240,0
DA:242,0
DA:243,0
DA:244,0
DA:256,1
DA:265,0
DA:268,0
DA:270,0
DA:273,0
DA:274,0
DA:275,0
DA:278,0
DA:288,0
DA:291,0
DA:292,0
DA:293,0
DA:294,0
DA:296,0
DA:297,0
DA:298,0
DA:300,0
DA:303,0
DA:304,0
DA:305,0
DA:308,0
DA:311,0
DA:315,1
DA:316,0
DA:319,0
DA:322,0
DA:325,0
DA:328,0
DA:331,0
DA:333,0
DA:335,0
DA:339,1
DA:340,0
DA:342,0
DA:344,0
DA:346,0
DA:348,0
DA:352,1
DA:353,0
DA:355,0
DA:357,0
DA:359,0
DA:360,0
DA:361,0
LF:103
LH:29
BRDA:24,0,0,1
BRDA:24,0,1,1
BRDA:29,1,0,1
BRDA:29,1,1,1
BRDA:143,2,0,0
BRDA:161,3,0,0
BRDA:173,4,0,1
BRDA:177,5,0,0
BRDA:177,5,1,1
BRDA:199,6,0,0
BRDA:203,7,0,0
BRDA:203,7,1,0
BRDA:219,8,0,0
BRDA:219,9,0,0
BRDA:219,9,1,0
BRDA:234,10,0,0
BRDA:242,11,0,0
BRDA:274,12,0,0
BRDA:292,13,0,0
BRDA:292,14,0,0
BRDA:292,14,1,0
BRDA:293,15,0,0
BRDA:300,16,0,0
BRDA:305,17,0,0
BRDA:316,18,0,0
BRDA:333,19,0,0
BRDA:340,20,0,0
BRDA:344,21,0,0
BRDA:346,22,0,0
BRDA:353,23,0,0
BRDA:359,24,0,0
BRF:31
BRH:6
end_of_record
TN:
SF:src\model\database\notification.ts
FN:8,(anonymous_0)
FNF:1
FNH:1
FNDA:1,(anonymous_0)
DA:1,1
DA:8,1
DA:9,1
DA:10,1
DA:11,1
DA:49,1
LF:6
LH:6
BRDA:8,0,0,1
BRDA:8,0,1,1
BRF:2
BRH:2
end_of_record
TN:
SF:src\model\database\routine.ts
FNF:0
FNH:0
DA:1,1
DA:27,1
LF:2
LH:2
BRF:0
BRH:0
end_of_record
TN:
SF:src\model\database\setting.ts
FNF:0
FNH:0
DA:1,1
DA:17,1
LF:2
LH:2
BRF:0
BRH:0
end_of_record
TN:
SF:src\model\database\user-stats.ts
FNF:0
FNH:0
DA:1,1
DA:20,1
LF:2
LH:2
BRF:0
BRH:0
end_of_record
TN:
SF:src\model\database\user.ts
FN:34,(anonymous_20)
FN:40,(anonymous_21)
FN:246,(anonymous_22)
FN:256,(anonymous_25)
FN:269,(anonymous_28)
FN:271,(anonymous_31)
FN:275,(anonymous_32)
FN:285,(anonymous_35)
FN:291,(anonymous_38)
FN:293,(anonymous_41)
FN:300,(anonymous_42)
FN:303,(anonymous_45)
FN:309,(anonymous_46)
FN:318,updatePsw
FN:321,(anonymous_50)
FN:327,(anonymous_51)
FN:334,(anonymous_52)
FN:341,getSaltNdHash
FN:344,(anonymous_56)
FN:350,(anonymous_57)
FN:360,(anonymous_58)
FN:363,(anonymous_61)
FN:370,(anonymous_62)
FN:378,(anonymous_65)
FN:388,(anonymous_66)
FN:399,getUserById
FN:400,(anonymous_72)
FN:409,getUserByNickname
FN:410,(anonymous_76)
FN:419,getUserByEmail
FN:420,(anonymous_80)
FN:429,createUser
FN:434,deleteUser
FN:435,(anonymous_87)
FN:444,updateNickName
FN:445,(anonymous_91)
FN:452,updatePassword
FN:463,getUserStats
FN:464,(anonymous_98)
FN:477,updateUserStats
FN:491,updateTheme
FN:496,(anonymous_105)
FN:503,updateSize
FN:508,(anonymous_109)
FN:515,updateLanguage
FN:520,(anonymous_113)
FN:527,updateGamification
FN:532,(anonymous_117)
FN:539,updateEmail
FN:540,(anonymous_121)
FN:547,updateRoutineName
FN:553,(anonymous_125)
FN:556,(anonymous_126)
FN:563,updateRoutineTemperature
FN:568,(anonymous_130)
FN:571,(anonymous_131)
FN:579,updateRoutineLightsColor
FN:584,(anonymous_135)
FN:587,(anonymous_136)
FN:595,updateRoutineMusic
FN:607,(anonymous_140)
FN:614,removeMusic
FN:619,(anonymous_142)
FN:624,addMusic
FN:638,(anonymous_144)
FN:640,(anonymous_145)
FN:647,updateUserEnjoyedVehicle
FN:651,(anonymous_150)
FN:660,removeUserEnjoyedVehicle
FN:668,(anonymous_154)
FNF:70
FNH:2
FNDA:1,(anonymous_20)
FNDA:1,(anonymous_21)
FNDA:0,(anonymous_22)
FNDA:0,(anonymous_25)
FNDA:0,(anonymous_28)
FNDA:0,(anonymous_31)
FNDA:0,(anonymous_32)
FNDA:0,(anonymous_35)
FNDA:0,(anonymous_38)
FNDA:0,(anonymous_41)
FNDA:0,(anonymous_42)
FNDA:0,(anonymous_45)
FNDA:0,(anonymous_46)
FNDA:0,updatePsw
FNDA:0,(anonymous_50)
FNDA:0,(anonymous_51)
FNDA:0,(anonymous_52)
FNDA:0,getSaltNdHash
FNDA:0,(anonymous_56)
FNDA:0,(anonymous_57)
FNDA:0,(anonymous_58)
FNDA:0,(anonymous_61)
FNDA:0,(anonymous_62)
FNDA:0,(anonymous_65)
FNDA:0,(anonymous_66)
FNDA:0,getUserById
FNDA:0,(anonymous_72)
FNDA:0,getUserByNickname
FNDA:0,(anonymous_76)
FNDA:0,getUserByEmail
FNDA:0,(anonymous_80)
FNDA:0,createUser
FNDA:0,deleteUser
FNDA:0,(anonymous_87)
FNDA:0,updateNickName
FNDA:0,(anonymous_91)
FNDA:0,updatePassword
FNDA:0,getUserStats
FNDA:0,(anonymous_98)
FNDA:0,updateUserStats
FNDA:0,updateTheme
FNDA:0,(anonymous_105)
FNDA:0,updateSize
FNDA:0,(anonymous_109)
FNDA:0,updateLanguage
FNDA:0,(anonymous_113)
FNDA:0,updateGamification
FNDA:0,(anonymous_117)
FNDA:0,updateEmail
FNDA:0,(anonymous_121)
FNDA:0,updateRoutineName
FNDA:0,(anonymous_125)
FNDA:0,(anonymous_126)
FNDA:0,updateRoutineTemperature
FNDA:0,(anonymous_130)
FNDA:0,(anonymous_131)
FNDA:0,updateRoutineLightsColor
FNDA:0,(anonymous_135)
FNDA:0,(anonymous_136)
FNDA:0,updateRoutineMusic
FNDA:0,(anonymous_140)
FNDA:0,removeMusic
FNDA:0,(anonymous_142)
FNDA:0,addMusic
FNDA:0,(anonymous_144)
FNDA:0,(anonymous_145)
FNDA:0,updateUserEnjoyedVehicle
FNDA:0,(anonymous_150)
FNDA:0,removeUserEnjoyedVehicle
FNDA:0,(anonymous_154)
DA:1,1
DA:2,1
DA:3,1
DA:4,1
DA:5,1
DA:10,1
DA:16,1
DA:21,1
DA:27,1
DA:34,1
DA:35,1
DA:36,1
DA:37,1
DA:40,1
DA:41,1
DA:42,1
DA:43,1
DA:172,1
DA:246,1
DA:249,0
DA:250,0
DA:251,0
DA:256,1
DA:259,0
DA:260,0
DA:261,0
DA:262,0
DA:266,0
DA:269,1
DA:270,0
DA:271,0
DA:272,0
DA:275,1
DA:276,0
DA:277,0
DA:278,0
DA:279,0
DA:282,0
DA:285,1
DA:286,0
DA:287,0
DA:288,0
DA:291,1
DA:292,0
DA:293,0
DA:294,0
DA:300,1
DA:301,0
DA:304,0
DA:307,0
DA:310,0
DA:313,0
DA:314,0
DA:315,0
DA:318,1
DA:319,0
DA:322,0
DA:325,0
DA:328,0
DA:331,0
DA:334,0
DA:336,0
DA:338,0
DA:341,1
DA:342,0
DA:345,0
DA:348,0
DA:351,0
DA:354,0
DA:360,1
DA:361,0
DA:364,0
DA:367,0
DA:370,1
DA:371,0
DA:372,0
DA:375,0
DA:378,1
DA:379,0
DA:380,0
DA:381,0
DA:385,0
DA:388,1
DA:389,0
DA:390,0
DA:391,0
DA:393,0
DA:397,1
DA:399,1
DA:400,0
DA:401,0
DA:404,0
DA:409,1
DA:410,0
DA:411,0
DA:414,0
DA:419,1
DA:420,0
DA:421,0
DA:424,0
DA:429,1
DA:430,0
DA:431,0
DA:434,1
DA:435,0
DA:436,0
DA:439,0
DA:444,1
DA:445,0
DA:446,0
DA:449,0
DA:452,1
DA:455,0
DA:456,0
DA:458,0
DA:460,0
DA:463,1
DA:464,0
DA:465,0
DA:468,0
DA:477,1
DA:482,0
DA:483,0
DA:484,0
DA:485,0
DA:487,0
DA:491,1
DA:494,0
DA:495,0
DA:496,0
DA:497,0
DA:499,0
DA:503,1
DA:506,0
DA:507,0
DA:508,0
DA:509,0
DA:511,0
DA:515,1
DA:518,0
DA:519,0
DA:520,0
DA:521,0
DA:523,0
DA:527,1
DA:530,0
DA:531,0
DA:532,0
DA:533,0
DA:535,0
DA:539,1
DA:540,0
DA:541,0
DA:544,0
DA:547,1
DA:549,0
DA:550,0
DA:552,0
DA:553,0
DA:554,0
DA:556,0
DA:557,0
DA:559,0
DA:563,1
DA:565,0
DA:567,0
DA:568,0
DA:569,0
DA:571,0
DA:572,0
DA:574,0
DA:579,1
DA:581,0
DA:583,0
DA:584,0
DA:585,0
DA:587,0
DA:588,0
DA:590,0
DA:595,1
DA:598,0
DA:599,0
DA:602,0
DA:604,0
DA:605,0
DA:606,0
DA:607,0
DA:608,0
DA:610,0
DA:615,0
DA:616,0
DA:617,0
DA:618,0
DA:619,0
DA:625,0
DA:626,0
DA:638,1
DA:640,0
DA:642,0
DA:643,0
DA:644,0
DA:647,1
DA:649,0
DA:651,0
DA:653,0
DA:654,0
DA:656,0
DA:660,1
DA:663,0
DA:664,0
DA:666,0
DA:668,0
DA:670,0
DA:671,0
DA:673,0
LF:215
LH:53
BRDA:34,0,0,1
BRDA:34,0,1,1
BRDA:40,1,0,1
BRDA:40,1,1,1
BRDA:260,2,0,0
BRDA:277,3,0,0
BRDA:301,4,0,0
BRDA:319,5,0,0
BRDA:336,6,0,0
BRDA:342,7,0,0
BRDA:361,8,0,0
BRDA:372,9,0,0
BRDA:380,10,0,0
BRDA:389,11,0,0
BRDA:400,12,0,0
BRDA:404,13,0,0
BRDA:404,13,1,0
BRDA:410,14,0,0
BRDA:414,15,0,0
BRDA:414,15,1,0
BRDA:420,16,0,0
BRDA:424,17,0,0
BRDA:424,17,1,0
BRDA:435,18,0,0
BRDA:439,19,0,0
BRDA:439,19,1,0
BRDA:445,20,0,0
BRDA:460,21,0,0
BRDA:464,22,0,0
BRDA:468,23,0,0
BRDA:468,23,1,0
BRDA:540,24,0,0
BRDA:554,25,0,0
BRDA:569,26,0,0
BRDA:585,27,0,0
BRDA:598,28,0,0
BRDA:599,29,0,0
BRDA:605,30,0,0
BRDA:606,31,0,0
BRDA:621,32,0,0
BRDA:621,32,1,0
BRDA:618,33,0,0
BRDA:626,34,0,0
BRDA:642,35,0,0
BRDA:653,36,0,0
BRDA:664,37,0,0
BRDA:670,38,0,0
BRF:47
BRH:4
end_of_record
TN:
SF:src\model\errors\server-error.ts
FN:24,(anonymous_6)
FN:27,ServerError
FN:38,(anonymous_8)
FNF:3
FNH:1
FNDA:1,(anonymous_6)
FNDA:0,ServerError
FNDA:0,(anonymous_8)
DA:2,1
DA:10,1
DA:17,1
DA:24,1
DA:28,0
DA:29,0
DA:31,0
DA:33,0
DA:35,0
DA:38,1
DA:39,0
DA:41,1
LF:12
LH:6
BRDA:28,0,0,0
BRDA:28,0,1,0
BRDA:31,1,0,0
BRDA:31,1,1,0
BRDA:33,2,0,0
BRDA:33,2,1,0
BRDA:35,3,0,0
BRF:7
BRH:0
end_of_record
TN:
SF:src\routes\auth-routes.ts
FN:44,(anonymous_14)
FN:65,(anonymous_17)
FN:68,(anonymous_18)
FN:106,(anonymous_19)
FN:109,(anonymous_22)
FN:124,(anonymous_23)
FN:127,(anonymous_26)
FN:182,(anonymous_27)
FN:202,(anonymous_28)
FN:202,(anonymous_29)
FN:238,(anonymous_31)
FN:238,(anonymous_32)
FN:265,(anonymous_34)
FN:265,(anonymous_35)
FN:302,(anonymous_37)
FN:302,(anonymous_38)
FN:344,(anonymous_40)
FN:344,(anonymous_41)
FNF:18
FNH:3
FNDA:1,(anonymous_14)
FNDA:1,(anonymous_17)
FNDA:0,(anonymous_18)
FNDA:0,(anonymous_19)
FNDA:0,(anonymous_22)
FNDA:0,(anonymous_23)
FNDA:0,(anonymous_26)
FNDA:1,(anonymous_27)
FNDA:0,(anonymous_28)
FNDA:0,(anonymous_29)
FNDA:0,(anonymous_31)
FNDA:0,(anonymous_32)
FNDA:0,(anonymous_34)
FNDA:0,(anonymous_35)
FNDA:0,(anonymous_37)
FNDA:0,(anonymous_38)
FNDA:0,(anonymous_40)
FNDA:0,(anonymous_41)
DA:1,1
DA:2,1
DA:3,1
DA:4,1
DA:5,1
DA:7,1
DA:14,1
DA:15,1
DA:18,1
DA:20,1
DA:22,1
DA:30,1
DA:32,1
DA:33,1
DA:44,1
DA:49,1
DA:50,1
DA:51,1
DA:65,1
DA:66,1
DA:68,0
DA:69,0
DA:70,0
DA:77,0
DA:78,0
DA:83,0
DA:85,0
DA:96,1
DA:98,1
DA:106,1
DA:109,0
DA:110,0
DA:113,0
DA:114,0
DA:116,0
DA:124,1
DA:127,0
DA:128,0
DA:131,0
DA:132,0
DA:134,0
DA:139,1
DA:140,1
DA:182,1
DA:184,1
DA:188,1
DA:192,1
DA:199,1
DA:202,0
DA:203,0
DA:204,0
DA:208,0
DA:212,0
DA:215,0
DA:218,0
DA:227,0
DA:235,1
DA:238,0
DA:239,0
DA:240,0
DA:244,0
DA:248,0
DA:252,0
DA:265,1
DA:267,0
DA:268,0
DA:270,0
DA:279,0
DA:281,0
DA:291,0
DA:299,1
DA:302,0
DA:304,0
DA:308,0
DA:309,0
DA:310,0
DA:311,0
DA:318,0
DA:319,0
DA:320,0
DA:321,0
DA:323,0
DA:328,0
DA:330,0
DA:332,0
DA:341,1
DA:344,0
DA:346,0
DA:350,0
DA:351,0
DA:352,0
DA:353,0
DA:360,0
DA:361,0
DA:362,0
DA:363,0
DA:365,0
DA:370,0
DA:372,0
DA:374,0
LF:100
LH:35
BRDA:50,0,0,1
BRDA:50,0,1,1
BRDA:51,1,0,1
BRDA:51,1,1,1
BRDA:66,2,0,0
BRDA:69,3,0,0
BRDA:69,3,1,0
BRDA:109,4,0,0
BRDA:113,5,0,0
BRDA:113,6,0,0
BRDA:113,6,1,0
BRDA:127,7,0,0
BRDA:131,8,0,0
BRDA:131,9,0,0
BRDA:131,9,1,0
BRDA:215,10,0,0
BRDA:309,11,0,0
BRDA:310,12,0,0
BRDA:318,13,0,0
BRDA:351,14,0,0
BRDA:352,15,0,0
BRDA:360,16,0,0
BRF:22
BRH:4
end_of_record
TN:
SF:src\routes\my-vehicle-routes.ts
FN:84,(anonymous_13)
FN:84,(anonymous_14)
FN:107,(anonymous_16)
FN:107,(anonymous_17)
FN:129,(anonymous_19)
FN:129,(anonymous_20)
FN:151,(anonymous_22)
FN:151,(anonymous_23)
FN:179,(anonymous_25)
FN:179,(anonymous_26)
FN:204,(anonymous_28)
FN:204,(anonymous_29)
FN:226,(anonymous_31)
FN:226,(anonymous_32)
FN:248,(anonymous_34)
FN:248,(anonymous_35)
FN:267,(anonymous_37)
FN:267,(anonymous_38)
FN:295,(anonymous_40)
FN:295,(anonymous_41)
FN:301,(anonymous_43)
FN:347,(anonymous_44)
FN:347,(anonymous_45)
FNF:23
FNH:2
FNDA:0,(anonymous_13)
FNDA:0,(anonymous_14)
FNDA:0,(anonymous_16)
FNDA:0,(anonymous_17)
FNDA:0,(anonymous_19)
FNDA:0,(anonymous_20)
FNDA:0,(anonymous_22)
FNDA:0,(anonymous_23)
FNDA:0,(anonymous_25)
FNDA:0,(anonymous_26)
FNDA:0,(anonymous_28)
FNDA:0,(anonymous_29)
FNDA:1,(anonymous_31)
FNDA:1,(anonymous_32)
FNDA:0,(anonymous_34)
FNDA:0,(anonymous_35)
FNDA:0,(anonymous_37)
FNDA:0,(anonymous_38)
FNDA:0,(anonymous_40)
FNDA:0,(anonymous_41)
FNDA:0,(anonymous_43)
FNDA:0,(anonymous_44)
FNDA:0,(anonymous_45)
DA:1,1
DA:2,1
DA:5,1
DA:6,1
DA:7,1
DA:8,1
DA:22,1
DA:23,1
DA:77,1
DA:80,1
DA:84,0
DA:86,0
DA:88,0
DA:89,0
DA:94,0
DA:103,1
DA:107,0
DA:109,0
DA:111,0
DA:112,0
DA:116,0
DA:125,1
DA:129,0
DA:131,0
DA:133,0
DA:134,0
DA:138,0
DA:147,1
DA:151,0
DA:152,0
DA:153,0
DA:154,0
DA:156,0
DA:157,0
DA:159,0
DA:166,0
DA:176,1
DA:179,0
DA:181,0
DA:183,0
DA:184,0
DA:192,0
DA:201,1
DA:204,0
DA:206,0
DA:208,0
DA:209,0
DA:213,0
DA:223,1
DA:226,1
DA:228,1
DA:230,1
DA:231,1
DA:235,0
DA:244,1
DA:248,0
DA:249,0
DA:251,0
DA:252,0
DA:254,0
DA:263,1
DA:267,0
DA:269,0
DA:270,0
DA:277,0
DA:278,0
DA:282,0
DA:292,1
DA:295,0
DA:296,0
DA:298,0
DA:300,0
DA:301,0
DA:302,0
DA:303,0
DA:305,0
DA:314,0
DA:319,0
DA:323,0
DA:328,0
DA:335,0
DA:344,1
DA:347,0
DA:348,0
DA:349,0
DA:351,0
DA:352,0
DA:354,0
LF:88
LH:24
BRDA:166,0,0,0
BRDA:154,1,0,0
BRDA:319,2,0,0
BRDA:319,2,1,0
BRDA:298,3,0,0
BRDA:300,4,0,0
BRDA:302,5,0,0
BRDA:302,5,1,0
BRF:8
BRH:0
end_of_record
TN:
SF:src\routes\user-routes.ts
FN:92,(anonymous_19)
FN:92,(anonymous_20)
FN:118,(anonymous_22)
FN:118,(anonymous_23)
FN:142,(anonymous_25)
FN:142,(anonymous_26)
FN:173,(anonymous_28)
FN:173,(anonymous_29)
FN:193,(anonymous_31)
FN:193,(anonymous_32)
FN:223,(anonymous_34)
FN:223,(anonymous_35)
FN:251,(anonymous_37)
FN:251,(anonymous_38)
FN:280,(anonymous_40)
FN:280,(anonymous_41)
FNF:16
FNH:0
FNDA:0,(anonymous_19)
FNDA:0,(anonymous_20)
FNDA:0,(anonymous_22)
FNDA:0,(anonymous_23)
FNDA:0,(anonymous_25)
FNDA:0,(anonymous_26)
FNDA:0,(anonymous_28)
FNDA:0,(anonymous_29)
FNDA:0,(anonymous_31)
FNDA:0,(anonymous_32)
FNDA:0,(anonymous_34)
FNDA:0,(anonymous_35)
FNDA:0,(anonymous_37)
FNDA:0,(anonymous_38)
FNDA:0,(anonymous_40)
FNDA:0,(anonymous_41)
DA:1,1
DA:2,1
DA:3,1
DA:5,1
DA:6,1
DA:7,1
DA:8,1
DA:13,1
DA:14,1
DA:86,1
DA:88,1
DA:92,0
DA:94,0
DA:96,0
DA:97,0
DA:105,0
DA:114,1
DA:118,0
DA:120,0
DA:122,0
DA:123,0
DA:128,0
DA:138,1
DA:142,0
DA:144,0
DA:145,0
DA:147,0
DA:148,0
DA:151,0
DA:153,0
DA:158,0
DA:169,1
DA:173,0
DA:174,0
DA:176,0
DA:177,0
DA:179,0
DA:189,1
DA:193,0
DA:194,0
DA:196,0
DA:198,0
DA:200,0
DA:201,0
DA:203,0
DA:210,0
DA:219,1
DA:223,0
DA:224,0
DA:225,0
DA:226,0
DA:228,0
DA:229,0
DA:231,0
DA:238,0
DA:247,1
DA:251,0
DA:252,0
DA:253,0
DA:254,0
DA:256,0
DA:257,0
DA:259,0
DA:266,0
DA:276,1
DA:280,0
DA:281,0
DA:282,0
DA:283,0
DA:285,0
DA:286,0
DA:287,0
DA:292,0
DA:293,0
DA:298,0
DA:305,0
LF:76
LH:18
BRDA:153,0,0,0
BRDA:148,1,0,0
BRDA:210,2,0,0
BRDA:198,3,0,0
BRDA:238,4,0,0
BRDA:226,5,0,0
BRDA:266,6,0,0
BRDA:254,7,0,0
BRDA:292,8,0,0
BRDA:292,8,1,0
BRDA:283,9,0,0
BRDA:285,10,0,0
BRF:12
BRH:0
end_of_record
TN:
SF:src\routes\utils\date-utils.ts
FN:5,(anonymous_0)
FN:9,(anonymous_1)
FNF:2
FNH:0
FNDA:0,(anonymous_0)
FNDA:0,(anonymous_1)
DA:5,1
DA:6,0
DA:9,1
DA:10,0
LF:4
LH:2
BRF:0
BRH:0
end_of_record
TN:
SF:src\routes\utils\param-checking.ts
FN:18,(anonymous_0)
FN:47,(anonymous_1)
FN:72,(anonymous_2)
FNF:3
FNH:0
FNDA:0,(anonymous_0)
FNDA:0,(anonymous_1)
FNDA:0,(anonymous_2)
DA:2,1
DA:5,1
DA:18,1
DA:19,0
DA:20,0
DA:21,0
DA:23,0
DA:24,0
DA:31,0
DA:32,0
DA:34,0
DA:47,1
DA:48,0
DA:49,0
DA:50,0
DA:51,0
DA:53,0
DA:72,1
DA:73,0
DA:74,0
DA:75,0
DA:77,0
LF:22
LH:5
BRDA:20,0,0,0
BRDA:20,0,1,0
BRDA:21,1,0,0
BRDA:21,1,1,0
BRDA:23,2,0,0
BRDA:23,3,0,0
BRDA:23,3,1,0
BRF:7
BRH:0
end_of_record
TN:
SF:src\routes\utils\register-routes.ts
FN:7,(anonymous_0)
FNF:1
FNH:1
FNDA:1,(anonymous_0)
DA:2,1
DA:3,1
DA:4,1
DA:5,1
DA:7,1
DA:8,1
DA:9,1
DA:10,1
LF:8
LH:8
BRF:0
BRH:0
end_of_record
