TN:
SF:src\index.ts
FN:41,(anonymous_20)
FN:44,(anonymous_21)
FN:52,(anonymous_22)
FN:64,(anonymous_23)
FN:110,(anonymous_24)
FN:121,(anonymous_27)
FNF:6
FNH:3
FNDA:1,(anonymous_20)
FNDA:0,(anonymous_21)
FNDA:1,(anonymous_22)
FNDA:3,(anonymous_23)
FNDA:0,(anonymous_24)
FNDA:0,(anonymous_27)
DA:1,1
DA:2,1
DA:3,1
DA:4,1
DA:5,1
DA:6,1
DA:7,1
DA:8,1
DA:9,1
DA:10,1
DA:11,1
DA:12,1
DA:13,1
DA:14,1
DA:15,1
DA:19,1
DA:21,1
DA:24,1
DA:27,1
DA:30,1
DA:31,1
DA:33,1
DA:36,1
DA:38,1
DA:42,1
DA:45,0
DA:46,0
DA:51,1
DA:52,1
DA:53,1
DA:57,1
DA:60,1
DA:61,1
DA:64,1
DA:65,3
DA:66,3
DA:70,3
DA:71,3
DA:75,1
DA:78,1
DA:79,1
DA:80,1
DA:81,1
DA:83,1
DA:100,1
DA:103,1
DA:110,1
DA:111,0
DA:115,0
DA:116,0
DA:118,0
DA:119,0
DA:121,0
DA:122,0
DA:128,1
LF:55
LH:46
BRDA:30,0,0,1
BRDA:30,0,1,0
BRDA:79,1,0,1
BRF:3
BRH:2
end_of_record
TN:
SF:src\events\client-listeners\owner-response-listener.ts
FN:14,(anonymous_19)
FN:15,OwnerResponseListener
FN:19,(anonymous_21)
FN:20,(anonymous_22)
FN:20,(anonymous_23)
FNF:5
FNH:1
FNDA:1,(anonymous_19)
FNDA:0,OwnerResponseListener
FNDA:0,(anonymous_21)
FNDA:0,(anonymous_22)
FNDA:0,(anonymous_23)
DA:4,1
DA:6,1
DA:14,1
DA:16,0
DA:19,1
DA:20,0
DA:23,0
DA:26,0
DA:29,0
DA:31,0
DA:34,1
LF:11
LH:5
BRDA:16,0,0,0
BRDA:16,0,1,0
BRDA:23,1,0,0
BRDA:31,2,0,0
BRDA:31,2,1,0
BRF:5
BRH:0
end_of_record
TN:
SF:src\events\client-listeners\server-joined.ts
FN:21,(anonymous_20)
FN:22,ServerJoinedListener
FN:26,(anonymous_22)
FN:27,(anonymous_23)
FN:27,(anonymous_24)
FN:34,(anonymous_26)
FN:55,(anonymous_29)
FNF:7
FNH:1
FNDA:1,(anonymous_20)
FNDA:0,ServerJoinedListener
FNDA:0,(anonymous_22)
FNDA:0,(anonymous_23)
FNDA:0,(anonymous_24)
FNDA:0,(anonymous_26)
FNDA:0,(anonymous_29)
DA:2,1
DA:9,1
DA:21,1
DA:23,0
DA:26,1
DA:27,0
DA:28,0
DA:30,0
DA:34,0
DA:35,0
DA:39,0
DA:42,0
DA:55,1
DA:56,0
DA:60,0
DA:65,1
LF:16
LH:6
BRDA:23,0,0,0
BRDA:23,0,1,0
BRF:2
BRH:0
end_of_record
TN:
SF:src\events\client-listeners\base\client-listener-notifier.ts
FN:9,(anonymous_6)
FN:15,ClientListenerNotifier
FNF:2
FNH:1
FNDA:1,(anonymous_6)
FNDA:0,ClientListenerNotifier
DA:2,1
DA:9,1
DA:16,0
DA:18,0
DA:20,1
LF:5
LH:3
BRDA:16,0,0,0
BRDA:16,0,1,0
BRF:2
BRH:0
end_of_record
TN:
SF:src\events\client-listeners\base\client-listener.ts
FN:7,(anonymous_0)
FN:11,ClientListener
FN:16,(anonymous_2)
FN:20,(anonymous_3)
FNF:4
FNH:1
FNDA:1,(anonymous_0)
FNDA:0,ClientListener
FNDA:0,(anonymous_2)
FNDA:0,(anonymous_3)
DA:7,1
DA:12,0
DA:13,0
DA:16,1
DA:17,0
DA:20,1
DA:21,0
DA:23,1
LF:8
LH:4
BRF:0
BRH:0
end_of_record
TN:
SF:src\events\emitters\enjoyer-request-emitter.ts
FN:13,(anonymous_6)
FN:18,EnjoyerRequestEmitter
FNF:2
FNH:1
FNDA:1,(anonymous_6)
FNDA:0,EnjoyerRequestEmitter
DA:3,1
DA:13,1
DA:19,0
DA:21,0
DA:23,1
LF:5
LH:3
BRDA:21,0,0,0
BRDA:21,0,1,0
BRF:2
BRH:0
end_of_record
TN:
SF:src\events\emitters\base\emitter.ts
FN:8,(anonymous_0)
FN:12,Emitter
FN:17,(anonymous_2)
FNF:3
FNH:1
FNDA:1,(anonymous_0)
FNDA:0,Emitter
FNDA:0,(anonymous_2)
DA:8,1
DA:13,0
DA:14,0
DA:17,1
DA:18,0
DA:20,1
LF:6
LH:3
BRF:0
BRH:0
end_of_record
TN:
SF:src\events\emitters\base\room-emitter.ts
FN:9,(anonymous_6)
FN:15,RoomEmitter
FN:25,(anonymous_8)
FNF:3
FNH:1
FNDA:1,(anonymous_6)
FNDA:0,RoomEmitter
FNDA:0,(anonymous_8)
DA:3,1
DA:9,1
DA:16,0
DA:18,0
DA:25,1
DA:26,0
DA:28,1
LF:7
LH:4
BRDA:16,0,0,0
BRDA:16,0,1,0
BRF:2
BRH:0
end_of_record
TN:
SF:src\model\ban-list\ban-list-pool.ts
FN:16,(anonymous_13)
FN:18,(anonymous_15)
FN:39,(anonymous_18)
FN:53,(anonymous_21)
FNF:4
FNH:0
FNDA:0,(anonymous_13)
FNDA:0,(anonymous_15)
FNDA:0,(anonymous_18)
FNDA:0,(anonymous_21)
DA:2,0
DA:3,0
DA:16,0
DA:18,0
DA:21,0
DA:24,0
DA:30,0
DA:33,0
DA:36,0
DA:39,0
DA:41,0
DA:45,0
DA:47,0
DA:50,0
DA:53,0
DA:54,0
DA:56,0
DA:58,0
DA:60,0
DA:62,0
LF:20
LH:0
BRDA:21,0,0,0
BRDA:50,1,0,0
BRDA:47,2,0,0
BRDA:54,3,0,0
BRF:4
BRH:0
end_of_record
TN:
SF:src\model\database\document.ts
FN:3,(anonymous_0)
FNF:1
FNH:1
FNDA:1,(anonymous_0)
DA:1,1
DA:3,1
DA:4,1
DA:5,1
DA:22,1
LF:5
LH:5
BRDA:3,0,0,1
BRDA:3,0,1,1
BRF:2
BRH:2
end_of_record
TN:
SF:src\model\database\legalInfos.ts
FNF:0
FNH:0
DA:1,1
DA:22,1
LF:2
LH:2
BRF:0
BRH:0
end_of_record
TN:
SF:src\model\database\my-vehicle.ts
FN:24,(anonymous_20)
FN:29,(anonymous_21)
FN:142,(anonymous_22)
FN:163,(anonymous_23)
FN:187,(anonymous_26)
FN:198,(anonymous_29)
FN:210,(anonymous_32)
FN:211,(anonymous_35)
FN:212,(anonymous_36)
FN:217,(anonymous_37)
FN:220,(anonymous_40)
FN:226,(anonymous_41)
FN:235,(anonymous_42)
FN:238,(anonymous_45)
FN:247,getVehicleById
FN:248,(anonymous_49)
FN:257,createVehicle
FN:262,deleteVehicle
FN:273,(anonymous_56)
FN:282,getVehiclesByUserId
FN:288,(anonymous_60)
FN:301,updatePassword
FN:320,(anonymous_64)
FN:322,(anonymous_65)
FNF:24
FNH:2
FNDA:1,(anonymous_20)
FNDA:1,(anonymous_21)
FNDA:0,(anonymous_22)
FNDA:0,(anonymous_23)
FNDA:0,(anonymous_26)
FNDA:0,(anonymous_29)
FNDA:0,(anonymous_32)
FNDA:0,(anonymous_35)
FNDA:0,(anonymous_36)
FNDA:0,(anonymous_37)
FNDA:0,(anonymous_40)
FNDA:0,(anonymous_41)
FNDA:0,(anonymous_42)
FNDA:0,(anonymous_45)
FNDA:0,getVehicleById
FNDA:0,(anonymous_49)
FNDA:0,createVehicle
FNDA:0,deleteVehicle
FNDA:0,(anonymous_56)
FNDA:0,getVehiclesByUserId
FNDA:0,(anonymous_60)
FNDA:0,updatePassword
FNDA:0,(anonymous_64)
FNDA:0,(anonymous_65)
DA:1,1
DA:2,1
DA:4,1
DA:5,1
DA:6,1
DA:7,1
DA:8,1
DA:16,1
DA:24,1
DA:25,1
DA:29,1
DA:30,1
DA:31,1
DA:116,1
DA:142,0
DA:163,1
DA:171,0
DA:173,0
DA:175,0
DA:184,0
DA:187,0
DA:188,0
DA:189,0
DA:190,0
DA:191,0
DA:192,0
DA:193,0
DA:195,0
DA:198,0
DA:199,0
DA:200,0
DA:203,0
DA:206,0
DA:210,1
DA:211,0
DA:212,0
DA:213,0
DA:214,0
DA:217,1
DA:218,0
DA:221,0
DA:224,0
DA:227,0
DA:230,0
DA:231,0
DA:232,0
DA:235,1
DA:236,0
DA:239,0
DA:242,0
DA:245,1
DA:247,1
DA:248,0
DA:249,0
DA:252,0
DA:257,1
DA:258,0
DA:259,0
DA:262,1
DA:265,0
DA:267,0
DA:270,0
DA:273,0
DA:274,0
DA:277,0
DA:282,1
DA:283,0
DA:285,0
DA:286,0
DA:288,0
DA:291,0
DA:294,0
DA:301,1
DA:304,0
DA:305,0
DA:307,0
DA:309,0
DA:320,1
DA:322,0
DA:324,0
DA:325,0
DA:326,0
LF:82
LH:25
BRDA:24,0,0,1
BRDA:24,0,1,1
BRDA:29,1,0,1
BRDA:29,1,1,1
BRDA:188,2,0,0
BRDA:188,3,0,0
BRDA:188,3,1,0
BRDA:189,4,0,0
BRDA:195,5,0,0
BRDA:200,6,0,0
BRDA:218,7,0,0
BRDA:236,8,0,0
BRDA:248,9,0,0
BRDA:252,10,0,0
BRDA:252,10,1,0
BRDA:273,11,0,0
BRDA:277,12,0,0
BRDA:277,12,1,0
BRDA:294,13,0,0
BRDA:294,14,0,0
BRDA:294,14,1,0
BRDA:309,15,0,0
BRDA:324,16,0,0
BRF:23
BRH:4
end_of_record
TN:
SF:src\model\database\notification.ts
FN:8,(anonymous_0)
FNF:1
FNH:1
FNDA:1,(anonymous_0)
DA:1,1
DA:8,1
DA:9,1
DA:10,1
DA:11,1
DA:49,1
LF:6
LH:6
BRDA:8,0,0,1
BRDA:8,0,1,1
BRF:2
BRH:2
end_of_record
TN:
SF:src\model\database\routine.ts
FNF:0
FNH:0
DA:1,1
DA:27,1
LF:2
LH:2
BRF:0
BRH:0
end_of_record
TN:
SF:src\model\database\setting.ts
FNF:0
FNH:0
DA:1,1
DA:17,1
LF:2
LH:2
BRF:0
BRH:0
end_of_record
TN:
SF:src\model\database\user-stats.ts
FNF:0
FNH:0
DA:1,1
DA:20,1
LF:2
LH:2
BRF:0
BRH:0
end_of_record
TN:
SF:src\model\database\user.ts
FN:34,(anonymous_20)
FN:40,(anonymous_21)
FN:241,(anonymous_22)
FN:251,(anonymous_25)
FN:264,(anonymous_28)
FN:266,(anonymous_31)
FN:270,(anonymous_32)
FN:280,(anonymous_35)
FN:286,(anonymous_38)
FN:288,(anonymous_41)
FN:295,(anonymous_42)
FN:298,(anonymous_45)
FN:304,(anonymous_46)
FN:313,updatePsw
FN:316,(anonymous_50)
FN:322,(anonymous_51)
FN:333,(anonymous_52)
FN:336,(anonymous_55)
FN:343,(anonymous_56)
FN:351,(anonymous_59)
FN:361,(anonymous_60)
FN:372,getUserById
FN:373,(anonymous_66)
FN:382,getUserByNickname
FN:383,(anonymous_70)
FN:392,getUserByEmail
FN:393,(anonymous_74)
FN:402,createUser
FN:407,deleteUser
FN:408,(anonymous_81)
FN:417,updateNickName
FN:418,(anonymous_85)
FN:425,updatePassword
FN:436,getUserStats
FN:437,(anonymous_92)
FN:450,updateUserStats
FN:464,updateTheme
FN:469,(anonymous_99)
FN:476,updateSize
FN:481,(anonymous_103)
FN:488,updateLanguage
FN:493,(anonymous_107)
FN:500,updateGamification
FN:505,(anonymous_111)
FN:512,updateEmail
FN:513,(anonymous_115)
FN:520,updateRoutineName
FN:526,(anonymous_119)
FN:529,(anonymous_120)
FN:536,updateRoutineTemperature
FN:541,(anonymous_124)
FN:544,(anonymous_125)
FN:552,updateRoutineLightsColor
FN:557,(anonymous_129)
FN:560,(anonymous_130)
FN:568,updateRoutineMusic
FN:580,(anonymous_134)
FN:587,removeMusic
FN:592,(anonymous_136)
FN:597,addMusic
FN:611,(anonymous_138)
FN:613,(anonymous_139)
FN:620,updateUserEnjoyedVehicle
FN:636,removeUserEnjoyedVehicle
FNF:64
FNH:5
FNDA:1,(anonymous_20)
FNDA:1,(anonymous_21)
FNDA:0,(anonymous_22)
FNDA:0,(anonymous_25)
FNDA:0,(anonymous_28)
FNDA:0,(anonymous_31)
FNDA:0,(anonymous_32)
FNDA:0,(anonymous_35)
FNDA:0,(anonymous_38)
FNDA:0,(anonymous_41)
FNDA:0,(anonymous_42)
FNDA:0,(anonymous_45)
FNDA:0,(anonymous_46)
FNDA:0,updatePsw
FNDA:0,(anonymous_50)
FNDA:0,(anonymous_51)
FNDA:0,(anonymous_52)
FNDA:0,(anonymous_55)
FNDA:0,(anonymous_56)
FNDA:0,(anonymous_59)
FNDA:0,(anonymous_60)
FNDA:2,getUserById
FNDA:0,(anonymous_66)
FNDA:0,getUserByNickname
FNDA:0,(anonymous_70)
FNDA:0,getUserByEmail
FNDA:0,(anonymous_74)
FNDA:0,createUser
FNDA:0,deleteUser
FNDA:0,(anonymous_81)
FNDA:0,updateNickName
FNDA:0,(anonymous_85)
FNDA:0,updatePassword
FNDA:0,getUserStats
FNDA:0,(anonymous_92)
FNDA:0,updateUserStats
FNDA:0,updateTheme
FNDA:0,(anonymous_99)
FNDA:0,updateSize
FNDA:0,(anonymous_103)
FNDA:0,updateLanguage
FNDA:0,(anonymous_107)
FNDA:0,updateGamification
FNDA:0,(anonymous_111)
FNDA:0,updateEmail
FNDA:0,(anonymous_115)
FNDA:0,updateRoutineName
FNDA:0,(anonymous_119)
FNDA:0,(anonymous_120)
FNDA:0,updateRoutineTemperature
FNDA:0,(anonymous_124)
FNDA:0,(anonymous_125)
FNDA:0,updateRoutineLightsColor
FNDA:0,(anonymous_129)
FNDA:0,(anonymous_130)
FNDA:0,updateRoutineMusic
FNDA:0,(anonymous_134)
FNDA:0,removeMusic
FNDA:0,(anonymous_136)
FNDA:0,addMusic
FNDA:0,(anonymous_138)
FNDA:0,(anonymous_139)
FNDA:1,updateUserEnjoyedVehicle
FNDA:1,removeUserEnjoyedVehicle
DA:1,1
DA:2,1
DA:3,1
DA:4,1
DA:5,1
DA:10,1
DA:16,1
DA:21,1
DA:27,1
DA:34,1
DA:35,1
DA:36,1
DA:37,1
DA:40,1
DA:41,1
DA:42,1
DA:43,1
DA:167,1
DA:241,1
DA:244,0
DA:245,0
DA:246,0
DA:251,1
DA:254,0
DA:255,0
DA:256,0
DA:257,0
DA:261,0
DA:264,1
DA:265,0
DA:266,0
DA:267,0
DA:270,1
DA:271,0
DA:272,0
DA:273,0
DA:274,0
DA:277,0
DA:280,1
DA:281,0
DA:282,0
DA:283,0
DA:286,1
DA:287,0
DA:288,0
DA:289,0
DA:295,1
DA:296,0
DA:299,0
DA:302,0
DA:305,0
DA:308,0
DA:309,0
DA:310,0
DA:313,1
DA:314,0
DA:317,0
DA:320,0
DA:323,0
DA:326,0
DA:333,1
DA:334,0
DA:337,0
DA:340,0
DA:343,1
DA:344,0
DA:345,0
DA:348,0
DA:351,1
DA:352,0
DA:353,0
DA:354,0
DA:358,0
DA:361,1
DA:362,0
DA:363,0
DA:364,0
DA:366,0
DA:370,1
DA:372,1
DA:373,2
DA:374,0
DA:377,2
DA:382,1
DA:383,0
DA:384,0
DA:387,0
DA:392,1
DA:393,0
DA:394,0
DA:397,0
DA:402,1
DA:403,0
DA:404,0
DA:407,1
DA:408,0
DA:409,0
DA:412,0
DA:417,1
DA:418,0
DA:419,0
DA:422,0
DA:425,1
DA:428,0
DA:429,0
DA:431,0
DA:433,0
DA:436,1
DA:437,0
DA:438,0
DA:441,0
DA:450,1
DA:455,0
DA:456,0
DA:457,0
DA:458,0
DA:460,0
DA:464,1
DA:467,0
DA:468,0
DA:469,0
DA:470,0
DA:472,0
DA:476,1
DA:479,0
DA:480,0
DA:481,0
DA:482,0
DA:484,0
DA:488,1
DA:491,0
DA:492,0
DA:493,0
DA:494,0
DA:496,0
DA:500,1
DA:503,0
DA:504,0
DA:505,0
DA:506,0
DA:508,0
DA:512,1
DA:513,0
DA:514,0
DA:517,0
DA:520,1
DA:522,0
DA:523,0
DA:525,0
DA:526,0
DA:527,0
DA:529,0
DA:530,0
DA:532,0
DA:536,1
DA:538,0
DA:540,0
DA:541,0
DA:542,0
DA:544,0
DA:545,0
DA:547,0
DA:552,1
DA:554,0
DA:556,0
DA:557,0
DA:558,0
DA:560,0
DA:561,0
DA:563,0
DA:568,1
DA:571,0
DA:572,0
DA:575,0
DA:577,0
DA:578,0
DA:579,0
DA:580,0
DA:581,0
DA:583,0
DA:588,0
DA:589,0
DA:590,0
DA:591,0
DA:592,0
DA:598,0
DA:599,0
DA:611,1
DA:613,0
DA:615,0
DA:616,0
DA:617,0
DA:620,1
DA:622,1
DA:624,1
DA:625,1
DA:626,1
DA:627,2
DA:630,1
DA:632,0
DA:636,1
DA:638,1
DA:640,1
DA:641,1
DA:643,1
DA:644,2
DA:645,0
DA:648,1
DA:650,2
DA:654,1
DA:656,0
LF:211
LH:68
BRDA:34,0,0,1
BRDA:34,0,1,1
BRDA:40,1,0,1
BRDA:40,1,1,1
BRDA:255,2,0,0
BRDA:272,3,0,0
BRDA:296,4,0,0
BRDA:314,5,0,0
BRDA:334,6,0,0
BRDA:345,7,0,0
BRDA:353,8,0,0
BRDA:362,9,0,0
BRDA:373,10,0,2
BRDA:377,11,0,0
BRDA:377,11,1,2
BRDA:383,12,0,0
BRDA:387,13,0,0
BRDA:387,13,1,0
BRDA:393,14,0,0
BRDA:397,15,0,0
BRDA:397,15,1,0
BRDA:408,16,0,0
BRDA:412,17,0,0
BRDA:412,17,1,0
BRDA:418,18,0,0
BRDA:433,19,0,0
BRDA:437,20,0,0
BRDA:441,21,0,0
BRDA:441,21,1,0
BRDA:513,22,0,0
BRDA:527,23,0,0
BRDA:542,24,0,0
BRDA:558,25,0,0
BRDA:571,26,0,0
BRDA:572,27,0,0
BRDA:578,28,0,0
BRDA:579,29,0,0
BRDA:594,30,0,0
BRDA:594,30,1,0
BRDA:591,31,0,0
BRDA:599,32,0,0
BRDA:615,33,0,0
BRDA:641,34,0,0
BRDA:644,35,0,0
BRF:44
BRH:6
end_of_record
TN:
SF:src\model\errors\server-error.ts
FN:19,(anonymous_6)
FN:22,ServerError
FN:33,(anonymous_8)
FNF:3
FNH:1
FNDA:1,(anonymous_6)
FNDA:0,ServerError
FNDA:0,(anonymous_8)
DA:2,1
DA:10,1
DA:12,1
DA:19,1
DA:23,0
DA:24,0
DA:26,0
DA:28,0
DA:30,0
DA:33,1
DA:34,0
DA:36,1
LF:12
LH:6
BRDA:23,0,0,0
BRDA:23,0,1,0
BRDA:26,1,0,0
BRDA:26,1,1,0
BRDA:28,2,0,0
BRDA:28,2,1,0
BRDA:30,3,0,0
BRF:7
BRH:0
end_of_record
TN:
SF:src\routes\auth-routes.ts
FN:43,(anonymous_14)
FN:64,(anonymous_17)
FN:67,(anonymous_18)
FN:105,(anonymous_19)
FN:108,(anonymous_22)
FN:123,(anonymous_23)
FN:126,(anonymous_26)
FN:181,(anonymous_27)
FN:201,(anonymous_28)
FN:201,(anonymous_29)
FN:237,(anonymous_31)
FN:237,(anonymous_32)
FN:264,(anonymous_34)
FN:264,(anonymous_35)
FN:302,(anonymous_37)
FN:302,(anonymous_38)
FN:344,(anonymous_40)
FN:344,(anonymous_41)
FNF:18
FNH:3
FNDA:3,(anonymous_14)
FNDA:3,(anonymous_17)
FNDA:0,(anonymous_18)
FNDA:0,(anonymous_19)
FNDA:0,(anonymous_22)
FNDA:0,(anonymous_23)
FNDA:0,(anonymous_26)
FNDA:3,(anonymous_27)
FNDA:0,(anonymous_28)
FNDA:0,(anonymous_29)
FNDA:0,(anonymous_31)
FNDA:0,(anonymous_32)
FNDA:0,(anonymous_34)
FNDA:0,(anonymous_35)
FNDA:0,(anonymous_37)
FNDA:0,(anonymous_38)
FNDA:0,(anonymous_40)
FNDA:0,(anonymous_41)
DA:1,1
DA:2,1
DA:3,1
DA:4,1
DA:5,1
DA:7,1
DA:14,1
DA:15,1
DA:18,1
DA:20,1
DA:22,1
DA:31,1
DA:32,1
DA:43,1
DA:48,3
DA:49,3
DA:50,3
DA:64,3
DA:65,3
DA:67,0
DA:68,0
DA:69,0
DA:76,0
DA:77,0
DA:82,0
DA:84,0
DA:95,3
DA:97,3
DA:105,1
DA:108,0
DA:109,0
DA:112,0
DA:113,0
DA:115,0
DA:123,1
DA:126,0
DA:127,0
DA:130,0
DA:131,0
DA:133,0
DA:138,1
DA:139,1
DA:181,1
DA:183,3
DA:187,3
DA:191,3
DA:198,1
DA:201,0
DA:202,0
DA:203,0
DA:207,0
DA:211,0
DA:214,0
DA:217,0
DA:226,0
DA:234,1
DA:237,0
DA:238,0
DA:239,0
DA:243,0
DA:247,0
DA:251,0
DA:264,1
DA:266,0
DA:268,0
DA:277,0
DA:279,0
DA:281,0
DA:291,0
DA:299,1
DA:302,0
DA:304,0
DA:308,0
DA:309,0
DA:310,0
DA:311,0
DA:318,0
DA:319,0
DA:320,0
DA:321,0
DA:323,0
DA:328,0
DA:330,0
DA:332,0
DA:341,1
DA:344,0
DA:346,0
DA:350,0
DA:351,0
DA:352,0
DA:353,0
DA:360,0
DA:361,0
DA:362,0
DA:363,0
DA:365,0
DA:370,0
DA:372,0
DA:374,0
LF:99
LH:34
BRDA:49,0,0,3
BRDA:49,0,1,3
BRDA:50,1,0,3
BRDA:50,1,1,3
BRDA:65,2,0,0
BRDA:68,3,0,0
BRDA:68,3,1,0
BRDA:108,4,0,0
BRDA:112,5,0,0
BRDA:112,6,0,0
BRDA:112,6,1,0
BRDA:126,7,0,0
BRDA:130,8,0,0
BRDA:130,9,0,0
BRDA:130,9,1,0
BRDA:214,10,0,0
BRDA:309,11,0,0
BRDA:310,12,0,0
BRDA:318,13,0,0
BRDA:351,14,0,0
BRDA:352,15,0,0
BRDA:360,16,0,0
BRF:22
BRH:4
end_of_record
TN:
SF:src\routes\my-vehicle-routes.ts
FN:76,(anonymous_13)
FN:76,(anonymous_14)
FN:99,(anonymous_16)
FN:99,(anonymous_17)
FN:121,(anonymous_19)
FN:121,(anonymous_20)
FN:143,(anonymous_22)
FN:143,(anonymous_23)
FN:164,(anonymous_25)
FN:164,(anonymous_26)
FN:186,(anonymous_28)
FN:186,(anonymous_29)
FN:208,(anonymous_31)
FN:208,(anonymous_32)
FN:227,(anonymous_34)
FN:227,(anonymous_35)
FN:245,(anonymous_37)
FN:245,(anonymous_38)
FN:252,(anonymous_40)
FN:297,(anonymous_41)
FN:297,(anonymous_42)
FN:303,(anonymous_44)
FNF:22
FNH:0
FNDA:0,(anonymous_13)
FNDA:0,(anonymous_14)
FNDA:0,(anonymous_16)
FNDA:0,(anonymous_17)
FNDA:0,(anonymous_19)
FNDA:0,(anonymous_20)
FNDA:0,(anonymous_22)
FNDA:0,(anonymous_23)
FNDA:0,(anonymous_25)
FNDA:0,(anonymous_26)
FNDA:0,(anonymous_28)
FNDA:0,(anonymous_29)
FNDA:0,(anonymous_31)
FNDA:0,(anonymous_32)
FNDA:0,(anonymous_34)
FNDA:0,(anonymous_35)
FNDA:0,(anonymous_37)
FNDA:0,(anonymous_38)
FNDA:0,(anonymous_40)
FNDA:0,(anonymous_41)
FNDA:0,(anonymous_42)
FNDA:0,(anonymous_44)
DA:1,0
DA:2,0
DA:5,0
DA:6,0
DA:7,0
DA:8,0
DA:13,0
DA:16,0
DA:69,0
DA:72,0
DA:76,0
DA:78,0
DA:80,0
DA:81,0
DA:86,0
DA:95,0
DA:99,0
DA:101,0
DA:103,0
DA:104,0
DA:108,0
DA:117,0
DA:121,0
DA:123,0
DA:125,0
DA:126,0
DA:130,0
DA:140,0
DA:143,0
DA:145,0
DA:147,0
DA:148,0
DA:152,0
DA:161,0
DA:164,0
DA:166,0
DA:168,0
DA:169,0
DA:173,0
DA:183,0
DA:186,0
DA:188,0
DA:190,0
DA:191,0
DA:195,0
DA:204,0
DA:208,0
DA:209,0
DA:211,0
DA:212,0
DA:214,0
DA:223,0
DA:227,0
DA:229,0
DA:230,0
DA:232,0
DA:242,0
DA:245,0
DA:246,0
DA:248,0
DA:250,0
DA:251,0
DA:252,0
DA:253,0
DA:254,0
DA:256,0
DA:265,0
DA:266,0
DA:270,0
DA:271,0
DA:279,0
DA:286,0
DA:295,0
DA:297,0
DA:298,0
DA:301,0
DA:302,0
DA:303,0
DA:304,0
DA:306,0
LF:80
LH:0
BRDA:265,0,0,0
BRDA:265,0,1,0
BRDA:248,1,0,0
BRDA:251,2,0,0
BRDA:253,3,0,0
BRDA:253,3,1,0
BRDA:270,4,0,0
BRF:7
BRH:0
end_of_record
TN:
SF:src\routes\user-routes.ts
FN:92,(anonymous_19)
FN:92,(anonymous_20)
FN:118,(anonymous_22)
FN:118,(anonymous_23)
FN:144,(anonymous_25)
FN:144,(anonymous_26)
FN:176,(anonymous_28)
FN:176,(anonymous_29)
FN:196,(anonymous_31)
FN:196,(anonymous_32)
FN:226,(anonymous_34)
FN:226,(anonymous_35)
FN:254,(anonymous_37)
FN:254,(anonymous_38)
FN:284,(anonymous_40)
FN:284,(anonymous_41)
FNF:16
FNH:2
FNDA:0,(anonymous_19)
FNDA:0,(anonymous_20)
FNDA:0,(anonymous_22)
FNDA:0,(anonymous_23)
FNDA:0,(anonymous_25)
FNDA:0,(anonymous_26)
FNDA:0,(anonymous_28)
FNDA:0,(anonymous_29)
FNDA:0,(anonymous_31)
FNDA:0,(anonymous_32)
FNDA:0,(anonymous_34)
FNDA:0,(anonymous_35)
FNDA:0,(anonymous_37)
FNDA:0,(anonymous_38)
FNDA:2,(anonymous_40)
FNDA:2,(anonymous_41)
DA:1,1
DA:2,1
DA:3,1
DA:5,1
DA:6,1
DA:7,1
DA:8,1
DA:13,1
DA:14,1
DA:86,1
DA:88,1
DA:92,0
DA:94,0
DA:96,0
DA:97,0
DA:105,0
DA:114,1
DA:118,0
DA:120,0
DA:121,0
DA:123,0
DA:124,0
DA:125,0
DA:130,0
DA:140,1
DA:144,0
DA:146,0
DA:147,0
DA:149,0
DA:150,0
DA:151,0
DA:154,0
DA:156,0
DA:161,0
DA:172,1
DA:176,0
DA:177,0
DA:179,0
DA:180,0
DA:182,0
DA:192,1
DA:196,0
DA:197,0
DA:199,0
DA:201,0
DA:203,0
DA:204,0
DA:206,0
DA:213,0
DA:222,1
DA:226,0
DA:227,0
DA:228,0
DA:229,0
DA:231,0
DA:232,0
DA:234,0
DA:241,0
DA:250,1
DA:254,0
DA:255,0
DA:256,0
DA:257,0
DA:259,0
DA:260,0
DA:261,0
DA:263,0
DA:270,0
DA:280,1
DA:284,2
DA:285,2
DA:286,2
DA:287,2
DA:289,3
DA:290,2
DA:291,1
DA:296,2
DA:297,1
DA:303,0
DA:304,0
DA:312,0
DA:319,0
LF:82
LH:27
BRDA:156,0,0,0
BRDA:151,1,0,0
BRDA:213,2,0,0
BRDA:201,3,0,0
BRDA:241,4,0,0
BRDA:229,5,0,0
BRDA:270,6,0,0
BRDA:257,7,0,0
BRDA:296,8,0,1
BRDA:296,8,1,0
BRDA:287,9,0,0
BRDA:289,10,0,1
BRDA:303,11,0,0
BRF:13
BRH:2
end_of_record
TN:
SF:src\routes\utils\date-utils.ts
FN:5,(anonymous_0)
FN:9,(anonymous_1)
FNF:2
FNH:1
FNDA:1,(anonymous_0)
FNDA:0,(anonymous_1)
DA:5,1
DA:6,1
DA:9,1
DA:10,0
LF:4
LH:3
BRF:0
BRH:0
end_of_record
TN:
SF:src\routes\utils\param-checking.ts
FN:18,(anonymous_0)
FN:47,(anonymous_1)
FN:72,(anonymous_2)
FNF:3
FNH:1
FNDA:0,(anonymous_0)
FNDA:3,(anonymous_1)
FNDA:0,(anonymous_2)
DA:2,1
DA:5,1
DA:18,1
DA:19,0
DA:20,0
DA:21,0
DA:23,0
DA:24,0
DA:31,0
DA:32,0
DA:34,0
DA:47,1
DA:48,3
DA:49,3
DA:50,3
DA:51,2
DA:53,1
DA:72,1
DA:73,0
DA:74,0
DA:75,0
DA:77,0
LF:22
LH:10
BRDA:20,0,0,0
BRDA:20,0,1,0
BRDA:21,1,0,0
BRDA:21,1,1,0
BRDA:23,2,0,0
BRDA:23,3,0,0
BRDA:23,3,1,0
BRF:7
BRH:0
end_of_record
TN:
SF:src\routes\utils\register-routes.ts
FN:6,(anonymous_0)
FNF:1
FNH:1
FNDA:1,(anonymous_0)
DA:2,1
DA:3,1
DA:4,1
DA:6,1
DA:7,1
DA:8,1
LF:6
LH:6
BRF:0
BRH:0
end_of_record
